[WARNING ORD-0039] .openroad ignored with -python
Top-level design name: state_machine
Block boundaries: 0 0 145000 50000
Horizontal Tracks Origin: 340, Count: 73, Step: 680
Vertical Tracks Origin: 230, Count: 315, Step: 460
Placement details for the N side
Virtual pin count:  0
Actual pin count:  15
Total pin count:  15
Tracks count:  315
Tracks per pin:  21
Used tracks count:  295
Unused track count:  20
Starting track index:  10
Placement details for the E side
Virtual pin count:  0
Actual pin count:  23
Total pin count:  23
Tracks count:  37
Tracks per pin:  1
Used tracks count:  23
Unused track count:  14
Starting track index:  7
Placement details for the W side
Virtual pin count:  0
Actual pin count:  23
Total pin count:  23
Tracks count:  37
Tracks per pin:  1
Used tracks count:  23
Unused track count:  14
Starting track index:  7
Placement details for the S side
Virtual pin count:  0
Actual pin count:  24
Total pin count:  24
Tracks count:  315
Tracks per pin:  13
Used tracks count:  300
Unused track count:  15
Starting track index:  7
