Reading OpenROAD database at '/Users/ricardonunes/Desktop/SAR_ADC_12b/SAR_ADC_12bit/state_machine/openlane/runs/RUN_2024-04-14_20-24-43/24-odb-customioplacement/state_machine.odb'…
Reading library file at '/Users/ricardonunes/.volare/volare/sky130/versions/bdc9412b3e468c102d01b7cf6337be06ec6e9c9a/sky130A/libs.ref/sky130_fd_sc_hd/lib/sky130_fd_sc_hd__tt_025C_1v80.lib'…
Reading design constraints file at '/nix/store/xhwkk1nyrhfgxgb87jl3m1gz0fbr8vi4-python3-3.11.6-env/lib/python3.11/site-packages/openlane/scripts/base.sdc'…
[WARNING STA-0337] port '__VIRTUAL_CLK__' not found.
[INFO] Using clock __VIRTUAL_CLK__…
[INFO] Setting output delay to: 2
[INFO] Setting input delay to: 2
[WARNING STA-0337] port '__VIRTUAL_CLK__' not found.
[INFO] Setting load to: 0.033442
[INFO] Setting clock uncertainty to: 0.25
[INFO] Setting clock transition to: 0.1499999999999999944488848768742172978818416595458984375
[WARNING STA-0559] transition time can not be specified for virtual clocks.
[INFO] Setting timing derate to: 5%
[INFO] Setting RC values…
[INFO] Setting signal min routing layer to: met1 and clock min routing layer to met1. 
[INFO] Setting signal max routing layer to: met4 and clock max routing layer to met4. 
{*}-density 0.857732 -timing_driven -routability_driven -pad_right 0 -pad_left 0 -init_wirelength_coef 0.25
[INFO GPL-0002] DBU: 1000
[INFO GPL-0003] SiteSize: 460 2720
[INFO GPL-0004] CoreAreaLxLy: 5520 10880
[INFO GPL-0005] CoreAreaUxUy: 139380 38080
[INFO GPL-0006] NumInstances: 352
[INFO GPL-0007] NumPlaceInstances: 272
[INFO GPL-0008] NumFixedInstances: 80
[INFO GPL-0009] NumDummyInstances: 0
[INFO GPL-0010] NumNets: 297
[INFO GPL-0011] NumPins: 1094
[INFO GPL-0012] DieAreaLxLy: 0 0
[INFO GPL-0013] DieAreaUxUy: 145000 50000
[INFO GPL-0014] CoreAreaLxLy: 5520 10880
[INFO GPL-0015] CoreAreaUxUy: 139380 38080
[INFO GPL-0016] CoreArea: 3640992000
[INFO GPL-0017] NonPlaceInstsArea: 150144000
[INFO GPL-0018] PlaceInstsArea: 2683824000
[INFO GPL-0019] Util(%): 76.88
[INFO GPL-0020] StdInstsArea: 2683824000
[INFO GPL-0021] MacroInstsArea: 0
[InitialPlace]  Iter: 1 CG residual: 0.00000011 HPWL: 12508377
[InitialPlace]  Iter: 2 CG residual: 0.00000011 HPWL: 8616599
[InitialPlace]  Iter: 3 CG residual: 0.00000006 HPWL: 8624334
[InitialPlace]  Iter: 4 CG residual: 0.00000008 HPWL: 8627052
[InitialPlace]  Iter: 5 CG residual: 0.00000010 HPWL: 8629702
[INFO GPL-0031] FillerInit: NumGCells: 305
[INFO GPL-0032] FillerInit: NumGNets: 297
[INFO GPL-0033] FillerInit: NumGPins: 1094
[INFO GPL-0023] TargetDensity: 0.86
[INFO GPL-0024] AveragePlaceInstArea: 9867000
[INFO GPL-0025] IdealBinArea: 11503593
[INFO GPL-0026] IdealBinCnt: 316
[INFO GPL-0027] TotalBinArea: 3640992000
[INFO GPL-0028] BinCnt: 32 8
[INFO GPL-0029] BinSize: 4184 3400
[INFO GPL-0030] NumBins: 256
[NesterovSolve] Iter: 1 overflow: 0.772006 HPWL: 8009046
[INFO GPL-0100] worst slack 4.29e-09
[INFO GPL-0103] Weighted 29 nets.
[NesterovSolve] Iter: 10 overflow: 0.655066 HPWL: 8057029
[NesterovSolve] Iter: 20 overflow: 0.652943 HPWL: 8049597
[NesterovSolve] Iter: 30 overflow: 0.653597 HPWL: 8044422
[NesterovSolve] Iter: 40 overflow: 0.653848 HPWL: 8046576
[NesterovSolve] Iter: 50 overflow: 0.653045 HPWL: 8044791
[NesterovSolve] Iter: 60 overflow: 0.653158 HPWL: 8046062
[NesterovSolve] Iter: 70 overflow: 0.653136 HPWL: 8045667
[NesterovSolve] Iter: 80 overflow: 0.65291 HPWL: 8045317
[NesterovSolve] Iter: 90 overflow: 0.65276 HPWL: 8045630
[NesterovSolve] Iter: 100 overflow: 0.65258 HPWL: 8045670
[NesterovSolve] Iter: 110 overflow: 0.652332 HPWL: 8046225
[NesterovSolve] Iter: 120 overflow: 0.65172 HPWL: 8046865
[NesterovSolve] Iter: 130 overflow: 0.650787 HPWL: 8049642
[NesterovSolve] Iter: 140 overflow: 0.649413 HPWL: 8054285
[NesterovSolve] Iter: 150 overflow: 0.646998 HPWL: 8059086
[NesterovSolve] Iter: 160 overflow: 0.642798 HPWL: 8063637
[NesterovSolve] Iter: 170 overflow: 0.636384 HPWL: 8072451
[INFO GPL-0100] worst slack 4.3e-09
[INFO GPL-0103] Weighted 29 nets.
[NesterovSolve] Iter: 180 overflow: 0.626619 HPWL: 8083549
[NesterovSolve] Iter: 190 overflow: 0.609776 HPWL: 8095811
[NesterovSolve] Snapshot saved at iter = 195
[NesterovSolve] Iter: 200 overflow: 0.59113 HPWL: 8124711
[NesterovSolve] Iter: 210 overflow: 0.562021 HPWL: 8159707
[NesterovSolve] Iter: 220 overflow: 0.527581 HPWL: 8198833
[NesterovSolve] Iter: 230 overflow: 0.483747 HPWL: 8265226
[INFO GPL-0100] worst slack 4.23e-09
[INFO GPL-0103] Weighted 28 nets.
[NesterovSolve] Iter: 240 overflow: 0.443369 HPWL: 8347757
[NesterovSolve] Iter: 250 overflow: 0.385382 HPWL: 8460698
[NesterovSolve] Iter: 260 overflow: 0.332294 HPWL: 8521154
[NesterovSolve] Iter: 270 overflow: 0.297194 HPWL: 8567638
[INFO GPL-0100] worst slack 4.22e-09
[INFO GPL-0103] Weighted 25 nets.
[NesterovSolve] Iter: 280 overflow: 0.260985 HPWL: 8605959
[NesterovSolve] Iter: 290 overflow: 0.223915 HPWL: 8617677
[INFO GPL-0100] worst slack 4.26e-09
[INFO GPL-0103] Weighted 29 nets.
[INFO GPL-0075] Routability numCall: 1 inflationIterCnt: 1 bloatIterCnt: 0
[INFO GPL-0036] TileLxLy: 0 0
[INFO GPL-0037] TileSize: 6900 6900
[INFO GPL-0038] TileCnt: 21 7
[INFO GPL-0039] numRoutingLayers: 6
[INFO GPL-0040] NumTiles: 147
[INFO GPL-0063] TotalRouteOverflowH2: 0.20000004768371582
[INFO GPL-0064] TotalRouteOverflowV2: 0
[INFO GPL-0065] OverflowTileCnt2: 2
[INFO GPL-0066] 0.5%RC: 1.100000023841858
[INFO GPL-0067] 1.0%RC: 1.0666666825612385
[INFO GPL-0068] 2.0%RC: 1.0333333412806194
[INFO GPL-0069] 5.0%RC: 1.014285717691694
[INFO GPL-0070] 0.5rcK: 1
[INFO GPL-0071] 1.0rcK: 1
[INFO GPL-0072] 2.0rcK: 0
[INFO GPL-0073] 5.0rcK: 0
[INFO GPL-0074] FinalRC: 1.0833334
[NesterovSolve] Iter: 300 overflow: 0.193214 HPWL: 8629009
[NesterovSolve] Iter: 310 overflow: 0.16764 HPWL: 8662633
[NesterovSolve] Iter: 320 overflow: 0.150117 HPWL: 8679912
[INFO GPL-0100] worst slack 4.22e-09
[INFO GPL-0103] Weighted 29 nets.
[NesterovSolve] Iter: 330 overflow: 0.120247 HPWL: 8698545
[NesterovSolve] Iter: 340 overflow: 0.105765 HPWL: 8719403
[NesterovSolve] Finished with Overflow: 0.099555
[INFO] Setting RC values…
Setting global connections for newly added cells…
[INFO] Setting global connections...
Writing OpenROAD database to '/Users/ricardonunes/Desktop/SAR_ADC_12b/SAR_ADC_12bit/state_machine/openlane/runs/RUN_2024-04-14_20-24-43/26-openroad-globalplacement/state_machine.odb'…
Writing netlist to '/Users/ricardonunes/Desktop/SAR_ADC_12b/SAR_ADC_12bit/state_machine/openlane/runs/RUN_2024-04-14_20-24-43/26-openroad-globalplacement/state_machine.nl.v'…
Writing powered netlist to '/Users/ricardonunes/Desktop/SAR_ADC_12b/SAR_ADC_12bit/state_machine/openlane/runs/RUN_2024-04-14_20-24-43/26-openroad-globalplacement/state_machine.pnl.v'…
Writing layout to '/Users/ricardonunes/Desktop/SAR_ADC_12b/SAR_ADC_12bit/state_machine/openlane/runs/RUN_2024-04-14_20-24-43/26-openroad-globalplacement/state_machine.def'…
Writing timing constraints to '/Users/ricardonunes/Desktop/SAR_ADC_12b/SAR_ADC_12bit/state_machine/openlane/runs/RUN_2024-04-14_20-24-43/26-openroad-globalplacement/state_machine.sdc'…
