
===========================================================================
report_checks -unconstrained
===========================================================================
======================= nom_ss_100C_1v60 Corner ===================================

Startpoint: vin_p_sw_on (input port clocked by __VIRTUAL_CLK__)
Endpoint: vref_z_p_o[4] (output port clocked by __VIRTUAL_CLK__)
Path Group: __VIRTUAL_CLK__
Path Type: max

Fanout         Cap        Slew       Delay        Time   Description
---------------------------------------------------------------------------------------------
                      0.000000    0.000000    0.000000   clock __VIRTUAL_CLK__ (rise edge)
                                  0.000000    0.000000   clock network delay (ideal)
                                  2.000000    2.000000 v input external delay
     1    0.004707    0.025956    0.015248    2.015248 v vin_p_sw_on (in)
                                                         vin_p_sw_on (net)
                      0.025957    0.000000    2.015248 v input25/A (sky130_fd_sc_hd__buf_1)
     1    0.026916    0.307164    0.335690    2.350938 v input25/X (sky130_fd_sc_hd__buf_1)
                                                         net25 (net)
                      0.307169    0.001012    2.351950 v _210_/B (sky130_fd_sc_hd__nor3_1)
     2    0.008669    0.507964    0.579678    2.931628 ^ _210_/Y (sky130_fd_sc_hd__nor3_1)
                                                         net39 (net)
                      0.507964    0.000373    2.932001 ^ fanout98/A (sky130_fd_sc_hd__clkbuf_4)
    10    0.060075    0.293840    0.607103    3.539104 ^ fanout98/X (sky130_fd_sc_hd__clkbuf_4)
                                                         net98 (net)
                      0.293887    0.003079    3.542183 ^ _211_/B (sky130_fd_sc_hd__and2_1)
     2    0.015852    0.262581    0.450847    3.993030 ^ _211_/X (sky130_fd_sc_hd__and2_1)
                                                         _058_ (net)
                      0.262581    0.000207    3.993237 ^ fanout95/A (sky130_fd_sc_hd__buf_2)
    10    0.039753    0.313533    0.459345    4.452582 ^ fanout95/X (sky130_fd_sc_hd__buf_2)
                                                         net95 (net)
                      0.313542    0.001427    4.454009 ^ _223_/A (sky130_fd_sc_hd__nor2_1)
     2    0.006432    0.103514    0.203059    4.657069 v _223_/Y (sky130_fd_sc_hd__nor2_1)
                                                         _066_ (net)
                      0.103515    0.000183    4.657251 v _290_/A (sky130_fd_sc_hd__or3_1)
     1    0.010453    0.215998    0.963839    5.621090 v _290_/X (sky130_fd_sc_hd__or3_1)
                                                         net67 (net)
                      0.215999    0.000418    5.621508 v output67/A (sky130_fd_sc_hd__buf_2)
     1    0.034636    0.167452    0.415839    6.037348 v output67/X (sky130_fd_sc_hd__buf_2)
                                                         vref_z_p_o[4] (net)
                      0.167457    0.000789    6.038136 v vref_z_p_o[4] (out)
                                              6.038136   data arrival time

                      0.000000   10.000000   10.000000   clock __VIRTUAL_CLK__ (rise edge)
                                  0.000000   10.000000   clock network delay (ideal)
                                 -0.250000    9.750000   clock uncertainty
                                  0.000000    9.750000   clock reconvergence pessimism
                                 -2.000000    7.750000   output external delay
                                              7.750000   data required time
---------------------------------------------------------------------------------------------
                                              7.750000   data required time
                                             -6.038136   data arrival time
---------------------------------------------------------------------------------------------
                                              1.711864   slack (MET)




===========================================================================
report_checks --slack_max -0.01
============================================================================
======================= nom_ss_100C_1v60 Corner ===================================

No paths found.


===========================================================================
 report_check_types -max_slew -max_cap -max_fanout -violators
============================================================================
======================= nom_ss_100C_1v60 Corner ===================================

max slew

Pin                                        Limit        Slew       Slack
------------------------------------------------------------------------
output38/A                              0.750000    0.865370   -0.115370 (VIOLATED)
_347_/Y                                 0.750000    0.865368   -0.115368 (VIOLATED)
output63/A                              0.750000    0.790341   -0.040341 (VIOLATED)
_301_/Y                                 0.750000    0.790339   -0.040339 (VIOLATED)
output85/A                              0.750000    0.756641   -0.006641 (VIOLATED)
_280_/Y                                 0.750000    0.756639   -0.006639 (VIOLATED)

max fanout

Pin                                   Limit Fanout  Slack
---------------------------------------------------------
_302_/Y                                  10     11        (VIOLATED)



===========================================================================
report_parasitic_annotation -report_unannotated
============================================================================
Found 0 unannotated drivers.
Found 0 partially unannotated drivers.

===========================================================================
max slew violation count 6
max fanout violation count 1
max cap violation count 0
============================================================================

===========================================================================
check_setup -verbose -unconstrained_endpoints -multiple_clock -no_clock -no_input_delay -loops -generated_clocks
===========================================================================
Warning: There are 28 unclocked register/latch pins.
  _413_/CLK
  _414_/CLK
  _415_/CLK
  _416_/CLK
  _417_/CLK
  _418_/CLK
  _419_/CLK
  _420_/CLK
  _421_/CLK
  _422_/CLK
  _423_/CLK
  _424_/CLK
  _425_/CLK
  _426_/CLK
  _427_/CLK
  _428_/CLK
  _429_/CLK
  _430_/CLK
  _431_/CLK
  _432_/CLK
  _433_/CLK
  _434_/CLK
  _435_/CLK
  _436_/CLK
  _437_/CLK
  _438_/CLK
  _439_/CLK
  _440_/CLK
Warning: There are 36 unconstrained endpoints.
  clk_data
  data[0]
  data[1]
  data[2]
  data[3]
  data[4]
  data[5]
  en_vcm_sw_o
  _413_/D
  _414_/D
  _415_/D
  _416_/D
  _417_/D
  _418_/D
  _419_/D
  _420_/D
  _421_/D
  _422_/D
  _423_/D
  _424_/D
  _425_/D
  _426_/D
  _427_/D
  _428_/D
  _429_/D
  _430_/D
  _431_/D
  _432_/D
  _433_/D
  _434_/D
  _435_/D
  _436_/D
  _437_/D
  _438_/D
  _439_/D
  _440_/D
