Starting…
Running 'Verilator.Lint'… (Log: [link=file:///Users/ricardonunes/Desktop/SAR_ADC_12b/SAR_ADC_12bit/state_machine/openlane_backup/runs/RUN_2024-04-06_20-42-48/01-verilator-lint/verilator-lint.log]/Users/ricardonunes/Desktop/SAR_ADC_12b/SAR_ADC_12bit/state_machine/openlane_backup/runs/RUN_2024-04-06_20-42-48/01-verilator-lint/verilator-lint.log[/link])
Running 'Checker.LintTimingConstructs'… (Log: [link=file:///Users/ricardonunes/Desktop/SAR_ADC_12b/SAR_ADC_12bit/state_machine/openlane_backup/runs/RUN_2024-04-06_20-42-48/02-checker-linttimingconstructs/checker-linttimingconstructs.log]/Users/ricardonunes/Desktop/SAR_ADC_12b/SAR_ADC_12bit/state_machine/openlane_backup/runs/RUN_2024-04-06_20-42-48/02-checker-linttimingconstructs/checker-linttimingconstructs.log[/link])
Check for Lint Timing Errors clear.
Running 'Checker.LintErrors'… (Log: [link=file:///Users/ricardonunes/Desktop/SAR_ADC_12b/SAR_ADC_12bit/state_machine/openlane_backup/runs/RUN_2024-04-06_20-42-48/03-checker-linterrors/checker-linterrors.log]/Users/ricardonunes/Desktop/SAR_ADC_12b/SAR_ADC_12bit/state_machine/openlane_backup/runs/RUN_2024-04-06_20-42-48/03-checker-linterrors/checker-linterrors.log[/link])
Check for Lint errors clear.
Running 'Checker.LintWarnings'… (Log: [link=file:///Users/ricardonunes/Desktop/SAR_ADC_12b/SAR_ADC_12bit/state_machine/openlane_backup/runs/RUN_2024-04-06_20-42-48/04-checker-lintwarnings/checker-lintwarnings.log]/Users/ricardonunes/Desktop/SAR_ADC_12b/SAR_ADC_12bit/state_machine/openlane_backup/runs/RUN_2024-04-06_20-42-48/04-checker-lintwarnings/checker-lintwarnings.log[/link])
1240 Lint warnings found.
Running 'Yosys.JsonHeader'… (Log: [link=file:///Users/ricardonunes/Desktop/SAR_ADC_12b/SAR_ADC_12bit/state_machine/openlane_backup/runs/RUN_2024-04-06_20-42-48/05-yosys-jsonheader/yosys-jsonheader.log]/Users/ricardonunes/Desktop/SAR_ADC_12b/SAR_ADC_12bit/state_machine/openlane_backup/runs/RUN_2024-04-06_20-42-48/05-yosys-jsonheader/yosys-jsonheader.log[/link])
Running 'Yosys.Synthesis'… (Log: [link=file:///Users/ricardonunes/Desktop/SAR_ADC_12b/SAR_ADC_12bit/state_machine/openlane_backup/runs/RUN_2024-04-06_20-42-48/06-yosys-synthesis/yosys-synthesis.log]/Users/ricardonunes/Desktop/SAR_ADC_12b/SAR_ADC_12bit/state_machine/openlane_backup/runs/RUN_2024-04-06_20-42-48/06-yosys-synthesis/yosys-synthesis.log[/link])
Running 'Checker.YosysUnmappedCells'… (Log: [link=file:///Users/ricardonunes/Desktop/SAR_ADC_12b/SAR_ADC_12bit/state_machine/openlane_backup/runs/RUN_2024-04-06_20-42-48/07-checker-yosysunmappedcells/checker-yosysunmappedcells.log]/Users/ricardonunes/Desktop/SAR_ADC_12b/SAR_ADC_12bit/state_machine/openlane_backup/runs/RUN_2024-04-06_20-42-48/07-checker-yosysunmappedcells/checker-yosysunmappedcells.log[/link])
Check for Unmapped Yosys instances clear.
Running 'Checker.YosysSynthChecks'… (Log: [link=file:///Users/ricardonunes/Desktop/SAR_ADC_12b/SAR_ADC_12bit/state_machine/openlane_backup/runs/RUN_2024-04-06_20-42-48/08-checker-yosyssynthchecks/checker-yosyssynthchecks.log]/Users/ricardonunes/Desktop/SAR_ADC_12b/SAR_ADC_12bit/state_machine/openlane_backup/runs/RUN_2024-04-06_20-42-48/08-checker-yosyssynthchecks/checker-yosyssynthchecks.log[/link])
Check for Yosys check errors clear.
Running 'OpenROAD.CheckSDCFiles'… (Log: [link=file:///Users/ricardonunes/Desktop/SAR_ADC_12b/SAR_ADC_12bit/state_machine/openlane_backup/runs/RUN_2024-04-06_20-42-48/09-openroad-checksdcfiles/openroad-checksdcfiles.log]/Users/ricardonunes/Desktop/SAR_ADC_12b/SAR_ADC_12bit/state_machine/openlane_backup/runs/RUN_2024-04-06_20-42-48/09-openroad-checksdcfiles/openroad-checksdcfiles.log[/link])
'PNR_SDC_FILE' is not defined. Using generic fallback SDC for OpenROAD PnR steps.
'SIGNOFF_SDC_FILE' is not defined. Using generic fallback SDC for OpenROAD PnR steps.
Running 'OpenROAD.CheckMacroInstances'… (Log: [link=file:///Users/ricardonunes/Desktop/SAR_ADC_12b/SAR_ADC_12bit/state_machine/openlane_backup/runs/RUN_2024-04-06_20-42-48/10-openroad-checkmacroinstances/openroad-checkmacroinstances.log]/Users/ricardonunes/Desktop/SAR_ADC_12b/SAR_ADC_12bit/state_machine/openlane_backup/runs/RUN_2024-04-06_20-42-48/10-openroad-checkmacroinstances/openroad-checkmacroinstances.log[/link])
No macros found, skipping instance check…
Running 'OpenROAD.STAPrePNR'… (Log: [link=file:///Users/ricardonunes/Desktop/SAR_ADC_12b/SAR_ADC_12bit/state_machine/openlane_backup/runs/RUN_2024-04-06_20-42-48/11-openroad-staprepnr/openroad-staprepnr.log]/Users/ricardonunes/Desktop/SAR_ADC_12b/SAR_ADC_12bit/state_machine/openlane_backup/runs/RUN_2024-04-06_20-42-48/11-openroad-staprepnr/openroad-staprepnr.log[/link])
Running 'OpenROAD.Floorplan'… (Log: [link=file:///Users/ricardonunes/Desktop/SAR_ADC_12b/SAR_ADC_12bit/state_machine/openlane_backup/runs/RUN_2024-04-06_20-42-48/12-openroad-floorplan/openroad-floorplan.log]/Users/ricardonunes/Desktop/SAR_ADC_12b/SAR_ADC_12bit/state_machine/openlane_backup/runs/RUN_2024-04-06_20-42-48/12-openroad-floorplan/openroad-floorplan.log[/link])
