[INFO PSM-0022] Using 1.800V for VDD
[INFO PSM-0076] Setting metal node density to be standard cell height times 5.
[INFO PSM-0031] Number of PDN nodes on net VDD = 97.
[INFO PSM-0064] Number of voltage sources = 1.
[INFO PSM-0040] All PDN stripes on net VDD are connected.
########## IR report #################
Corner: nom_tt_025C_1v80
Worstcase voltage: 1.80e+00 V
Average IR drop  : 2.12e-04 V
Worstcase IR drop: 8.09e-04 V
######################################
[INFO PSM-0022] Using 0.000V for VSS
[INFO PSM-0076] Setting metal node density to be standard cell height times 5.
[INFO PSM-0031] Number of PDN nodes on net VSS = 116.
[INFO PSM-0064] Number of voltage sources = 1.
[INFO PSM-0040] All PDN stripes on net VSS are connected.
########## IR report #################
Corner: nom_tt_025C_1v80
Worstcase voltage: 6.36e-04 V
Average IR drop  : 1.74e-04 V
Worstcase IR drop: 6.36e-04 V
######################################
