
===========================================================================
report_checks -unconstrained
===========================================================================
======================= min_ss_100C_1v60 Corner ===================================

Startpoint: vin_p_sw_on (input port clocked by __VIRTUAL_CLK__)
Endpoint: vref_z_p_o[4] (output port clocked by __VIRTUAL_CLK__)
Path Group: __VIRTUAL_CLK__
Path Type: max

Fanout         Cap        Slew       Delay        Time   Description
---------------------------------------------------------------------------------------------
                      0.000000    0.000000    0.000000   clock __VIRTUAL_CLK__ (rise edge)
                                  0.000000    0.000000   clock network delay (ideal)
                                  2.000000    2.000000 v input external delay
     1    0.004466    0.024997    0.014460    2.014460 v vin_p_sw_on (in)
                                                         vin_p_sw_on (net)
                      0.024997    0.000000    2.014460 v input25/A (sky130_fd_sc_hd__buf_1)
     1    0.023877    0.274070    0.311538    2.325999 v input25/X (sky130_fd_sc_hd__buf_1)
                                                         net25 (net)
                      0.274071    0.000467    2.326466 v _210_/B (sky130_fd_sc_hd__nor3_1)
     2    0.008166    0.501458    0.550261    2.876726 ^ _210_/Y (sky130_fd_sc_hd__nor3_1)
                                                         net39 (net)
                      0.501458    0.000191    2.876918 ^ fanout98/A (sky130_fd_sc_hd__clkbuf_4)
    10    0.057137    0.280618    0.595545    3.472462 ^ fanout98/X (sky130_fd_sc_hd__clkbuf_4)
                                                         net98 (net)
                      0.280629    0.001500    3.473962 ^ _211_/B (sky130_fd_sc_hd__and2_1)
     2    0.014298    0.239634    0.430329    3.904291 ^ _211_/X (sky130_fd_sc_hd__and2_1)
                                                         _058_ (net)
                      0.239634    0.000047    3.904337 ^ fanout95/A (sky130_fd_sc_hd__buf_2)
    10    0.037807    0.298842    0.440581    4.344918 ^ fanout95/X (sky130_fd_sc_hd__buf_2)
                                                         net95 (net)
                      0.298844    0.000655    4.345574 ^ _223_/A (sky130_fd_sc_hd__nor2_1)
     2    0.006079    0.098742    0.195175    4.540749 v _223_/Y (sky130_fd_sc_hd__nor2_1)
                                                         _066_ (net)
                      0.098742    0.000059    4.540808 v _290_/A (sky130_fd_sc_hd__or3_1)
     1    0.009285    0.202880    0.946429    5.487237 v _290_/X (sky130_fd_sc_hd__or3_1)
                                                         net67 (net)
                      0.202880    0.000203    5.487440 v output67/A (sky130_fd_sc_hd__buf_2)
     1    0.034529    0.166879    0.409507    5.896947 v output67/X (sky130_fd_sc_hd__buf_2)
                                                         vref_z_p_o[4] (net)
                      0.166880    0.000306    5.897254 v vref_z_p_o[4] (out)
                                              5.897254   data arrival time

                      0.000000   10.000000   10.000000   clock __VIRTUAL_CLK__ (rise edge)
                                  0.000000   10.000000   clock network delay (ideal)
                                 -0.250000    9.750000   clock uncertainty
                                  0.000000    9.750000   clock reconvergence pessimism
                                 -2.000000    7.750000   output external delay
                                              7.750000   data required time
---------------------------------------------------------------------------------------------
                                              7.750000   data required time
                                             -5.897254   data arrival time
---------------------------------------------------------------------------------------------
                                              1.852746   slack (MET)




===========================================================================
report_checks --slack_max -0.01
============================================================================
======================= min_ss_100C_1v60 Corner ===================================

No paths found.


===========================================================================
 report_check_types -max_slew -max_cap -max_fanout -violators
============================================================================
======================= min_ss_100C_1v60 Corner ===================================

max slew

Pin                                        Limit        Slew       Slack
------------------------------------------------------------------------
_347_/Y                                 0.750000    0.786111   -0.036111 (VIOLATED)
output38/A                              0.750000    0.786111   -0.036111 (VIOLATED)

max fanout

Pin                                   Limit Fanout  Slack
---------------------------------------------------------
_302_/Y                                  10     11        (VIOLATED)



===========================================================================
report_parasitic_annotation -report_unannotated
============================================================================
Found 0 unannotated drivers.
Found 0 partially unannotated drivers.

===========================================================================
max slew violation count 2
max fanout violation count 1
max cap violation count 0
============================================================================

===========================================================================
check_setup -verbose -unconstrained_endpoints -multiple_clock -no_clock -no_input_delay -loops -generated_clocks
===========================================================================
Warning: There are 28 unclocked register/latch pins.
  _413_/CLK
  _414_/CLK
  _415_/CLK
  _416_/CLK
  _417_/CLK
  _418_/CLK
  _419_/CLK
  _420_/CLK
  _421_/CLK
  _422_/CLK
  _423_/CLK
  _424_/CLK
  _425_/CLK
  _426_/CLK
  _427_/CLK
  _428_/CLK
  _429_/CLK
  _430_/CLK
  _431_/CLK
  _432_/CLK
  _433_/CLK
  _434_/CLK
  _435_/CLK
  _436_/CLK
  _437_/CLK
  _438_/CLK
  _439_/CLK
  _440_/CLK
Warning: There are 36 unconstrained endpoints.
  clk_data
  data[0]
  data[1]
  data[2]
  data[3]
  data[4]
  data[5]
  en_vcm_sw_o
  _413_/D
  _414_/D
  _415_/D
  _416_/D
  _417_/D
  _418_/D
  _419_/D
  _420_/D
  _421_/D
  _422_/D
  _423_/D
  _424_/D
  _425_/D
  _426_/D
  _427_/D
  _428_/D
  _429_/D
  _430_/D
  _431_/D
  _432_/D
  _433_/D
  _434_/D
  _435_/D
  _436_/D
  _437_/D
  _438_/D
  _439_/D
  _440_/D
