Reading OpenROAD database at '/Users/ricardonunes/Desktop/SAR_ADC_12b/SAR_ADC_12bit/state_machine/openlane/runs/RUN_2024-04-07_18-29-36/34-openroad-resizertimingpostcts/state_machine.odb'…
Reading library file at '/Users/ricardonunes/.volare/volare/sky130/versions/bdc9412b3e468c102d01b7cf6337be06ec6e9c9a/sky130A/libs.ref/sky130_fd_sc_hd/lib/sky130_fd_sc_hd__tt_025C_1v80.lib'…
Reading design constraints file at '/nix/store/xhwkk1nyrhfgxgb87jl3m1gz0fbr8vi4-python3-3.11.6-env/lib/python3.11/site-packages/openlane/scripts/base.sdc'…
[WARNING STA-0337] port '__VIRTUAL_CLK__' not found.
[INFO] Using clock __VIRTUAL_CLK__…
[INFO] Setting output delay to: 2
[INFO] Setting input delay to: 2
[WARNING STA-0337] port '__VIRTUAL_CLK__' not found.
[INFO] Setting load to: 0.033442
[INFO] Setting clock uncertainty to: 0.25
[INFO] Setting clock transition to: 0.1499999999999999944488848768742172978818416595458984375
[WARNING STA-0559] transition time can not be specified for virtual clocks.
[INFO] Setting timing derate to: 5%
[WARNING STA-0357] virtual clock __VIRTUAL_CLK__ can not be propagated.
[INFO] Setting signal min routing layer to: met1 and clock min routing layer to met1. 
[INFO] Setting signal max routing layer to: met4 and clock max routing layer to met4. 
-congestion_iterations 50 -verbose
[INFO GRT-0020] Min routing layer: met1
[INFO GRT-0021] Max routing layer: met4
[INFO GRT-0022] Global adjustment: 30%
[INFO GRT-0023] Grid origin: (0, 0)
[INFO GRT-0043] No OR_DEFAULT vias defined.
[INFO GRT-0088] Layer li1     Track-Pitch = 0.4600  line-2-Via Pitch: 0.3400
[INFO GRT-0088] Layer met1    Track-Pitch = 0.3400  line-2-Via Pitch: 0.3400
[INFO GRT-0088] Layer met2    Track-Pitch = 0.4600  line-2-Via Pitch: 0.3500
[INFO GRT-0088] Layer met3    Track-Pitch = 0.6800  line-2-Via Pitch: 0.6150
[INFO GRT-0088] Layer met4    Track-Pitch = 0.9200  line-2-Via Pitch: 0.6150
[INFO GRT-0019] Found 0 clock nets.
[INFO GRT-0001] Minimum degree: 2
[INFO GRT-0002] Maximum degree: 13
[INFO GRT-0003] Macros: 0
[INFO GRT-0004] Blockages: 422

[INFO GRT-0053] Routing resources analysis:
          Routing      Original      Derated      Resource
Layer     Direction    Resources     Resources    Reduction (%)
---------------------------------------------------------------
li1        Vertical            0             0          0.00%
met1       Horizontal       3325          1618          51.34%
met2       Vertical         1995          1224          38.65%
met3       Horizontal       1652           978          40.80%
met4       Vertical          931           496          46.72%
---------------------------------------------------------------

[INFO GRT-0197] Via related to pin nodes: 1553
[INFO GRT-0198] Via related Steiner nodes: 27
[INFO GRT-0199] Via filling finished.
[INFO GRT-0111] Final number of vias: 1995
[INFO GRT-0112] Final usage 3D: 7265

[INFO GRT-0096] Final congestion report:
Layer         Resource        Demand        Usage (%)    Max H / Max V / Total Overflow
---------------------------------------------------------------------------------------
li1                  0             0            0.00%             0 /  0 /  0
met1              1618           612           37.82%             0 /  0 /  0
met2              1224           351           28.68%             0 /  0 /  0
met3               978           315           32.21%             0 /  0 /  0
met4               496             2            0.40%             0 /  0 /  0
---------------------------------------------------------------------------------------
Total             4316          1280           29.66%             0 /  0 /  0

[INFO GRT-0018] Total wirelength: 14248 um
[INFO GRT-0014] Routed nets: 315
%OL_CREATE_REPORT antenna.rpt
[INFO GRT-0043] No OR_DEFAULT vias defined.
Net: net108
  Pin: fanout106/A (sky130_fd_sc_hd__clkbuf_2)
    Layer: met2
      Partial area ratio:    3.05
      Required ratio:    0.00 (Gate area) 
      Partial area ratio:   16.09
      Required ratio: 2753.36 (Side area) 
      Cumulative area ratio:    5.20
      Required ratio:    0.00 (Cumulative area) 
      Cumulative area ratio:   27.31
      Required ratio:    0.00 (Cumulative side area) 

    Layer: met1
      Partial area ratio:    2.15
      Required ratio:    0.00 (Gate area) 
      Partial area ratio:   11.22
      Required ratio:  400.00 (Side area) 
      Cumulative area ratio:    2.15
      Required ratio:    0.00 (Cumulative area) 
      Cumulative area ratio:   11.22
      Required ratio:    0.00 (Cumulative side area) 

    Layer: li1
      Partial area ratio:    0.00
      Required ratio:    0.00 (Gate area) 
      Partial area ratio:    0.00
      Required ratio:   75.00 (Side area) 
      Cumulative area ratio:    0.00
      Required ratio:    0.00 (Cumulative area) 
      Cumulative area ratio:    0.00
      Required ratio:    0.00 (Cumulative side area) 

    Via: M1M2_PR
      Partial area ratio:    0.11
      Required ratio:    6.00 (Gate area) 
      Cumulative area ratio:    0.24
      Required ratio:    0.00 (Cumulative area) 

    Via: L1M1_PR
      Partial area ratio:    0.14
      Required ratio:    3.00 (Gate area) 
      Cumulative area ratio:    0.14
      Required ratio:    0.00 (Cumulative area) 

  Pin: _249_/CLK (sky130_fd_sc_hd__dfrtp_1)
    Layer: met2
      Partial area ratio:    3.05
      Required ratio:    0.00 (Gate area) 
      Partial area ratio:   16.09
      Required ratio: 2753.36 (Side area) 
      Cumulative area ratio:    3.20
      Required ratio:    0.00 (Cumulative area) 
      Cumulative area ratio:   17.48
      Required ratio:    0.00 (Cumulative side area) 

    Layer: met1
      Partial area ratio:    0.15
      Required ratio:    0.00 (Gate area) 
      Partial area ratio:    1.39
      Required ratio:  400.00 (Side area) 
      Cumulative area ratio:    0.15
      Required ratio:    0.00 (Cumulative area) 
      Cumulative area ratio:    1.39
      Required ratio:    0.00 (Cumulative side area) 

    Layer: li1
      Partial area ratio:    0.00
      Required ratio:    0.00 (Gate area) 
      Partial area ratio:    0.00
      Required ratio:   75.00 (Side area) 
      Cumulative area ratio:    0.00
      Required ratio:    0.00 (Cumulative area) 
      Cumulative area ratio:    0.00
      Required ratio:    0.00 (Cumulative side area) 

    Via: M1M2_PR
      Partial area ratio:    0.14
      Required ratio:    6.00 (Gate area) 
      Cumulative area ratio:    0.32
      Required ratio:    0.00 (Cumulative area) 

    Via: L1M1_PR
      Partial area ratio:    0.18
      Required ratio:    3.00 (Gate area) 
      Cumulative area ratio:    0.18
      Required ratio:    0.00 (Cumulative area) 

  Pin: _249_/CLK (sky130_fd_sc_hd__dfrtp_1)
    Layer: met2
      Partial area ratio:    3.05
      Required ratio:    0.00 (Gate area) 
      Partial area ratio:   16.09
      Required ratio: 2753.36 (Side area) 
      Cumulative area ratio:    3.20
      Required ratio:    0.00 (Cumulative area) 
      Cumulative area ratio:   17.48
      Required ratio:    0.00 (Cumulative side area) 

    Layer: met1
      Partial area ratio:    0.15
      Required ratio:    0.00 (Gate area) 
      Partial area ratio:    1.39
      Required ratio:  400.00 (Side area) 
      Cumulative area ratio:    0.15
      Required ratio:    0.00 (Cumulative area) 
      Cumulative area ratio:    1.39
      Required ratio:    0.00 (Cumulative side area) 

    Layer: li1
      Partial area ratio:    0.00
      Required ratio:    0.00 (Gate area) 
      Partial area ratio:    0.00
      Required ratio:   75.00 (Side area) 
      Cumulative area ratio:    0.00
      Required ratio:    0.00 (Cumulative area) 
      Cumulative area ratio:    0.00
      Required ratio:    0.00 (Cumulative side area) 

    Via: M1M2_PR
      Partial area ratio:    0.14
      Required ratio:    6.00 (Gate area) 
      Cumulative area ratio:    0.32
      Required ratio:    0.00 (Cumulative area) 

    Via: L1M1_PR
      Partial area ratio:    0.18
      Required ratio:    3.00 (Gate area) 
      Cumulative area ratio:    0.18
      Required ratio:    0.00 (Cumulative area) 

  Pin: _253_/CLK (sky130_fd_sc_hd__dfrtp_4)
    Layer: met2
      Partial area ratio:    3.05
      Required ratio:    0.00 (Gate area) 
      Partial area ratio:   16.09
      Required ratio: 2753.36 (Side area) 
      Cumulative area ratio:    4.16
      Required ratio:    0.00 (Cumulative area) 
      Cumulative area ratio:   22.91
      Required ratio:    0.00 (Cumulative side area) 

    Layer: met1
      Partial area ratio:    0.96
      Required ratio:    0.00 (Gate area) 
      Partial area ratio:    5.44
      Required ratio:  400.00 (Side area) 
      Cumulative area ratio:    0.96
      Required ratio:    0.00 (Cumulative area) 
      Cumulative area ratio:    5.44
      Required ratio:    0.00 (Cumulative side area) 

    Layer: li1
      Partial area ratio:    0.00
      Required ratio:    0.00 (Gate area) 
      Partial area ratio:    0.00
      Required ratio:   75.00 (Side area) 
      Cumulative area ratio:    0.00
      Required ratio:    0.00 (Cumulative area) 
      Cumulative area ratio:    0.00
      Required ratio:    0.00 (Cumulative side area) 

    Via: M1M2_PR
      Partial area ratio:    0.14
      Required ratio:    6.00 (Gate area) 
      Cumulative area ratio:    0.32
      Required ratio:    0.00 (Cumulative area) 

    Via: L1M1_PR
      Partial area ratio:    0.18
      Required ratio:    3.00 (Gate area) 
      Cumulative area ratio:    0.18
      Required ratio:    0.00 (Cumulative area) 

  Pin: _256_/CLK (sky130_fd_sc_hd__dfrtp_4)
    Layer: met2
      Partial area ratio:    3.05
      Required ratio:    0.00 (Gate area) 
      Partial area ratio:   16.09
      Required ratio: 2753.36 (Side area) 
      Cumulative area ratio:    4.10
      Required ratio:    0.00 (Cumulative area) 
      Cumulative area ratio:   22.61
      Required ratio:    0.00 (Cumulative side area) 

    Layer: met1
      Partial area ratio:    0.90
      Required ratio:    0.00 (Gate area) 
      Partial area ratio:    5.13
      Required ratio:  400.00 (Side area) 
      Cumulative area ratio:    0.90
      Required ratio:    0.00 (Cumulative area) 
      Cumulative area ratio:    5.13
      Required ratio:    0.00 (Cumulative side area) 

    Layer: li1
      Partial area ratio:    0.00
      Required ratio:    0.00 (Gate area) 
      Partial area ratio:    0.00
      Required ratio:   75.00 (Side area) 
      Cumulative area ratio:    0.00
      Required ratio:    0.00 (Cumulative area) 
      Cumulative area ratio:    0.00
      Required ratio:    0.00 (Cumulative side area) 

    Via: M1M2_PR
      Partial area ratio:    0.14
      Required ratio:    6.00 (Gate area) 
      Cumulative area ratio:    0.32
      Required ratio:    0.00 (Cumulative area) 

    Via: L1M1_PR
      Partial area ratio:    0.18
      Required ratio:    3.00 (Gate area) 
      Cumulative area ratio:    0.18
      Required ratio:    0.00 (Cumulative area) 

  Pin: _256_/CLK (sky130_fd_sc_hd__dfrtp_4)
    Layer: met2
      Partial area ratio:    3.05
      Required ratio:    0.00 (Gate area) 
      Partial area ratio:   16.09
      Required ratio: 2753.36 (Side area) 
      Cumulative area ratio:    4.10
      Required ratio:    0.00 (Cumulative area) 
      Cumulative area ratio:   22.61
      Required ratio:    0.00 (Cumulative side area) 

    Layer: met1
      Partial area ratio:    0.90
      Required ratio:    0.00 (Gate area) 
      Partial area ratio:    5.13
      Required ratio:  400.00 (Side area) 
      Cumulative area ratio:    0.90
      Required ratio:    0.00 (Cumulative area) 
      Cumulative area ratio:    5.13
      Required ratio:    0.00 (Cumulative side area) 

    Layer: li1
      Partial area ratio:    0.00
      Required ratio:    0.00 (Gate area) 
      Partial area ratio:    0.00
      Required ratio:   75.00 (Side area) 
      Cumulative area ratio:    0.00
      Required ratio:    0.00 (Cumulative area) 
      Cumulative area ratio:    0.00
      Required ratio:    0.00 (Cumulative side area) 

    Via: M1M2_PR
      Partial area ratio:    0.14
      Required ratio:    6.00 (Gate area) 
      Cumulative area ratio:    0.32
      Required ratio:    0.00 (Cumulative area) 

    Via: L1M1_PR
      Partial area ratio:    0.18
      Required ratio:    3.00 (Gate area) 
      Cumulative area ratio:    0.18
      Required ratio:    0.00 (Cumulative area) 

  Pin: _255_/CLK (sky130_fd_sc_hd__dfrtp_1)
    Layer: met2
      Partial area ratio:    3.05
      Required ratio:    0.00 (Gate area) 
      Partial area ratio:   16.09
      Required ratio: 2753.36 (Side area) 
      Cumulative area ratio:    3.70
      Required ratio:    0.00 (Cumulative area) 
      Cumulative area ratio:   20.58
      Required ratio:    0.00 (Cumulative side area) 

    Layer: met1
      Partial area ratio:    0.50
      Required ratio:    0.00 (Gate area) 
      Partial area ratio:    3.10
      Required ratio:  400.00 (Side area) 
      Cumulative area ratio:    0.50
      Required ratio:    0.00 (Cumulative area) 
      Cumulative area ratio:    3.10
      Required ratio:    0.00 (Cumulative side area) 

    Layer: li1
      Partial area ratio:    0.00
      Required ratio:    0.00 (Gate area) 
      Partial area ratio:    0.00
      Required ratio:   75.00 (Side area) 
      Cumulative area ratio:    0.00
      Required ratio:    0.00 (Cumulative area) 
      Cumulative area ratio:    0.00
      Required ratio:    0.00 (Cumulative side area) 

    Via: M1M2_PR
      Partial area ratio:    0.14
      Required ratio:    6.00 (Gate area) 
      Cumulative area ratio:    0.32
      Required ratio:    0.00 (Cumulative area) 

    Via: L1M1_PR
      Partial area ratio:    0.18
      Required ratio:    3.00 (Gate area) 
      Cumulative area ratio:    0.18
      Required ratio:    0.00 (Cumulative area) 

  Pin: fanout105/A (sky130_fd_sc_hd__clkbuf_2)
    Layer: met2
      Partial area ratio:    3.05
      Required ratio:    0.00 (Gate area) 
      Partial area ratio:   16.09
      Required ratio: 2753.36 (Side area) 
      Cumulative area ratio:    5.35
      Required ratio:    0.00 (Cumulative area) 
      Cumulative area ratio:   28.70
      Required ratio:    0.00 (Cumulative side area) 

    Layer: met1
      Partial area ratio:    2.15
      Required ratio:    0.00 (Gate area) 
      Partial area ratio:   11.22
      Required ratio:  400.00 (Side area) 
      Cumulative area ratio:    2.15
      Required ratio:    0.00 (Cumulative area) 
      Cumulative area ratio:   11.22
      Required ratio:    0.00 (Cumulative side area) 

    Layer: li1
      Partial area ratio:    0.00
      Required ratio:    0.00 (Gate area) 
      Partial area ratio:    0.00
      Required ratio:   75.00 (Side area) 
      Cumulative area ratio:    0.00
      Required ratio:    0.00 (Cumulative area) 
      Cumulative area ratio:    0.00
      Required ratio:    0.00 (Cumulative side area) 

    Via: M1M2_PR
      Partial area ratio:    0.11
      Required ratio:    6.00 (Gate area) 
      Cumulative area ratio:    0.24
      Required ratio:    0.00 (Cumulative area) 

    Via: L1M1_PR
      Partial area ratio:    0.14
      Required ratio:    3.00 (Gate area) 
      Cumulative area ratio:    0.14
      Required ratio:    0.00 (Cumulative area) 

  Pin: fanout105/A (sky130_fd_sc_hd__clkbuf_2)
    Layer: met2
      Partial area ratio:    3.05
      Required ratio:    0.00 (Gate area) 
      Partial area ratio:   16.09
      Required ratio: 2753.36 (Side area) 
      Cumulative area ratio:    5.35
      Required ratio:    0.00 (Cumulative area) 
      Cumulative area ratio:   28.70
      Required ratio:    0.00 (Cumulative side area) 

    Layer: met1
      Partial area ratio:    2.15
      Required ratio:    0.00 (Gate area) 
      Partial area ratio:   11.22
      Required ratio:  400.00 (Side area) 
      Cumulative area ratio:    2.15
      Required ratio:    0.00 (Cumulative area) 
      Cumulative area ratio:   11.22
      Required ratio:    0.00 (Cumulative side area) 

    Layer: li1
      Partial area ratio:    0.00
      Required ratio:    0.00 (Gate area) 
      Partial area ratio:    0.00
      Required ratio:   75.00 (Side area) 
      Cumulative area ratio:    0.00
      Required ratio:    0.00 (Cumulative area) 
      Cumulative area ratio:    0.00
      Required ratio:    0.00 (Cumulative side area) 

    Via: M1M2_PR
      Partial area ratio:    0.11
      Required ratio:    6.00 (Gate area) 
      Cumulative area ratio:    0.24
      Required ratio:    0.00 (Cumulative area) 

    Via: L1M1_PR
      Partial area ratio:    0.14
      Required ratio:    3.00 (Gate area) 
      Cumulative area ratio:    0.14
      Required ratio:    0.00 (Cumulative area) 

  Pin: fanout107/A (sky130_fd_sc_hd__buf_1)
    Layer: li1
      Partial area ratio:    0.00
      Required ratio:    0.00 (Gate area) 
      Partial area ratio:    0.00
      Required ratio:   75.00 (Side area) 
      Cumulative area ratio:    0.00
      Required ratio:    0.00 (Cumulative area) 
      Cumulative area ratio:    0.00
      Required ratio:    0.00 (Cumulative side area) 

    Layer: met1
      Partial area ratio:    0.79
      Required ratio:    0.00 (Gate area) 
      Partial area ratio:    4.44
      Required ratio:  400.00 (Side area) 
      Cumulative area ratio:    0.79
      Required ratio:    0.00 (Cumulative area) 
      Cumulative area ratio:    4.44
      Required ratio:    0.00 (Cumulative side area) 

    Layer: met2
      Partial area ratio:    2.07
      Required ratio:    0.00 (Gate area) 
      Partial area ratio:   10.83
      Required ratio:  400.00 (Side area) 
      Cumulative area ratio:    2.85
      Required ratio:    0.00 (Cumulative area) 
      Cumulative area ratio:   15.26
      Required ratio:    0.00 (Cumulative side area) 

    Layer: met3
      Partial area ratio:   84.73
      Required ratio:    0.00 (Gate area) 
      Partial area ratio:  454.35
      Required ratio:  400.00 (Side area) (VIOLATED)
      Cumulative area ratio:   87.59
      Required ratio:    0.00 (Cumulative area) 
      Cumulative area ratio:  469.62
      Required ratio:    0.00 (Cumulative side area) 

    Via: L1M1_PR
      Partial area ratio:    0.15
      Required ratio:    3.00 (Gate area) 
      Cumulative area ratio:    0.15
      Required ratio:    0.00 (Cumulative area) 

    Via: M1M2_PR
      Partial area ratio:    0.11
      Required ratio:    6.00 (Gate area) 
      Cumulative area ratio:    0.26
      Required ratio:    0.00 (Cumulative area) 

    Via: M2M3_PR
      Partial area ratio:    0.20
      Required ratio:    6.00 (Gate area) 
      Cumulative area ratio:    0.47
      Required ratio:    0.00 (Cumulative area) 


[INFO ANT-0002] Found 1 net violations.
[INFO ANT-0001] Found 1 pin violations.
%OL_END_REPORT
[INFO] Setting RC values…
Setting global connections for newly added cells…
[INFO] Setting global connections...
Writing OpenROAD database to '/Users/ricardonunes/Desktop/SAR_ADC_12b/SAR_ADC_12bit/state_machine/openlane/runs/RUN_2024-04-07_18-29-36/36-openroad-globalrouting/state_machine.odb'…
Writing layout to '/Users/ricardonunes/Desktop/SAR_ADC_12b/SAR_ADC_12bit/state_machine/openlane/runs/RUN_2024-04-07_18-29-36/36-openroad-globalrouting/state_machine.def'…
