Reading OpenROAD database at '/Users/ricardonunes/Desktop/SAR_ADC_12b/SAR_ADC_12bit/state_machine/openlane/runs/RUN_2024-04-14_19-21-46/24-odb-customioplacement/state_machine.odb'…
Reading library file at '/Users/ricardonunes/.volare/volare/sky130/versions/bdc9412b3e468c102d01b7cf6337be06ec6e9c9a/sky130A/libs.ref/sky130_fd_sc_hd/lib/sky130_fd_sc_hd__tt_025C_1v80.lib'…
Reading design constraints file at '/nix/store/xhwkk1nyrhfgxgb87jl3m1gz0fbr8vi4-python3-3.11.6-env/lib/python3.11/site-packages/openlane/scripts/base.sdc'…
[WARNING STA-0337] port '__VIRTUAL_CLK__' not found.
[INFO] Using clock __VIRTUAL_CLK__…
[INFO] Setting output delay to: 2
[INFO] Setting input delay to: 2
[WARNING STA-0337] port '__VIRTUAL_CLK__' not found.
[INFO] Setting load to: 0.033442
[INFO] Setting clock uncertainty to: 0.25
[INFO] Setting clock transition to: 0.1499999999999999944488848768742172978818416595458984375
[WARNING STA-0559] transition time can not be specified for virtual clocks.
[INFO] Setting timing derate to: 5%
[INFO] Setting RC values…
[INFO] Setting signal min routing layer to: met1 and clock min routing layer to met1. 
[INFO] Setting signal max routing layer to: met4 and clock max routing layer to met4. 
{*}-density 0.8594499999999999 -timing_driven -routability_driven -pad_right 0 -pad_left 0 -init_wirelength_coef 0.25
[INFO GPL-0002] DBU: 1000
[INFO GPL-0003] SiteSize: 460 2720
[INFO GPL-0004] CoreAreaLxLy: 5520 10880
[INFO GPL-0005] CoreAreaUxUy: 139380 38080
[INFO GPL-0006] NumInstances: 349
[INFO GPL-0007] NumPlaceInstances: 269
[INFO GPL-0008] NumFixedInstances: 80
[INFO GPL-0009] NumDummyInstances: 0
[INFO GPL-0010] NumNets: 294
[INFO GPL-0011] NumPins: 1098
[INFO GPL-0012] DieAreaLxLy: 0 0
[INFO GPL-0013] DieAreaUxUy: 145000 50000
[INFO GPL-0014] CoreAreaLxLy: 5520 10880
[INFO GPL-0015] CoreAreaUxUy: 139380 38080
[INFO GPL-0016] CoreArea: 3640992000
[INFO GPL-0017] NonPlaceInstsArea: 150144000
[INFO GPL-0018] PlaceInstsArea: 2690080000
[INFO GPL-0019] Util(%): 77.06
[INFO GPL-0020] StdInstsArea: 2690080000
[INFO GPL-0021] MacroInstsArea: 0
[InitialPlace]  Iter: 1 CG residual: 0.00000007 HPWL: 12458683
[InitialPlace]  Iter: 2 CG residual: 0.00000011 HPWL: 8613298
[InitialPlace]  Iter: 3 CG residual: 0.00000009 HPWL: 8612788
[InitialPlace]  Iter: 4 CG residual: 0.00000010 HPWL: 8616770
[InitialPlace]  Iter: 5 CG residual: 0.00000010 HPWL: 8611517
[INFO GPL-0031] FillerInit: NumGCells: 302
[INFO GPL-0032] FillerInit: NumGNets: 294
[INFO GPL-0033] FillerInit: NumGPins: 1098
[INFO GPL-0023] TargetDensity: 0.86
[INFO GPL-0024] AveragePlaceInstArea: 10000297
[INFO GPL-0025] IdealBinArea: 11635694
[INFO GPL-0026] IdealBinCnt: 312
[INFO GPL-0027] TotalBinArea: 3640992000
[INFO GPL-0028] BinCnt: 32 8
[INFO GPL-0029] BinSize: 4184 3400
[INFO GPL-0030] NumBins: 256
[NesterovSolve] Iter: 1 overflow: 0.756691 HPWL: 8061201
[INFO GPL-0100] worst slack 4.25e-09
[INFO GPL-0103] Weighted 28 nets.
[NesterovSolve] Iter: 10 overflow: 0.668103 HPWL: 8114775
[NesterovSolve] Iter: 20 overflow: 0.66709 HPWL: 8138117
[NesterovSolve] Iter: 30 overflow: 0.66671 HPWL: 8136724
[NesterovSolve] Iter: 40 overflow: 0.666654 HPWL: 8137072
[NesterovSolve] Iter: 50 overflow: 0.667022 HPWL: 8138239
[NesterovSolve] Iter: 60 overflow: 0.666876 HPWL: 8138717
[NesterovSolve] Iter: 70 overflow: 0.666741 HPWL: 8138201
[NesterovSolve] Iter: 80 overflow: 0.666665 HPWL: 8138556
[NesterovSolve] Iter: 90 overflow: 0.666553 HPWL: 8138618
[NesterovSolve] Iter: 100 overflow: 0.666311 HPWL: 8138612
[NesterovSolve] Iter: 110 overflow: 0.665929 HPWL: 8139353
[NesterovSolve] Iter: 120 overflow: 0.665382 HPWL: 8141108
[NesterovSolve] Iter: 130 overflow: 0.664806 HPWL: 8144569
[NesterovSolve] Iter: 140 overflow: 0.663573 HPWL: 8149683
[NesterovSolve] Iter: 150 overflow: 0.661468 HPWL: 8155028
[NesterovSolve] Iter: 160 overflow: 0.657361 HPWL: 8162047
[NesterovSolve] Iter: 170 overflow: 0.651812 HPWL: 8175188
[NesterovSolve] Iter: 180 overflow: 0.643507 HPWL: 8195091
[INFO GPL-0100] worst slack 3.89e-09
[INFO GPL-0103] Weighted 29 nets.
[NesterovSolve] Iter: 190 overflow: 0.612728 HPWL: 8311589
[NesterovSolve] Snapshot saved at iter = 197
[NesterovSolve] Iter: 200 overflow: 0.593693 HPWL: 8315114
[NesterovSolve] Iter: 210 overflow: 0.567884 HPWL: 8349272
[NesterovSolve] Iter: 220 overflow: 0.529298 HPWL: 8374319
[NesterovSolve] Iter: 230 overflow: 0.48222 HPWL: 8449575
[INFO GPL-0100] worst slack 3.96e-09
[INFO GPL-0103] Weighted 29 nets.
[NesterovSolve] Iter: 240 overflow: 0.425052 HPWL: 8462594
[NesterovSolve] Iter: 250 overflow: 0.367743 HPWL: 8550925
[NesterovSolve] Iter: 260 overflow: 0.323731 HPWL: 8594734
[NesterovSolve] Iter: 270 overflow: 0.284148 HPWL: 8622412
[INFO GPL-0100] worst slack 4.1e-09
[INFO GPL-0103] Weighted 29 nets.
[NesterovSolve] Iter: 280 overflow: 0.249666 HPWL: 8683686
[NesterovSolve] Iter: 290 overflow: 0.221841 HPWL: 8708521
[INFO GPL-0100] worst slack 4.1e-09
[INFO GPL-0103] Weighted 29 nets.
[INFO GPL-0075] Routability numCall: 1 inflationIterCnt: 1 bloatIterCnt: 0
[INFO GPL-0036] TileLxLy: 0 0
[INFO GPL-0037] TileSize: 6900 6900
[INFO GPL-0038] TileCnt: 21 7
[INFO GPL-0039] numRoutingLayers: 6
[INFO GPL-0040] NumTiles: 147
[INFO GPL-0063] TotalRouteOverflowH2: 0.20000004768371582
[INFO GPL-0064] TotalRouteOverflowV2: 0
[INFO GPL-0065] OverflowTileCnt2: 2
[INFO GPL-0066] 0.5%RC: 1.100000023841858
[INFO GPL-0067] 1.0%RC: 1.0666666825612385
[INFO GPL-0068] 2.0%RC: 1.0333333412806194
[INFO GPL-0069] 5.0%RC: 1.014285717691694
[INFO GPL-0070] 0.5rcK: 1
[INFO GPL-0071] 1.0rcK: 1
[INFO GPL-0072] 2.0rcK: 0
[INFO GPL-0073] 5.0rcK: 0
[INFO GPL-0074] FinalRC: 1.0833334
[NesterovSolve] Iter: 300 overflow: 0.187766 HPWL: 8742350
[NesterovSolve] Iter: 310 overflow: 0.155879 HPWL: 8772960
[INFO GPL-0100] worst slack 4.29e-09
[INFO GPL-0103] Weighted 27 nets.
[NesterovSolve] Iter: 320 overflow: 0.135872 HPWL: 8779711
[NesterovSolve] Iter: 330 overflow: 0.112662 HPWL: 8803569
[NesterovSolve] Finished with Overflow: 0.098739
[INFO] Setting RC values…
Setting global connections for newly added cells…
[INFO] Setting global connections...
Writing OpenROAD database to '/Users/ricardonunes/Desktop/SAR_ADC_12b/SAR_ADC_12bit/state_machine/openlane/runs/RUN_2024-04-14_19-21-46/26-openroad-globalplacement/state_machine.odb'…
Writing netlist to '/Users/ricardonunes/Desktop/SAR_ADC_12b/SAR_ADC_12bit/state_machine/openlane/runs/RUN_2024-04-14_19-21-46/26-openroad-globalplacement/state_machine.nl.v'…
Writing powered netlist to '/Users/ricardonunes/Desktop/SAR_ADC_12b/SAR_ADC_12bit/state_machine/openlane/runs/RUN_2024-04-14_19-21-46/26-openroad-globalplacement/state_machine.pnl.v'…
Writing layout to '/Users/ricardonunes/Desktop/SAR_ADC_12b/SAR_ADC_12bit/state_machine/openlane/runs/RUN_2024-04-14_19-21-46/26-openroad-globalplacement/state_machine.def'…
Writing timing constraints to '/Users/ricardonunes/Desktop/SAR_ADC_12b/SAR_ADC_12bit/state_machine/openlane/runs/RUN_2024-04-14_19-21-46/26-openroad-globalplacement/state_machine.sdc'…
