Reading OpenROAD database at '/Users/ricardonunes/Desktop/SAR_ADC_12b/SAR_ADC_12bit/state_machine/openlane/runs/RUN_2024-04-14_19-21-46/19-openroad-generatepdn/state_machine.odb'…
Reading library file at '/Users/ricardonunes/.volare/volare/sky130/versions/bdc9412b3e468c102d01b7cf6337be06ec6e9c9a/sky130A/libs.ref/sky130_fd_sc_hd/lib/sky130_fd_sc_hd__tt_025C_1v80.lib'…
Reading design constraints file at '/nix/store/xhwkk1nyrhfgxgb87jl3m1gz0fbr8vi4-python3-3.11.6-env/lib/python3.11/site-packages/openlane/scripts/base.sdc'…
[WARNING STA-0337] port '__VIRTUAL_CLK__' not found.
[INFO] Using clock __VIRTUAL_CLK__…
[INFO] Setting output delay to: 2
[INFO] Setting input delay to: 2
[WARNING STA-0337] port '__VIRTUAL_CLK__' not found.
[INFO] Setting load to: 0.033442
[INFO] Setting clock uncertainty to: 0.25
[INFO] Setting clock transition to: 0.1499999999999999944488848768742172978818416595458984375
[WARNING STA-0559] transition time can not be specified for virtual clocks.
[INFO] Setting timing derate to: 5%
[INFO] Setting RC values…
[INFO] Setting signal min routing layer to: met1 and clock min routing layer to met1. 
[INFO] Setting signal max routing layer to: met4 and clock max routing layer to met4. 
{*}-density 0.8594499999999999 -timing_driven -routability_driven -skip_io -pad_right 0 -pad_left 0 -init_wirelength_coef 0.25
[WARNING GPL-0150] -skip_io will disable timing driven mode.
[WARNING GPL-0151] -skip_io will disable routability driven mode.
[INFO GPL-0002] DBU: 1000
[INFO GPL-0003] SiteSize: 460 2720
[INFO GPL-0004] CoreAreaLxLy: 5520 10880
[INFO GPL-0005] CoreAreaUxUy: 139380 38080
[INFO GPL-0006] NumInstances: 349
[INFO GPL-0007] NumPlaceInstances: 269
[INFO GPL-0008] NumFixedInstances: 80
[INFO GPL-0009] NumDummyInstances: 0
[INFO GPL-0010] NumNets: 294
[INFO GPL-0011] NumPins: 1004
[INFO GPL-0012] DieAreaLxLy: 0 0
[INFO GPL-0013] DieAreaUxUy: 145000 50000
[INFO GPL-0014] CoreAreaLxLy: 5520 10880
[INFO GPL-0015] CoreAreaUxUy: 139380 38080
[INFO GPL-0016] CoreArea: 3640992000
[INFO GPL-0017] NonPlaceInstsArea: 150144000
[INFO GPL-0018] PlaceInstsArea: 2690080000
[INFO GPL-0019] Util(%): 77.06
[INFO GPL-0020] StdInstsArea: 2690080000
[INFO GPL-0021] MacroInstsArea: 0
[INFO GPL-0031] FillerInit: NumGCells: 302
[INFO GPL-0032] FillerInit: NumGNets: 294
[INFO GPL-0033] FillerInit: NumGPins: 1004
[INFO GPL-0023] TargetDensity: 0.86
[INFO GPL-0024] AveragePlaceInstArea: 10000297
[INFO GPL-0025] IdealBinArea: 11635694
[INFO GPL-0026] IdealBinCnt: 312
[INFO GPL-0027] TotalBinArea: 3640992000
[INFO GPL-0028] BinCnt: 32 8
[INFO GPL-0029] BinSize: 4184 3400
[INFO GPL-0030] NumBins: 256
[NesterovSolve] Iter: 1 overflow: 0.963941 HPWL: 552182
[NesterovSolve] Iter: 10 overflow: 0.963871 HPWL: 411365
[NesterovSolve] Iter: 20 overflow: 0.96389 HPWL: 410490
[NesterovSolve] Iter: 30 overflow: 0.963888 HPWL: 410462
[NesterovSolve] Iter: 40 overflow: 0.963888 HPWL: 410517
[NesterovSolve] Iter: 50 overflow: 0.963887 HPWL: 410493
[NesterovSolve] Iter: 60 overflow: 0.963888 HPWL: 410600
[NesterovSolve] Iter: 70 overflow: 0.963886 HPWL: 410856
[NesterovSolve] Iter: 80 overflow: 0.963886 HPWL: 411380
[NesterovSolve] Iter: 90 overflow: 0.963883 HPWL: 412458
[NesterovSolve] Iter: 100 overflow: 0.963878 HPWL: 414207
[NesterovSolve] Iter: 110 overflow: 0.963872 HPWL: 417817
[NesterovSolve] Iter: 120 overflow: 0.963781 HPWL: 424108
[NesterovSolve] Iter: 130 overflow: 0.963345 HPWL: 432572
[NesterovSolve] Iter: 140 overflow: 0.962793 HPWL: 443061
[NesterovSolve] Iter: 150 overflow: 0.956979 HPWL: 459602
[NesterovSolve] Iter: 160 overflow: 0.927887 HPWL: 619425
[NesterovSolve] Iter: 170 overflow: 0.897162 HPWL: 823276
[NesterovSolve] Iter: 180 overflow: 0.887133 HPWL: 939829
[NesterovSolve] Iter: 190 overflow: 0.846679 HPWL: 1082832
[NesterovSolve] Iter: 200 overflow: 0.816761 HPWL: 1247878
[NesterovSolve] Iter: 210 overflow: 0.781112 HPWL: 1462587
[NesterovSolve] Iter: 220 overflow: 0.738944 HPWL: 1727251
[NesterovSolve] Iter: 230 overflow: 0.693153 HPWL: 1971346
[NesterovSolve] Iter: 240 overflow: 0.647803 HPWL: 2184468
[NesterovSolve] Iter: 250 overflow: 0.593084 HPWL: 2382803
[NesterovSolve] Iter: 260 overflow: 0.535721 HPWL: 2617964
[NesterovSolve] Iter: 270 overflow: 0.45918 HPWL: 2832081
[NesterovSolve] Iter: 280 overflow: 0.410456 HPWL: 3093812
[NesterovSolve] Iter: 290 overflow: 0.360192 HPWL: 3214762
[NesterovSolve] Iter: 300 overflow: 0.314909 HPWL: 3322367
[NesterovSolve] Iter: 310 overflow: 0.288934 HPWL: 3422207
[NesterovSolve] Iter: 320 overflow: 0.253518 HPWL: 3487865
[NesterovSolve] Iter: 330 overflow: 0.21985 HPWL: 3537062
[NesterovSolve] Iter: 340 overflow: 0.191622 HPWL: 3587336
[NesterovSolve] Iter: 350 overflow: 0.156628 HPWL: 3627994
[NesterovSolve] Iter: 360 overflow: 0.12428 HPWL: 3662838
[NesterovSolve] Iter: 370 overflow: 0.105173 HPWL: 3682126
[NesterovSolve] Finished with Overflow: 0.099118
[INFO] Setting RC values…
Setting global connections for newly added cells…
[INFO] Setting global connections...
Writing OpenROAD database to '/Users/ricardonunes/Desktop/SAR_ADC_12b/SAR_ADC_12bit/state_machine/openlane/runs/RUN_2024-04-14_19-21-46/22-openroad-globalplacementskipio/state_machine.odb'…
Writing netlist to '/Users/ricardonunes/Desktop/SAR_ADC_12b/SAR_ADC_12bit/state_machine/openlane/runs/RUN_2024-04-14_19-21-46/22-openroad-globalplacementskipio/state_machine.nl.v'…
Writing powered netlist to '/Users/ricardonunes/Desktop/SAR_ADC_12b/SAR_ADC_12bit/state_machine/openlane/runs/RUN_2024-04-14_19-21-46/22-openroad-globalplacementskipio/state_machine.pnl.v'…
Writing layout to '/Users/ricardonunes/Desktop/SAR_ADC_12b/SAR_ADC_12bit/state_machine/openlane/runs/RUN_2024-04-14_19-21-46/22-openroad-globalplacementskipio/state_machine.def'…
Writing timing constraints to '/Users/ricardonunes/Desktop/SAR_ADC_12b/SAR_ADC_12bit/state_machine/openlane/runs/RUN_2024-04-14_19-21-46/22-openroad-globalplacementskipio/state_machine.sdc'…
