Starting…
Running 'Verilator.Lint'… (Log: [link=file:///Users/ricardonunes/Desktop/SAR_ADC_12b/SAR_ADC_12bit/state_machine/openlane_backup/runs/RUN_2024-04-06_20-30-09/01-verilator-lint/verilator-lint.log]/Users/ricardonunes/Desktop/SAR_ADC_12b/SAR_ADC_12bit/state_machine/openlane_backup/runs/RUN_2024-04-06_20-30-09/01-verilator-lint/verilator-lint.log[/link])
Running 'Checker.LintTimingConstructs'… (Log: [link=file:///Users/ricardonunes/Desktop/SAR_ADC_12b/SAR_ADC_12bit/state_machine/openlane_backup/runs/RUN_2024-04-06_20-30-09/02-checker-linttimingconstructs/checker-linttimingconstructs.log]/Users/ricardonunes/Desktop/SAR_ADC_12b/SAR_ADC_12bit/state_machine/openlane_backup/runs/RUN_2024-04-06_20-30-09/02-checker-linttimingconstructs/checker-linttimingconstructs.log[/link])
Check for Lint Timing Errors clear.
Running 'Checker.LintErrors'… (Log: [link=file:///Users/ricardonunes/Desktop/SAR_ADC_12b/SAR_ADC_12bit/state_machine/openlane_backup/runs/RUN_2024-04-06_20-30-09/03-checker-linterrors/checker-linterrors.log]/Users/ricardonunes/Desktop/SAR_ADC_12b/SAR_ADC_12bit/state_machine/openlane_backup/runs/RUN_2024-04-06_20-30-09/03-checker-linterrors/checker-linterrors.log[/link])
Check for Lint errors clear.
Running 'Checker.LintWarnings'… (Log: [link=file:///Users/ricardonunes/Desktop/SAR_ADC_12b/SAR_ADC_12bit/state_machine/openlane_backup/runs/RUN_2024-04-06_20-30-09/04-checker-lintwarnings/checker-lintwarnings.log]/Users/ricardonunes/Desktop/SAR_ADC_12b/SAR_ADC_12bit/state_machine/openlane_backup/runs/RUN_2024-04-06_20-30-09/04-checker-lintwarnings/checker-lintwarnings.log[/link])
1240 Lint warnings found.
Running 'Yosys.JsonHeader'… (Log: [link=file:///Users/ricardonunes/Desktop/SAR_ADC_12b/SAR_ADC_12bit/state_machine/openlane_backup/runs/RUN_2024-04-06_20-30-09/05-yosys-jsonheader/yosys-jsonheader.log]/Users/ricardonunes/Desktop/SAR_ADC_12b/SAR_ADC_12bit/state_machine/openlane_backup/runs/RUN_2024-04-06_20-30-09/05-yosys-jsonheader/yosys-jsonheader.log[/link])
Running 'Yosys.Synthesis'… (Log: [link=file:///Users/ricardonunes/Desktop/SAR_ADC_12b/SAR_ADC_12bit/state_machine/openlane_backup/runs/RUN_2024-04-06_20-30-09/06-yosys-synthesis/yosys-synthesis.log]/Users/ricardonunes/Desktop/SAR_ADC_12b/SAR_ADC_12bit/state_machine/openlane_backup/runs/RUN_2024-04-06_20-30-09/06-yosys-synthesis/yosys-synthesis.log[/link])
Running 'Checker.YosysUnmappedCells'… (Log: [link=file:///Users/ricardonunes/Desktop/SAR_ADC_12b/SAR_ADC_12bit/state_machine/openlane_backup/runs/RUN_2024-04-06_20-30-09/07-checker-yosysunmappedcells/checker-yosysunmappedcells.log]/Users/ricardonunes/Desktop/SAR_ADC_12b/SAR_ADC_12bit/state_machine/openlane_backup/runs/RUN_2024-04-06_20-30-09/07-checker-yosysunmappedcells/checker-yosysunmappedcells.log[/link])
Check for Unmapped Yosys instances clear.
Running 'Checker.YosysSynthChecks'… (Log: [link=file:///Users/ricardonunes/Desktop/SAR_ADC_12b/SAR_ADC_12bit/state_machine/openlane_backup/runs/RUN_2024-04-06_20-30-09/08-checker-yosyssynthchecks/checker-yosyssynthchecks.log]/Users/ricardonunes/Desktop/SAR_ADC_12b/SAR_ADC_12bit/state_machine/openlane_backup/runs/RUN_2024-04-06_20-30-09/08-checker-yosyssynthchecks/checker-yosyssynthchecks.log[/link])
Check for Yosys check errors clear.
Running 'OpenROAD.CheckSDCFiles'… (Log: [link=file:///Users/ricardonunes/Desktop/SAR_ADC_12b/SAR_ADC_12bit/state_machine/openlane_backup/runs/RUN_2024-04-06_20-30-09/09-openroad-checksdcfiles/openroad-checksdcfiles.log]/Users/ricardonunes/Desktop/SAR_ADC_12b/SAR_ADC_12bit/state_machine/openlane_backup/runs/RUN_2024-04-06_20-30-09/09-openroad-checksdcfiles/openroad-checksdcfiles.log[/link])
'PNR_SDC_FILE' is not defined. Using generic fallback SDC for OpenROAD PnR steps.
'SIGNOFF_SDC_FILE' is not defined. Using generic fallback SDC for OpenROAD PnR steps.
Running 'OpenROAD.CheckMacroInstances'… (Log: [link=file:///Users/ricardonunes/Desktop/SAR_ADC_12b/SAR_ADC_12bit/state_machine/openlane_backup/runs/RUN_2024-04-06_20-30-09/10-openroad-checkmacroinstances/openroad-checkmacroinstances.log]/Users/ricardonunes/Desktop/SAR_ADC_12b/SAR_ADC_12bit/state_machine/openlane_backup/runs/RUN_2024-04-06_20-30-09/10-openroad-checkmacroinstances/openroad-checkmacroinstances.log[/link])
No macros found, skipping instance check…
Running 'OpenROAD.STAPrePNR'… (Log: [link=file:///Users/ricardonunes/Desktop/SAR_ADC_12b/SAR_ADC_12bit/state_machine/openlane_backup/runs/RUN_2024-04-06_20-30-09/11-openroad-staprepnr/openroad-staprepnr.log]/Users/ricardonunes/Desktop/SAR_ADC_12b/SAR_ADC_12bit/state_machine/openlane_backup/runs/RUN_2024-04-06_20-30-09/11-openroad-staprepnr/openroad-staprepnr.log[/link])
Running 'OpenROAD.Floorplan'… (Log: [link=file:///Users/ricardonunes/Desktop/SAR_ADC_12b/SAR_ADC_12bit/state_machine/openlane_backup/runs/RUN_2024-04-06_20-30-09/12-openroad-floorplan/openroad-floorplan.log]/Users/ricardonunes/Desktop/SAR_ADC_12b/SAR_ADC_12bit/state_machine/openlane_backup/runs/RUN_2024-04-06_20-30-09/12-openroad-floorplan/openroad-floorplan.log[/link])
Running 'Odb.CheckMacroAntennaProperties'… (Log: [link=file:///Users/ricardonunes/Desktop/SAR_ADC_12b/SAR_ADC_12bit/state_machine/openlane_backup/runs/RUN_2024-04-06_20-30-09/13-odb-checkmacroantennaproperties/odb-checkmacroantennaproperties.log]/Users/ricardonunes/Desktop/SAR_ADC_12b/SAR_ADC_12bit/state_machine/openlane_backup/runs/RUN_2024-04-06_20-30-09/13-odb-checkmacroantennaproperties/odb-checkmacroantennaproperties.log[/link])
No cells provided, skipping…
Running 'Odb.SetPowerConnections'… (Log: [link=file:///Users/ricardonunes/Desktop/SAR_ADC_12b/SAR_ADC_12bit/state_machine/openlane_backup/runs/RUN_2024-04-06_20-30-09/14-odb-setpowerconnections/odb-setpowerconnections.log]/Users/ricardonunes/Desktop/SAR_ADC_12b/SAR_ADC_12bit/state_machine/openlane_backup/runs/RUN_2024-04-06_20-30-09/14-odb-setpowerconnections/odb-setpowerconnections.log[/link])
Running 'Odb.ManualMacroPlacement'… (Log: [link=file:///Users/ricardonunes/Desktop/SAR_ADC_12b/SAR_ADC_12bit/state_machine/openlane_backup/runs/RUN_2024-04-06_20-30-09/15-odb-manualmacroplacement/odb-manualmacroplacement.log]/Users/ricardonunes/Desktop/SAR_ADC_12b/SAR_ADC_12bit/state_machine/openlane_backup/runs/RUN_2024-04-06_20-30-09/15-odb-manualmacroplacement/odb-manualmacroplacement.log[/link])
No instances found, skipping 'Odb.ManualMacroPlacement'…
Running 'OpenROAD.CutRows'… (Log: [link=file:///Users/ricardonunes/Desktop/SAR_ADC_12b/SAR_ADC_12bit/state_machine/openlane_backup/runs/RUN_2024-04-06_20-30-09/16-openroad-cutrows/openroad-cutrows.log]/Users/ricardonunes/Desktop/SAR_ADC_12b/SAR_ADC_12bit/state_machine/openlane_backup/runs/RUN_2024-04-06_20-30-09/16-openroad-cutrows/openroad-cutrows.log[/link])
Running 'OpenROAD.TapEndcapInsertion'… (Log: [link=file:///Users/ricardonunes/Desktop/SAR_ADC_12b/SAR_ADC_12bit/state_machine/openlane_backup/runs/RUN_2024-04-06_20-30-09/17-openroad-tapendcapinsertion/openroad-tapendcapinsertion.log]/Users/ricardonunes/Desktop/SAR_ADC_12b/SAR_ADC_12bit/state_machine/openlane_backup/runs/RUN_2024-04-06_20-30-09/17-openroad-tapendcapinsertion/openroad-tapendcapinsertion.log[/link])
Running 'Odb.AddPDNObstructions'… (Log: [link=file:///Users/ricardonunes/Desktop/SAR_ADC_12b/SAR_ADC_12bit/state_machine/openlane_backup/runs/RUN_2024-04-06_20-30-09/18-odb-addpdnobstructions/odb-addpdnobstructions.log]/Users/ricardonunes/Desktop/SAR_ADC_12b/SAR_ADC_12bit/state_machine/openlane_backup/runs/RUN_2024-04-06_20-30-09/18-odb-addpdnobstructions/odb-addpdnobstructions.log[/link])
'PDN_OBSTRUCTIONS' is not defined. Skipping 'Odb.AddPDNObstructions'…
Running 'OpenROAD.GeneratePDN'… (Log: [link=file:///Users/ricardonunes/Desktop/SAR_ADC_12b/SAR_ADC_12bit/state_machine/openlane_backup/runs/RUN_2024-04-06_20-30-09/19-openroad-generatepdn/openroad-generatepdn.log]/Users/ricardonunes/Desktop/SAR_ADC_12b/SAR_ADC_12bit/state_machine/openlane_backup/runs/RUN_2024-04-06_20-30-09/19-openroad-generatepdn/openroad-generatepdn.log[/link])
'FP_PDN_CFG' not explicitly set, setting it to /nix/store/xhwkk1nyrhfgxgb87jl3m1gz0fbr8vi4-python3-3.11.6-env/lib/python3.11/site-packages/openlane/scripts/openroad/common/pdn_cfg.tcl…
Running 'Odb.RemovePDNObstructions'… (Log: [link=file:///Users/ricardonunes/Desktop/SAR_ADC_12b/SAR_ADC_12bit/state_machine/openlane_backup/runs/RUN_2024-04-06_20-30-09/20-odb-removepdnobstructions/odb-removepdnobstructions.log]/Users/ricardonunes/Desktop/SAR_ADC_12b/SAR_ADC_12bit/state_machine/openlane_backup/runs/RUN_2024-04-06_20-30-09/20-odb-removepdnobstructions/odb-removepdnobstructions.log[/link])
'PDN_OBSTRUCTIONS' is not defined. Skipping 'Odb.RemovePDNObstructions'…
Running 'Odb.AddRoutingObstructions'… (Log: [link=file:///Users/ricardonunes/Desktop/SAR_ADC_12b/SAR_ADC_12bit/state_machine/openlane_backup/runs/RUN_2024-04-06_20-30-09/21-odb-addroutingobstructions/odb-addroutingobstructions.log]/Users/ricardonunes/Desktop/SAR_ADC_12b/SAR_ADC_12bit/state_machine/openlane_backup/runs/RUN_2024-04-06_20-30-09/21-odb-addroutingobstructions/odb-addroutingobstructions.log[/link])
'ROUTING_OBSTRUCTIONS' is not defined. Skipping 'Odb.AddRoutingObstructions'…
Running 'OpenROAD.GlobalPlacementSkipIO'… (Log: [link=file:///Users/ricardonunes/Desktop/SAR_ADC_12b/SAR_ADC_12bit/state_machine/openlane_backup/runs/RUN_2024-04-06_20-30-09/22-openroad-globalplacementskipio/openroad-globalplacementskipio.log]/Users/ricardonunes/Desktop/SAR_ADC_12b/SAR_ADC_12bit/state_machine/openlane_backup/runs/RUN_2024-04-06_20-30-09/22-openroad-globalplacementskipio/openroad-globalplacementskipio.log[/link])
'PL_TARGET_DENSITY_PCT' not explicitly set, using dynamically calculated target density: 83.917500…
Running 'OpenROAD.IOPlacement'… (Log: [link=file:///Users/ricardonunes/Desktop/SAR_ADC_12b/SAR_ADC_12bit/state_machine/openlane_backup/runs/RUN_2024-04-06_20-30-09/23-openroad-ioplacement/openroad-ioplacement.log]/Users/ricardonunes/Desktop/SAR_ADC_12b/SAR_ADC_12bit/state_machine/openlane_backup/runs/RUN_2024-04-06_20-30-09/23-openroad-ioplacement/openroad-ioplacement.log[/link])
FP_PIN_ORDER_CFG is set. Skipping 'OpenROAD.IOPlacement'…
Running 'Odb.CustomIOPlacement'… (Log: [link=file:///Users/ricardonunes/Desktop/SAR_ADC_12b/SAR_ADC_12bit/state_machine/openlane_backup/runs/RUN_2024-04-06_20-30-09/24-odb-customioplacement/odb-customioplacement.log]/Users/ricardonunes/Desktop/SAR_ADC_12b/SAR_ADC_12bit/state_machine/openlane_backup/runs/RUN_2024-04-06_20-30-09/24-odb-customioplacement/odb-customioplacement.log[/link])
Running 'Odb.ApplyDEFTemplate'… (Log: [link=file:///Users/ricardonunes/Desktop/SAR_ADC_12b/SAR_ADC_12bit/state_machine/openlane_backup/runs/RUN_2024-04-06_20-30-09/25-odb-applydeftemplate/odb-applydeftemplate.log]/Users/ricardonunes/Desktop/SAR_ADC_12b/SAR_ADC_12bit/state_machine/openlane_backup/runs/RUN_2024-04-06_20-30-09/25-odb-applydeftemplate/odb-applydeftemplate.log[/link])
No DEF template provided, skipping…
Running 'OpenROAD.GlobalPlacement'… (Log: [link=file:///Users/ricardonunes/Desktop/SAR_ADC_12b/SAR_ADC_12bit/state_machine/openlane_backup/runs/RUN_2024-04-06_20-30-09/26-openroad-globalplacement/openroad-globalplacement.log]/Users/ricardonunes/Desktop/SAR_ADC_12b/SAR_ADC_12bit/state_machine/openlane_backup/runs/RUN_2024-04-06_20-30-09/26-openroad-globalplacement/openroad-globalplacement.log[/link])
'PL_TARGET_DENSITY_PCT' not explicitly set, using dynamically calculated target density: 83.917500…
Running 'Odb.WriteVerilogHeader'… (Log: [link=file:///Users/ricardonunes/Desktop/SAR_ADC_12b/SAR_ADC_12bit/state_machine/openlane_backup/runs/RUN_2024-04-06_20-30-09/27-odb-writeverilogheader/odb-writeverilogheader.log]/Users/ricardonunes/Desktop/SAR_ADC_12b/SAR_ADC_12bit/state_machine/openlane_backup/runs/RUN_2024-04-06_20-30-09/27-odb-writeverilogheader/odb-writeverilogheader.log[/link])
Running 'Checker.PowerGridViolations'… (Log: [link=file:///Users/ricardonunes/Desktop/SAR_ADC_12b/SAR_ADC_12bit/state_machine/openlane_backup/runs/RUN_2024-04-06_20-30-09/28-checker-powergridviolations/checker-powergridviolations.log]/Users/ricardonunes/Desktop/SAR_ADC_12b/SAR_ADC_12bit/state_machine/openlane_backup/runs/RUN_2024-04-06_20-30-09/28-checker-powergridviolations/checker-powergridviolations.log[/link])
Check for power grid violations (as reported by OpenROAD PSM- you may ignore these if LVS passes) clear.
Running 'OpenROAD.STAMidPNR'… (Log: [link=file:///Users/ricardonunes/Desktop/SAR_ADC_12b/SAR_ADC_12bit/state_machine/openlane_backup/runs/RUN_2024-04-06_20-30-09/29-openroad-stamidpnr/openroad-stamidpnr.log]/Users/ricardonunes/Desktop/SAR_ADC_12b/SAR_ADC_12bit/state_machine/openlane_backup/runs/RUN_2024-04-06_20-30-09/29-openroad-stamidpnr/openroad-stamidpnr.log[/link])
Gating variable for step 'OpenROAD.RepairDesignPostGPL' set to 'False'- the step will be skipped.
Skipping step 'Repair Design (Post-Global Placement)'…
Running 'OpenROAD.DetailedPlacement'… (Log: [link=file:///Users/ricardonunes/Desktop/SAR_ADC_12b/SAR_ADC_12bit/state_machine/openlane_backup/runs/RUN_2024-04-06_20-30-09/30-openroad-detailedplacement/openroad-detailedplacement.log]/Users/ricardonunes/Desktop/SAR_ADC_12b/SAR_ADC_12bit/state_machine/openlane_backup/runs/RUN_2024-04-06_20-30-09/30-openroad-detailedplacement/openroad-detailedplacement.log[/link])
Gating variable for step 'OpenROAD.CTS' set to 'False'- the step will be skipped.
Skipping step 'Clock Tree Synthesis'…
Running 'OpenROAD.STAMidPNR-1'… (Log: [link=file:///Users/ricardonunes/Desktop/SAR_ADC_12b/SAR_ADC_12bit/state_machine/openlane_backup/runs/RUN_2024-04-06_20-30-09/31-openroad-stamidpnr-1/openroad-stamidpnr-1.log]/Users/ricardonunes/Desktop/SAR_ADC_12b/SAR_ADC_12bit/state_machine/openlane_backup/runs/RUN_2024-04-06_20-30-09/31-openroad-stamidpnr-1/openroad-stamidpnr-1.log[/link])
Gating variable for step 'OpenROAD.ResizerTimingPostCTS' set to 'False'- the step will be skipped.
Skipping step 'Resizer Timing Optimizations (Post-Clock Tree Synthesis)'…
Running 'OpenROAD.STAMidPNR-2'… (Log: [link=file:///Users/ricardonunes/Desktop/SAR_ADC_12b/SAR_ADC_12bit/state_machine/openlane_backup/runs/RUN_2024-04-06_20-30-09/32-openroad-stamidpnr-2/openroad-stamidpnr-2.log]/Users/ricardonunes/Desktop/SAR_ADC_12b/SAR_ADC_12bit/state_machine/openlane_backup/runs/RUN_2024-04-06_20-30-09/32-openroad-stamidpnr-2/openroad-stamidpnr-2.log[/link])
Running 'OpenROAD.GlobalRouting'… (Log: [link=file:///Users/ricardonunes/Desktop/SAR_ADC_12b/SAR_ADC_12bit/state_machine/openlane_backup/runs/RUN_2024-04-06_20-30-09/33-openroad-globalrouting/openroad-globalrouting.log]/Users/ricardonunes/Desktop/SAR_ADC_12b/SAR_ADC_12bit/state_machine/openlane_backup/runs/RUN_2024-04-06_20-30-09/33-openroad-globalrouting/openroad-globalrouting.log[/link])
Running 'OpenROAD.CheckAntennas'… (Log: [link=file:///Users/ricardonunes/Desktop/SAR_ADC_12b/SAR_ADC_12bit/state_machine/openlane_backup/runs/RUN_2024-04-06_20-30-09/34-openroad-checkantennas/openroad-checkantennas.log]/Users/ricardonunes/Desktop/SAR_ADC_12b/SAR_ADC_12bit/state_machine/openlane_backup/runs/RUN_2024-04-06_20-30-09/34-openroad-checkantennas/openroad-checkantennas.log[/link])
Gating variable for step 'OpenROAD.RepairDesignPostGRT' set to 'False'- the step will be skipped.
Skipping step 'Repair Design (Post-Global Routing)'…
Running 'Odb.DiodesOnPorts'… (Log: [link=file:///Users/ricardonunes/Desktop/SAR_ADC_12b/SAR_ADC_12bit/state_machine/openlane_backup/runs/RUN_2024-04-06_20-30-09/35-odb-diodesonports/odb-diodesonports.log]/Users/ricardonunes/Desktop/SAR_ADC_12b/SAR_ADC_12bit/state_machine/openlane_backup/runs/RUN_2024-04-06_20-30-09/35-odb-diodesonports/odb-diodesonports.log[/link])
'DIODE_ON_PORTS' is set to 'none': skipping…
Gating variable for step 'Odb.HeuristicDiodeInsertion' set to 'False'- the step will be skipped.
Skipping step 'Heuristic Diode Insertion'…
Running 'OpenROAD.RepairAntennas'… (Log: [link=file:///Users/ricardonunes/Desktop/SAR_ADC_12b/SAR_ADC_12bit/state_machine/openlane_backup/runs/RUN_2024-04-06_20-30-09/36-openroad-repairantennas/openroad-repairantennas.log]/Users/ricardonunes/Desktop/SAR_ADC_12b/SAR_ADC_12bit/state_machine/openlane_backup/runs/RUN_2024-04-06_20-30-09/36-openroad-repairantennas/openroad-repairantennas.log[/link])
Running 'DiodeInsertion'… (Log: [link=file:///Users/ricardonunes/Desktop/SAR_ADC_12b/SAR_ADC_12bit/state_machine/openlane_backup/runs/RUN_2024-04-06_20-30-09/36-openroad-repairantennas/1-diodeinsertion/diodeinsertion.log]/Users/ricardonunes/Desktop/SAR_ADC_12b/SAR_ADC_12bit/state_machine/openlane_backup/runs/RUN_2024-04-06_20-30-09/36-openroad-repairantennas/1-diodeinsertion/diodeinsertion.log[/link])
Running 'OpenROAD.CheckAntennas'… (Log: [link=file:///Users/ricardonunes/Desktop/SAR_ADC_12b/SAR_ADC_12bit/state_machine/openlane_backup/runs/RUN_2024-04-06_20-30-09/36-openroad-repairantennas/2-openroad-checkantennas/openroad-checkantennas.log]/Users/ricardonunes/Desktop/SAR_ADC_12b/SAR_ADC_12bit/state_machine/openlane_backup/runs/RUN_2024-04-06_20-30-09/36-openroad-repairantennas/2-openroad-checkantennas/openroad-checkantennas.log[/link])
Gating variable for step 'OpenROAD.ResizerTimingPostGRT' set to 'False'- the step will be skipped.
Skipping step 'Resizer Timing Optimizations (Post-Global Routing)'…
Running 'OpenROAD.STAMidPNR-3'… (Log: [link=file:///Users/ricardonunes/Desktop/SAR_ADC_12b/SAR_ADC_12bit/state_machine/openlane_backup/runs/RUN_2024-04-06_20-30-09/37-openroad-stamidpnr-3/openroad-stamidpnr-3.log]/Users/ricardonunes/Desktop/SAR_ADC_12b/SAR_ADC_12bit/state_machine/openlane_backup/runs/RUN_2024-04-06_20-30-09/37-openroad-stamidpnr-3/openroad-stamidpnr-3.log[/link])
Running 'OpenROAD.DetailedRouting'… (Log: [link=file:///Users/ricardonunes/Desktop/SAR_ADC_12b/SAR_ADC_12bit/state_machine/openlane_backup/runs/RUN_2024-04-06_20-30-09/38-openroad-detailedrouting/openroad-detailedrouting.log]/Users/ricardonunes/Desktop/SAR_ADC_12b/SAR_ADC_12bit/state_machine/openlane_backup/runs/RUN_2024-04-06_20-30-09/38-openroad-detailedrouting/openroad-detailedrouting.log[/link])
Running TritonRoute with 8 threads…
Running 'Odb.RemoveRoutingObstructions'… (Log: [link=file:///Users/ricardonunes/Desktop/SAR_ADC_12b/SAR_ADC_12bit/state_machine/openlane_backup/runs/RUN_2024-04-06_20-30-09/39-odb-removeroutingobstructions/odb-removeroutingobstructions.log]/Users/ricardonunes/Desktop/SAR_ADC_12b/SAR_ADC_12bit/state_machine/openlane_backup/runs/RUN_2024-04-06_20-30-09/39-odb-removeroutingobstructions/odb-removeroutingobstructions.log[/link])
'ROUTING_OBSTRUCTIONS' is not defined. Skipping 'Odb.RemoveRoutingObstructions'…
Running 'OpenROAD.CheckAntennas-1'… (Log: [link=file:///Users/ricardonunes/Desktop/SAR_ADC_12b/SAR_ADC_12bit/state_machine/openlane_backup/runs/RUN_2024-04-06_20-30-09/40-openroad-checkantennas-1/openroad-checkantennas-1.log]/Users/ricardonunes/Desktop/SAR_ADC_12b/SAR_ADC_12bit/state_machine/openlane_backup/runs/RUN_2024-04-06_20-30-09/40-openroad-checkantennas-1/openroad-checkantennas-1.log[/link])
Running 'Checker.TrDRC'… (Log: [link=file:///Users/ricardonunes/Desktop/SAR_ADC_12b/SAR_ADC_12bit/state_machine/openlane_backup/runs/RUN_2024-04-06_20-30-09/41-checker-trdrc/checker-trdrc.log]/Users/ricardonunes/Desktop/SAR_ADC_12b/SAR_ADC_12bit/state_machine/openlane_backup/runs/RUN_2024-04-06_20-30-09/41-checker-trdrc/checker-trdrc.log[/link])
Check for Routing DRC errors clear.
Running 'Odb.ReportDisconnectedPins'… (Log: [link=file:///Users/ricardonunes/Desktop/SAR_ADC_12b/SAR_ADC_12bit/state_machine/openlane_backup/runs/RUN_2024-04-06_20-30-09/42-odb-reportdisconnectedpins/odb-reportdisconnectedpins.log]/Users/ricardonunes/Desktop/SAR_ADC_12b/SAR_ADC_12bit/state_machine/openlane_backup/runs/RUN_2024-04-06_20-30-09/42-odb-reportdisconnectedpins/odb-reportdisconnectedpins.log[/link])
Running 'Checker.DisconnectedPins'… (Log: [link=file:///Users/ricardonunes/Desktop/SAR_ADC_12b/SAR_ADC_12bit/state_machine/openlane_backup/runs/RUN_2024-04-06_20-30-09/43-checker-disconnectedpins/checker-disconnectedpins.log]/Users/ricardonunes/Desktop/SAR_ADC_12b/SAR_ADC_12bit/state_machine/openlane_backup/runs/RUN_2024-04-06_20-30-09/43-checker-disconnectedpins/checker-disconnectedpins.log[/link])
Check for critical disconnected pins clear.
Running 'Odb.ReportWireLength'… (Log: [link=file:///Users/ricardonunes/Desktop/SAR_ADC_12b/SAR_ADC_12bit/state_machine/openlane_backup/runs/RUN_2024-04-06_20-30-09/44-odb-reportwirelength/odb-reportwirelength.log]/Users/ricardonunes/Desktop/SAR_ADC_12b/SAR_ADC_12bit/state_machine/openlane_backup/runs/RUN_2024-04-06_20-30-09/44-odb-reportwirelength/odb-reportwirelength.log[/link])
Running 'Checker.WireLength'… (Log: [link=file:///Users/ricardonunes/Desktop/SAR_ADC_12b/SAR_ADC_12bit/state_machine/openlane_backup/runs/RUN_2024-04-06_20-30-09/45-checker-wirelength/checker-wirelength.log]/Users/ricardonunes/Desktop/SAR_ADC_12b/SAR_ADC_12bit/state_machine/openlane_backup/runs/RUN_2024-04-06_20-30-09/45-checker-wirelength/checker-wirelength.log[/link])
Threshold for Threshold-surpassing long wires is not set. The checker will be skipped.
Running 'OpenROAD.FillInsertion'… (Log: [link=file:///Users/ricardonunes/Desktop/SAR_ADC_12b/SAR_ADC_12bit/state_machine/openlane_backup/runs/RUN_2024-04-06_20-30-09/46-openroad-fillinsertion/openroad-fillinsertion.log]/Users/ricardonunes/Desktop/SAR_ADC_12b/SAR_ADC_12bit/state_machine/openlane_backup/runs/RUN_2024-04-06_20-30-09/46-openroad-fillinsertion/openroad-fillinsertion.log[/link])
Running 'OpenROAD.RCX'… (Log: [link=file:///Users/ricardonunes/Desktop/SAR_ADC_12b/SAR_ADC_12bit/state_machine/openlane_backup/runs/RUN_2024-04-06_20-30-09/47-openroad-rcx/openroad-rcx.log]/Users/ricardonunes/Desktop/SAR_ADC_12b/SAR_ADC_12bit/state_machine/openlane_backup/runs/RUN_2024-04-06_20-30-09/47-openroad-rcx/openroad-rcx.log[/link])
Running RCX for corners matching nom_* (/Users/ricardonunes/Desktop/SAR_ADC_12b/SAR_ADC_12bit/state_machine/openlane_backup/runs/RUN_2024-04-06_20-30-09/47-openroad-rcx/nom/rcx.log)…
Running RCX for corners matching min_* (/Users/ricardonunes/Desktop/SAR_ADC_12b/SAR_ADC_12bit/state_machine/openlane_backup/runs/RUN_2024-04-06_20-30-09/47-openroad-rcx/min/rcx.log)…
Running RCX for corners matching max_* (/Users/ricardonunes/Desktop/SAR_ADC_12b/SAR_ADC_12bit/state_machine/openlane_backup/runs/RUN_2024-04-06_20-30-09/47-openroad-rcx/max/rcx.log)…
Finished RCX for corners matching max_*.
Finished RCX for corners matching nom_*.
Finished RCX for corners matching min_*.
Running 'OpenROAD.STAPostPNR'… (Log: [link=file:///Users/ricardonunes/Desktop/SAR_ADC_12b/SAR_ADC_12bit/state_machine/openlane_backup/runs/RUN_2024-04-06_20-30-09/48-openroad-stapostpnr/openroad-stapostpnr.log]/Users/ricardonunes/Desktop/SAR_ADC_12b/SAR_ADC_12bit/state_machine/openlane_backup/runs/RUN_2024-04-06_20-30-09/48-openroad-stapostpnr/openroad-stapostpnr.log[/link])
Finished STA for the nom_tt_025C_1v80 timing corner.
Finished STA for the min_tt_025C_1v80 timing corner.
Finished STA for the max_tt_025C_1v80 timing corner.
Finished STA for the min_ss_100C_1v60 timing corner.
Finished STA for the nom_ss_100C_1v60 timing corner.
Finished STA for the max_ss_100C_1v60 timing corner.
Finished STA for the nom_ff_n40C_1v95 timing corner.
Finished STA for the min_ff_n40C_1v95 timing corner.
Finished STA for the max_ff_n40C_1v95 timing corner.
Running 'OpenROAD.IRDropReport'… (Log: [link=file:///Users/ricardonunes/Desktop/SAR_ADC_12b/SAR_ADC_12bit/state_machine/openlane_backup/runs/RUN_2024-04-06_20-30-09/49-openroad-irdropreport/openroad-irdropreport.log]/Users/ricardonunes/Desktop/SAR_ADC_12b/SAR_ADC_12bit/state_machine/openlane_backup/runs/RUN_2024-04-06_20-30-09/49-openroad-irdropreport/openroad-irdropreport.log[/link])
'VSRC_LOC_FILES' was not given a value, which may make the results of IR drop analysis inaccurate. If you are not integrating a top-level chip for manufacture, you may ignore this warning, otherwise, see the documentation for 'VSRC_LOC_FILES'.
[INFO PSM-0022] Using 1.800V for VDD
[INFO PSM-0076] Setting metal node density to be standard cell height times 5.
[INFO PSM-0031] Number of PDN nodes on net VDD = 97.
[INFO PSM-0064] Number of voltage sources = 1.
[INFO PSM-0040] All PDN stripes on net VDD are connected.
########## IR report #################
Corner: nom_tt_025C_1v80
Worstcase voltage: 1.80e+00 V
Average IR drop  : 2.39e-05 V
Worstcase IR drop: 1.74e-04 V
######################################
[INFO PSM-0022] Using 0.000V for VSS
[INFO PSM-0076] Setting metal node density to be standard cell height times 5.
[INFO PSM-0031] Number of PDN nodes on net VSS = 116.
[INFO PSM-0064] Number of voltage sources = 1.
[INFO PSM-0040] All PDN stripes on net VSS are connected.
########## IR report #################
Corner: nom_tt_025C_1v80
Worstcase voltage: 9.96e-05 V
Average IR drop  : 1.98e-05 V
Worstcase IR drop: 9.96e-05 V
######################################

Running 'Magic.StreamOut'… (Log: [link=file:///Users/ricardonunes/Desktop/SAR_ADC_12b/SAR_ADC_12bit/state_machine/openlane_backup/runs/RUN_2024-04-06_20-30-09/50-magic-streamout/magic-streamout.log]/Users/ricardonunes/Desktop/SAR_ADC_12b/SAR_ADC_12bit/state_machine/openlane_backup/runs/RUN_2024-04-06_20-30-09/50-magic-streamout/magic-streamout.log[/link])
Running 'KLayout.StreamOut'… (Log: [link=file:///Users/ricardonunes/Desktop/SAR_ADC_12b/SAR_ADC_12bit/state_machine/openlane_backup/runs/RUN_2024-04-06_20-30-09/51-klayout-streamout/klayout-streamout.log]/Users/ricardonunes/Desktop/SAR_ADC_12b/SAR_ADC_12bit/state_machine/openlane_backup/runs/RUN_2024-04-06_20-30-09/51-klayout-streamout/klayout-streamout.log[/link])
Running 'Magic.WriteLEF'… (Log: [link=file:///Users/ricardonunes/Desktop/SAR_ADC_12b/SAR_ADC_12bit/state_machine/openlane_backup/runs/RUN_2024-04-06_20-30-09/52-magic-writelef/magic-writelef.log]/Users/ricardonunes/Desktop/SAR_ADC_12b/SAR_ADC_12bit/state_machine/openlane_backup/runs/RUN_2024-04-06_20-30-09/52-magic-writelef/magic-writelef.log[/link])
Running 'Odb.CheckDesignAntennaProperties'… (Log: [link=file:///Users/ricardonunes/Desktop/SAR_ADC_12b/SAR_ADC_12bit/state_machine/openlane_backup/runs/RUN_2024-04-06_20-30-09/53-odb-checkdesignantennaproperties/odb-checkdesignantennaproperties.log]/Users/ricardonunes/Desktop/SAR_ADC_12b/SAR_ADC_12bit/state_machine/openlane_backup/runs/RUN_2024-04-06_20-30-09/53-odb-checkdesignantennaproperties/odb-checkdesignantennaproperties.log[/link])
Running 'KLayout.XOR'… (Log: [link=file:///Users/ricardonunes/Desktop/SAR_ADC_12b/SAR_ADC_12bit/state_machine/openlane_backup/runs/RUN_2024-04-06_20-30-09/54-klayout-xor/klayout-xor.log]/Users/ricardonunes/Desktop/SAR_ADC_12b/SAR_ADC_12bit/state_machine/openlane_backup/runs/RUN_2024-04-06_20-30-09/54-klayout-xor/klayout-xor.log[/link])
Running XOR with 8 threads…
Running 'Checker.XOR'… (Log: [link=file:///Users/ricardonunes/Desktop/SAR_ADC_12b/SAR_ADC_12bit/state_machine/openlane_backup/runs/RUN_2024-04-06_20-30-09/55-checker-xor/checker-xor.log]/Users/ricardonunes/Desktop/SAR_ADC_12b/SAR_ADC_12bit/state_machine/openlane_backup/runs/RUN_2024-04-06_20-30-09/55-checker-xor/checker-xor.log[/link])
Check for XOR differences clear.
Running 'Magic.DRC'… (Log: [link=file:///Users/ricardonunes/Desktop/SAR_ADC_12b/SAR_ADC_12bit/state_machine/openlane_backup/runs/RUN_2024-04-06_20-30-09/56-magic-drc/magic-drc.log]/Users/ricardonunes/Desktop/SAR_ADC_12b/SAR_ADC_12bit/state_machine/openlane_backup/runs/RUN_2024-04-06_20-30-09/56-magic-drc/magic-drc.log[/link])
Running 'KLayout.DRC'… (Log: [link=file:///Users/ricardonunes/Desktop/SAR_ADC_12b/SAR_ADC_12bit/state_machine/openlane_backup/runs/RUN_2024-04-06_20-30-09/57-klayout-drc/klayout-drc.log]/Users/ricardonunes/Desktop/SAR_ADC_12b/SAR_ADC_12bit/state_machine/openlane_backup/runs/RUN_2024-04-06_20-30-09/57-klayout-drc/klayout-drc.log[/link])
Running KLayout DRC with 8 threads…
Running 'Checker.MagicDRC'… (Log: [link=file:///Users/ricardonunes/Desktop/SAR_ADC_12b/SAR_ADC_12bit/state_machine/openlane_backup/runs/RUN_2024-04-06_20-30-09/58-checker-magicdrc/checker-magicdrc.log]/Users/ricardonunes/Desktop/SAR_ADC_12b/SAR_ADC_12bit/state_machine/openlane_backup/runs/RUN_2024-04-06_20-30-09/58-checker-magicdrc/checker-magicdrc.log[/link])
Check for Magic DRC errors clear.
Running 'Checker.KLayoutDRC'… (Log: [link=file:///Users/ricardonunes/Desktop/SAR_ADC_12b/SAR_ADC_12bit/state_machine/openlane_backup/runs/RUN_2024-04-06_20-30-09/59-checker-klayoutdrc/checker-klayoutdrc.log]/Users/ricardonunes/Desktop/SAR_ADC_12b/SAR_ADC_12bit/state_machine/openlane_backup/runs/RUN_2024-04-06_20-30-09/59-checker-klayoutdrc/checker-klayoutdrc.log[/link])
Check for KLayout DRC errors clear.
Running 'Magic.SpiceExtraction'… (Log: [link=file:///Users/ricardonunes/Desktop/SAR_ADC_12b/SAR_ADC_12bit/state_machine/openlane_backup/runs/RUN_2024-04-06_20-30-09/60-magic-spiceextraction/magic-spiceextraction.log]/Users/ricardonunes/Desktop/SAR_ADC_12b/SAR_ADC_12bit/state_machine/openlane_backup/runs/RUN_2024-04-06_20-30-09/60-magic-spiceextraction/magic-spiceextraction.log[/link])
Running 'Checker.IllegalOverlap'… (Log: [link=file:///Users/ricardonunes/Desktop/SAR_ADC_12b/SAR_ADC_12bit/state_machine/openlane_backup/runs/RUN_2024-04-06_20-30-09/61-checker-illegaloverlap/checker-illegaloverlap.log]/Users/ricardonunes/Desktop/SAR_ADC_12b/SAR_ADC_12bit/state_machine/openlane_backup/runs/RUN_2024-04-06_20-30-09/61-checker-illegaloverlap/checker-illegaloverlap.log[/link])
Check for Magic Illegal Overlap errors clear.
Running 'Netgen.LVS'… (Log: [link=file:///Users/ricardonunes/Desktop/SAR_ADC_12b/SAR_ADC_12bit/state_machine/openlane_backup/runs/RUN_2024-04-06_20-30-09/62-netgen-lvs/netgen-lvs.log]/Users/ricardonunes/Desktop/SAR_ADC_12b/SAR_ADC_12bit/state_machine/openlane_backup/runs/RUN_2024-04-06_20-30-09/62-netgen-lvs/netgen-lvs.log[/link])
Running 'Checker.LVS'… (Log: [link=file:///Users/ricardonunes/Desktop/SAR_ADC_12b/SAR_ADC_12bit/state_machine/openlane_backup/runs/RUN_2024-04-06_20-30-09/63-checker-lvs/checker-lvs.log]/Users/ricardonunes/Desktop/SAR_ADC_12b/SAR_ADC_12bit/state_machine/openlane_backup/runs/RUN_2024-04-06_20-30-09/63-checker-lvs/checker-lvs.log[/link])
Check for LVS errors clear.
Gating variable for step 'Yosys.EQY' set to 'False'- the step will be skipped.
Skipping step 'Equivalence Check'…
Running 'Checker.SetupViolations'… (Log: [link=file:///Users/ricardonunes/Desktop/SAR_ADC_12b/SAR_ADC_12bit/state_machine/openlane_backup/runs/RUN_2024-04-06_20-30-09/64-checker-setupviolations/checker-setupviolations.log]/Users/ricardonunes/Desktop/SAR_ADC_12b/SAR_ADC_12bit/state_machine/openlane_backup/runs/RUN_2024-04-06_20-30-09/64-checker-setupviolations/checker-setupviolations.log[/link])
Setup violations found in the following corners:
* max_ss_100C_1v60
* min_ss_100C_1v60
* nom_ss_100C_1v60
No setup violations found
Running 'Checker.HoldViolations'… (Log: [link=file:///Users/ricardonunes/Desktop/SAR_ADC_12b/SAR_ADC_12bit/state_machine/openlane_backup/runs/RUN_2024-04-06_20-30-09/65-checker-holdviolations/checker-holdviolations.log]/Users/ricardonunes/Desktop/SAR_ADC_12b/SAR_ADC_12bit/state_machine/openlane_backup/runs/RUN_2024-04-06_20-30-09/65-checker-holdviolations/checker-holdviolations.log[/link])
No hold violations found
Running 'Checker.MaxSlewViolations'… (Log: [link=file:///Users/ricardonunes/Desktop/SAR_ADC_12b/SAR_ADC_12bit/state_machine/openlane_backup/runs/RUN_2024-04-06_20-30-09/66-checker-maxslewviolations/checker-maxslewviolations.log]/Users/ricardonunes/Desktop/SAR_ADC_12b/SAR_ADC_12bit/state_machine/openlane_backup/runs/RUN_2024-04-06_20-30-09/66-checker-maxslewviolations/checker-maxslewviolations.log[/link])
Max Slew violations found in the following corners:
* max_ff_n40C_1v95
* max_ss_100C_1v60
* max_tt_025C_1v80
* min_ff_n40C_1v95
* min_ss_100C_1v60
* min_tt_025C_1v80
* nom_ff_n40C_1v95
* nom_ss_100C_1v60
* nom_tt_025C_1v80
No max slew violations found
Running 'Checker.MaxCapViolations'… (Log: [link=file:///Users/ricardonunes/Desktop/SAR_ADC_12b/SAR_ADC_12bit/state_machine/openlane_backup/runs/RUN_2024-04-06_20-30-09/67-checker-maxcapviolations/checker-maxcapviolations.log]/Users/ricardonunes/Desktop/SAR_ADC_12b/SAR_ADC_12bit/state_machine/openlane_backup/runs/RUN_2024-04-06_20-30-09/67-checker-maxcapviolations/checker-maxcapviolations.log[/link])
Max Cap violations found in the following corners:
* max_ss_100C_1v60
* min_ss_100C_1v60
* nom_ss_100C_1v60
No max cap violations found
Running 'Misc.ReportManufacturability'… (Log: [link=file:///Users/ricardonunes/Desktop/SAR_ADC_12b/SAR_ADC_12bit/state_machine/openlane_backup/runs/RUN_2024-04-06_20-30-09/68-misc-reportmanufacturability/misc-reportmanufacturability.log]/Users/ricardonunes/Desktop/SAR_ADC_12b/SAR_ADC_12bit/state_machine/openlane_backup/runs/RUN_2024-04-06_20-30-09/68-misc-reportmanufacturability/misc-reportmanufacturability.log[/link])
Saving views to '/Users/ricardonunes/Desktop/SAR_ADC_12b/SAR_ADC_12bit/state_machine/openlane_backup/runs/RUN_2024-04-06_20-30-09/final'…
Flow complete.
