54. Printing statistics.

=== state_machine ===

   Number of wires:                226
   Number of wire bits:            340
   Number of public wires:          29
   Number of public wire bits:     120
   Number of memories:               0
   Number of memory bits:            0
   Number of processes:              0
   Number of cells:                305
     $_ANDNOT_                     101
     $_AND_                         17
     $_MUX_                         31
     $_NAND_                        13
     $_NOR_                          8
     $_NOT_                         37
     $_ORNOT_                       19
     $_OR_                          52
     sky130_fd_sc_hd__dfrtp_2       27

   Area for cell type $_NOT_ is unknown!
   Area for cell type $_AND_ is unknown!
   Area for cell type $_NAND_ is unknown!
   Area for cell type $_OR_ is unknown!
   Area for cell type $_NOR_ is unknown!
   Area for cell type $_ANDNOT_ is unknown!
   Area for cell type $_ORNOT_ is unknown!
   Area for cell type $_MUX_ is unknown!

   Chip area for module '\state_machine': 709.430400

