48. Printing statistics.

=== state_machine ===

   Number of wires:                202
   Number of wire bits:            316
   Number of public wires:          29
   Number of public wire bits:     120
   Number of memories:               0
   Number of memory bits:            0
   Number of processes:              0
   Number of cells:                281
     $_ANDNOT_                     101
     $_AND_                         17
     $_DFFE_PN0P_                   24
     $_DFF_PN0_                      3
     $_MUX_                          7
     $_NAND_                        13
     $_NOR_                          8
     $_NOT_                         37
     $_ORNOT_                       19
     $_OR_                          52

   Area for cell type $_NOT_ is unknown!
   Area for cell type $_AND_ is unknown!
   Area for cell type $_NAND_ is unknown!
   Area for cell type $_OR_ is unknown!
   Area for cell type $_NOR_ is unknown!
   Area for cell type $_ANDNOT_ is unknown!
   Area for cell type $_ORNOT_ is unknown!
   Area for cell type $_MUX_ is unknown!
   Area for cell type $_DFF_PN0_ is unknown!
   Area for cell type $_DFFE_PN0P_ is unknown!

