62. Printing statistics.

=== state_machine ===

   Number of wires:                139
   Number of wire bits:            207
   Number of public wires:          52
   Number of public wire bits:     120
   Number of memories:               0
   Number of memory bits:            0
   Number of processes:              0
   Number of cells:                183
     sky130_fd_sc_hd__a211o_2        1
     sky130_fd_sc_hd__a211oi_2       2
     sky130_fd_sc_hd__a21bo_2        2
     sky130_fd_sc_hd__a21o_2         3
     sky130_fd_sc_hd__a221o_2        1
     sky130_fd_sc_hd__a22o_2        10
     sky130_fd_sc_hd__a2bb2o_2       1
     sky130_fd_sc_hd__a31o_2         3
     sky130_fd_sc_hd__and2_2        13
     sky130_fd_sc_hd__and2b_2        3
     sky130_fd_sc_hd__and3_2         1
     sky130_fd_sc_hd__and3b_2        1
     sky130_fd_sc_hd__and4_2         3
     sky130_fd_sc_hd__dfrtp_2       27
     sky130_fd_sc_hd__inv_2         35
     sky130_fd_sc_hd__mux2_1        16
     sky130_fd_sc_hd__mux4_2         2
     sky130_fd_sc_hd__nand2_2        2
     sky130_fd_sc_hd__nand2b_2       2
     sky130_fd_sc_hd__nand3b_2       9
     sky130_fd_sc_hd__nor2_2        14
     sky130_fd_sc_hd__nor3_2         1
     sky130_fd_sc_hd__o21ai_2        1
     sky130_fd_sc_hd__o311a_2        1
     sky130_fd_sc_hd__o31a_2         2
     sky130_fd_sc_hd__o32a_2         1
     sky130_fd_sc_hd__or3_2          3
     sky130_fd_sc_hd__or3b_2        20
     sky130_fd_sc_hd__or4_2          2
     sky130_fd_sc_hd__or4bb_2        1

   Chip area for module '\state_machine': 1975.644800

