Reading OpenROAD database at '/Users/ricardonunes/Desktop/SAR_ADC_12b/SAR_ADC_12bit/state_machine/openlane/runs/RUN_2024-04-14_20-24-43/34-openroad-resizertimingpostcts/state_machine.odb'…
Reading library file at '/Users/ricardonunes/.volare/volare/sky130/versions/bdc9412b3e468c102d01b7cf6337be06ec6e9c9a/sky130A/libs.ref/sky130_fd_sc_hd/lib/sky130_fd_sc_hd__tt_025C_1v80.lib'…
Reading design constraints file at '/nix/store/xhwkk1nyrhfgxgb87jl3m1gz0fbr8vi4-python3-3.11.6-env/lib/python3.11/site-packages/openlane/scripts/base.sdc'…
[WARNING STA-0337] port '__VIRTUAL_CLK__' not found.
[INFO] Using clock __VIRTUAL_CLK__…
[INFO] Setting output delay to: 2
[INFO] Setting input delay to: 2
[WARNING STA-0337] port '__VIRTUAL_CLK__' not found.
[INFO] Setting load to: 0.033442
[INFO] Setting clock uncertainty to: 0.25
[INFO] Setting clock transition to: 0.1499999999999999944488848768742172978818416595458984375
[WARNING STA-0559] transition time can not be specified for virtual clocks.
[INFO] Setting timing derate to: 5%
[WARNING STA-0357] virtual clock __VIRTUAL_CLK__ can not be propagated.
[INFO] Setting signal min routing layer to: met1 and clock min routing layer to met1. 
[INFO] Setting signal max routing layer to: met4 and clock max routing layer to met4. 
-congestion_iterations 50 -verbose
[INFO GRT-0020] Min routing layer: met1
[INFO GRT-0021] Max routing layer: met4
[INFO GRT-0022] Global adjustment: 30%
[INFO GRT-0023] Grid origin: (0, 0)
[INFO GRT-0043] No OR_DEFAULT vias defined.
[INFO GRT-0088] Layer li1     Track-Pitch = 0.4600  line-2-Via Pitch: 0.3400
[INFO GRT-0088] Layer met1    Track-Pitch = 0.3400  line-2-Via Pitch: 0.3400
[INFO GRT-0088] Layer met2    Track-Pitch = 0.4600  line-2-Via Pitch: 0.3500
[INFO GRT-0088] Layer met3    Track-Pitch = 0.6800  line-2-Via Pitch: 0.6150
[INFO GRT-0088] Layer met4    Track-Pitch = 0.9200  line-2-Via Pitch: 0.6150
[INFO GRT-0019] Found 0 clock nets.
[INFO GRT-0001] Minimum degree: 2
[INFO GRT-0002] Maximum degree: 11
[INFO GRT-0003] Macros: 0
[INFO GRT-0004] Blockages: 392

[INFO GRT-0053] Routing resources analysis:
          Routing      Original      Derated      Resource
Layer     Direction    Resources     Resources    Reduction (%)
---------------------------------------------------------------
li1        Vertical            0             0          0.00%
met1       Horizontal       3325          1621          51.25%
met2       Vertical         1995          1214          39.15%
met3       Horizontal       1652           974          41.04%
met4       Vertical          931           496          46.72%
---------------------------------------------------------------

[INFO GRT-0101] Running extra iterations to remove overflow.
[INFO GRT-0197] Via related to pin nodes: 2144
[INFO GRT-0198] Via related Steiner nodes: 34
[INFO GRT-0199] Via filling finished.
[INFO GRT-0111] Final number of vias: 2732
[INFO GRT-0112] Final usage 3D: 9820

[INFO GRT-0096] Final congestion report:
Layer         Resource        Demand        Usage (%)    Max H / Max V / Total Overflow
---------------------------------------------------------------------------------------
li1                  0             0            0.00%             0 /  0 /  0
met1              1621           755           46.58%             0 /  0 /  0
met2              1214           491           40.44%             0 /  0 /  0
met3               974           363           37.27%             0 /  0 /  0
met4               496            15            3.02%             0 /  0 /  0
---------------------------------------------------------------------------------------
Total             4305          1624           37.72%             0 /  0 /  0

[INFO GRT-0018] Total wirelength: 18485 um
[INFO GRT-0014] Routed nets: 414
%OL_CREATE_REPORT antenna.rpt
[INFO GRT-0043] No OR_DEFAULT vias defined.
Net: net54
  Pin: _254_/B1 (sky130_fd_sc_hd__o21ai_1)
    Layer: met2
      Partial area ratio:    8.01
      Required ratio:    0.00 (Gate area) 
      Partial area ratio:   41.97
      Required ratio: 2775.60 (Side area) 
      Cumulative area ratio:   10.34
      Required ratio:    0.00 (Cumulative area) 
      Cumulative area ratio:   54.12
      Required ratio:    0.00 (Cumulative side area) 

    Layer: met1
      Partial area ratio:    2.33
      Required ratio:    0.00 (Gate area) 
      Partial area ratio:   12.16
      Required ratio:  400.00 (Side area) 
      Cumulative area ratio:    2.33
      Required ratio:    0.00 (Cumulative area) 
      Cumulative area ratio:   12.16
      Required ratio:    0.00 (Cumulative side area) 

    Layer: li1
      Partial area ratio:    0.00
      Required ratio:    0.00 (Gate area) 
      Partial area ratio:    0.00
      Required ratio:   75.00 (Side area) 
      Cumulative area ratio:    0.00
      Required ratio:    0.00 (Cumulative area) 
      Cumulative area ratio:    0.00
      Required ratio:    0.00 (Cumulative side area) 

    Via: M1M2_PR
      Partial area ratio:    0.11
      Required ratio:    6.00 (Gate area) 
      Cumulative area ratio:    0.25
      Required ratio:    0.00 (Cumulative area) 

    Via: L1M1_PR
      Partial area ratio:    0.14
      Required ratio:    3.00 (Gate area) 
      Cumulative area ratio:    0.14
      Required ratio:    0.00 (Cumulative area) 

  Pin: output54/A (sky130_fd_sc_hd__buf_2)
    Layer: li1
      Partial area ratio:    0.00
      Required ratio:    0.00 (Gate area) 
      Partial area ratio:    0.00
      Required ratio:   75.00 (Side area) 
      Cumulative area ratio:    0.00
      Required ratio:    0.00 (Cumulative area) 
      Cumulative area ratio:    0.00
      Required ratio:    0.00 (Cumulative side area) 

    Layer: met1
      Partial area ratio:    0.15
      Required ratio:    0.00 (Gate area) 
      Partial area ratio:    1.37
      Required ratio:  400.00 (Side area) 
      Cumulative area ratio:    0.15
      Required ratio:    0.00 (Cumulative area) 
      Cumulative area ratio:    1.37
      Required ratio:    0.00 (Cumulative side area) 

    Layer: met2
      Partial area ratio:    8.68
      Required ratio:    0.00 (Gate area) 
      Partial area ratio:   44.64
      Required ratio:  400.00 (Side area) 
      Cumulative area ratio:    8.83
      Required ratio:    0.00 (Cumulative area) 
      Cumulative area ratio:   46.02
      Required ratio:    0.00 (Cumulative side area) 

    Layer: met3
      Partial area ratio:  195.85
      Required ratio:    0.00 (Gate area) 
      Partial area ratio: 1047.55
      Required ratio:  400.00 (Side area) (VIOLATED)
      Cumulative area ratio:  204.68
      Required ratio:    0.00 (Cumulative area) 
      Cumulative area ratio: 1093.56
      Required ratio:    0.00 (Cumulative side area) 

    Via: L1M1_PR
      Partial area ratio:    0.18
      Required ratio:    3.00 (Gate area) 
      Cumulative area ratio:    0.18
      Required ratio:    0.00 (Cumulative area) 

    Via: M1M2_PR
      Partial area ratio:    0.14
      Required ratio:    6.00 (Gate area) 
      Cumulative area ratio:    0.32
      Required ratio:    0.00 (Cumulative area) 

    Via: M2M3_PR
      Partial area ratio:    0.25
      Required ratio:    6.00 (Gate area) 
      Cumulative area ratio:    0.57
      Required ratio:    0.00 (Cumulative area) 


Net: net56
  Pin: _262_/A (sky130_fd_sc_hd__nand2_1)
    Layer: met4
      Partial area ratio:   31.00
      Required ratio:    0.00 (Gate area) 
      Partial area ratio:  167.68
      Required ratio: 2778.20 (Side area) 
      Cumulative area ratio:  215.77
      Required ratio:    0.00 (Cumulative area) 
      Cumulative area ratio: 1159.50
      Required ratio:    0.00 (Cumulative side area) 

    Layer: met3
      Partial area ratio:    0.00
      Required ratio:    0.00 (Gate area) 
      Partial area ratio:    0.00
      Required ratio:  400.00 (Side area) 
      Cumulative area ratio:    1.38
      Required ratio:    0.00 (Cumulative area) 
      Cumulative area ratio:    7.67
      Required ratio:    0.00 (Cumulative side area) 

    Layer: met2
      Partial area ratio:    0.23
      Required ratio:    0.00 (Gate area) 
      Partial area ratio:    1.56
      Required ratio:  400.00 (Side area) 
      Cumulative area ratio:    1.38
      Required ratio:    0.00 (Cumulative area) 
      Cumulative area ratio:    7.67
      Required ratio:    0.00 (Cumulative side area) 

    Layer: met1
      Partial area ratio:    1.14
      Required ratio:    0.00 (Gate area) 
      Partial area ratio:    6.12
      Required ratio:  400.00 (Side area) 
      Cumulative area ratio:    1.14
      Required ratio:    0.00 (Cumulative area) 
      Cumulative area ratio:    6.12
      Required ratio:    0.00 (Cumulative side area) 

    Layer: li1
      Partial area ratio:    0.00
      Required ratio:    0.00 (Gate area) 
      Partial area ratio:    0.00
      Required ratio:   75.00 (Side area) 
      Cumulative area ratio:    0.00
      Required ratio:    0.00 (Cumulative area) 
      Cumulative area ratio:    0.00
      Required ratio:    0.00 (Cumulative side area) 

    Via: M3M4_PR
      Partial area ratio:    0.16
      Required ratio:    6.00 (Gate area) 
      Cumulative area ratio:    0.53
      Required ratio:    0.00 (Cumulative area) 

    Via: M2M3_PR
      Partial area ratio:    0.16
      Required ratio:    6.00 (Gate area) 
      Cumulative area ratio:    0.37
      Required ratio:    0.00 (Cumulative area) 

    Via: M1M2_PR
      Partial area ratio:    0.09
      Required ratio:    6.00 (Gate area) 
      Cumulative area ratio:    0.21
      Required ratio:    0.00 (Cumulative area) 

    Via: L1M1_PR
      Partial area ratio:    0.12
      Required ratio:    3.00 (Gate area) 
      Cumulative area ratio:    0.12
      Required ratio:    0.00 (Cumulative area) 

  Pin: output56/A (sky130_fd_sc_hd__buf_2)
    Layer: met4
      Partial area ratio:   31.00
      Required ratio:    0.00 (Gate area) 
      Partial area ratio:  167.68
      Required ratio: 2778.20 (Side area) 
      Cumulative area ratio:  224.85
      Required ratio:    0.00 (Cumulative area) 
      Cumulative area ratio: 1205.94
      Required ratio:    0.00 (Cumulative side area) 

    Layer: met3
      Partial area ratio:  183.40
      Required ratio:    0.00 (Gate area) 
      Partial area ratio:  984.15
      Required ratio:  400.00 (Side area) (VIOLATED)
      Cumulative area ratio:  193.85
      Required ratio:    0.00 (Cumulative area) 
      Cumulative area ratio: 1038.27
      Required ratio:    0.00 (Cumulative side area) 

    Layer: met2
      Partial area ratio:    8.68
      Required ratio:    0.00 (Gate area) 
      Partial area ratio:   44.64
      Required ratio:  400.00 (Side area) 
      Cumulative area ratio:   10.45
      Required ratio:    0.00 (Cumulative area) 
      Cumulative area ratio:   54.12
      Required ratio:    0.00 (Cumulative side area) 

    Layer: met1
      Partial area ratio:    1.77
      Required ratio:    0.00 (Gate area) 
      Partial area ratio:    9.47
      Required ratio:  400.00 (Side area) 
      Cumulative area ratio:    1.77
      Required ratio:    0.00 (Cumulative area) 
      Cumulative area ratio:    9.47
      Required ratio:    0.00 (Cumulative side area) 

    Layer: li1
      Partial area ratio:    0.00
      Required ratio:    0.00 (Gate area) 
      Partial area ratio:    0.00
      Required ratio:   75.00 (Side area) 
      Cumulative area ratio:    0.00
      Required ratio:    0.00 (Cumulative area) 
      Cumulative area ratio:    0.00
      Required ratio:    0.00 (Cumulative side area) 

    Via: M3M4_PR
      Partial area ratio:    0.50
      Required ratio:    6.00 (Gate area) 
      Cumulative area ratio:    1.08
      Required ratio:    0.00 (Cumulative area) 

    Via: M2M3_PR
      Partial area ratio:    0.25
      Required ratio:    6.00 (Gate area) 
      Cumulative area ratio:    0.57
      Required ratio:    0.00 (Cumulative area) 

    Via: M1M2_PR
      Partial area ratio:    0.14
      Required ratio:    6.00 (Gate area) 
      Cumulative area ratio:    0.32
      Required ratio:    0.00 (Cumulative area) 

    Via: L1M1_PR
      Partial area ratio:    0.18
      Required ratio:    3.00 (Gate area) 
      Cumulative area ratio:    0.18
      Required ratio:    0.00 (Cumulative area) 


Net: net57
  Pin: _266_/B1 (sky130_fd_sc_hd__o21ai_1)
    Layer: met2
      Partial area ratio:   17.73
      Required ratio:    0.00 (Gate area) 
      Partial area ratio:   91.05
      Required ratio: 2775.60 (Side area) 
      Cumulative area ratio:   18.79
      Required ratio:    0.00 (Cumulative area) 
      Cumulative area ratio:   96.85
      Required ratio:    0.00 (Cumulative side area) 

    Layer: met1
      Partial area ratio:    1.06
      Required ratio:    0.00 (Gate area) 
      Partial area ratio:    5.80
      Required ratio:  400.00 (Side area) 
      Cumulative area ratio:    1.06
      Required ratio:    0.00 (Cumulative area) 
      Cumulative area ratio:    5.80
      Required ratio:    0.00 (Cumulative side area) 

    Layer: li1
      Partial area ratio:    0.00
      Required ratio:    0.00 (Gate area) 
      Partial area ratio:    0.00
      Required ratio:   75.00 (Side area) 
      Cumulative area ratio:    0.00
      Required ratio:    0.00 (Cumulative area) 
      Cumulative area ratio:    0.00
      Required ratio:    0.00 (Cumulative side area) 

    Via: M1M2_PR
      Partial area ratio:    0.11
      Required ratio:    6.00 (Gate area) 
      Cumulative area ratio:    0.25
      Required ratio:    0.00 (Cumulative area) 

    Via: L1M1_PR
      Partial area ratio:    0.14
      Required ratio:    3.00 (Gate area) 
      Cumulative area ratio:    0.14
      Required ratio:    0.00 (Cumulative area) 

  Pin: output57/A (sky130_fd_sc_hd__buf_2)
    Layer: li1
      Partial area ratio:    0.00
      Required ratio:    0.00 (Gate area) 
      Partial area ratio:    0.00
      Required ratio:   75.00 (Side area) 
      Cumulative area ratio:    0.00
      Required ratio:    0.00 (Cumulative area) 
      Cumulative area ratio:    0.00
      Required ratio:    0.00 (Cumulative side area) 

    Layer: met1
      Partial area ratio:    1.72
      Required ratio:    0.00 (Gate area) 
      Partial area ratio:    9.19
      Required ratio:  400.00 (Side area) 
      Cumulative area ratio:    1.72
      Required ratio:    0.00 (Cumulative area) 
      Cumulative area ratio:    9.19
      Required ratio:    0.00 (Cumulative side area) 

    Layer: met2
      Partial area ratio:    8.75
      Required ratio:    0.00 (Gate area) 
      Partial area ratio:   44.99
      Required ratio:  400.00 (Side area) 
      Cumulative area ratio:   10.47
      Required ratio:    0.00 (Cumulative area) 
      Cumulative area ratio:   54.19
      Required ratio:    0.00 (Cumulative side area) 

    Layer: met3
      Partial area ratio:  117.74
      Required ratio:    0.00 (Gate area) 
      Partial area ratio:  630.94
      Required ratio:  400.00 (Side area) (VIOLATED)
      Cumulative area ratio:  128.20
      Required ratio:    0.00 (Cumulative area) 
      Cumulative area ratio:  685.13
      Required ratio:    0.00 (Cumulative side area) 

    Via: L1M1_PR
      Partial area ratio:    0.18
      Required ratio:    3.00 (Gate area) 
      Cumulative area ratio:    0.18
      Required ratio:    0.00 (Cumulative area) 

    Via: M1M2_PR
      Partial area ratio:    0.14
      Required ratio:    6.00 (Gate area) 
      Cumulative area ratio:    0.32
      Required ratio:    0.00 (Cumulative area) 

    Via: M2M3_PR
      Partial area ratio:    0.25
      Required ratio:    6.00 (Gate area) 
      Cumulative area ratio:    0.57
      Required ratio:    0.00 (Cumulative area) 


Net: net73
  Pin: output73/A (sky130_fd_sc_hd__buf_2)
    Layer: met4
      Partial area ratio:   13.58
      Required ratio:    0.00 (Gate area) 
      Partial area ratio:   75.47
      Required ratio: 2896.80 (Side area) 
      Cumulative area ratio:  165.26
      Required ratio:    0.00 (Cumulative area) 
      Cumulative area ratio:  886.63
      Required ratio:    0.00 (Cumulative side area) 

    Layer: met3
      Partial area ratio:  143.77
      Required ratio:    0.00 (Gate area) 
      Partial area ratio:  769.81
      Required ratio:  400.00 (Side area) (VIOLATED)
      Cumulative area ratio:  151.67
      Required ratio:    0.00 (Cumulative area) 
      Cumulative area ratio:  811.16
      Required ratio:    0.00 (Cumulative side area) 

    Layer: met2
      Partial area ratio:    6.53
      Required ratio:    0.00 (Gate area) 
      Partial area ratio:   33.90
      Required ratio:  400.00 (Side area) 
      Cumulative area ratio:    7.90
      Required ratio:    0.00 (Cumulative area) 
      Cumulative area ratio:   41.35
      Required ratio:    0.00 (Cumulative side area) 

    Layer: met1
      Partial area ratio:    1.37
      Required ratio:    0.00 (Gate area) 
      Partial area ratio:    7.45
      Required ratio:  400.00 (Side area) 
      Cumulative area ratio:    1.37
      Required ratio:    0.00 (Cumulative area) 
      Cumulative area ratio:    7.45
      Required ratio:    0.00 (Cumulative side area) 

    Layer: li1
      Partial area ratio:    0.00
      Required ratio:    0.00 (Gate area) 
      Partial area ratio:    0.00
      Required ratio:   75.00 (Side area) 
      Cumulative area ratio:    0.00
      Required ratio:    0.00 (Cumulative area) 
      Cumulative area ratio:    0.00
      Required ratio:    0.00 (Cumulative side area) 

    Via: M3M4_PR
      Partial area ratio:    0.25
      Required ratio:    6.00 (Gate area) 
      Cumulative area ratio:    0.83
      Required ratio:    0.00 (Cumulative area) 

    Via: M2M3_PR
      Partial area ratio:    0.25
      Required ratio:    6.00 (Gate area) 
      Cumulative area ratio:    0.57
      Required ratio:    0.00 (Cumulative area) 

    Via: M1M2_PR
      Partial area ratio:    0.14
      Required ratio:    6.00 (Gate area) 
      Cumulative area ratio:    0.32
      Required ratio:    0.00 (Cumulative area) 

    Via: L1M1_PR
      Partial area ratio:    0.18
      Required ratio:    3.00 (Gate area) 
      Cumulative area ratio:    0.18
      Required ratio:    0.00 (Cumulative area) 


Net: net75
  Pin: output75/A (sky130_fd_sc_hd__buf_2)
    Layer: met4
      Partial area ratio:   26.60
      Required ratio:    0.00 (Gate area) 
      Partial area ratio:  144.91
      Required ratio: 2771.60 (Side area) 
      Cumulative area ratio:  217.91
      Required ratio:    0.00 (Cumulative area) 
      Cumulative area ratio: 1162.91
      Required ratio:    0.00 (Cumulative side area) 

    Layer: met3
      Partial area ratio:  169.81
      Required ratio:    0.00 (Gate area) 
      Partial area ratio:  908.68
      Required ratio:  400.00 (Side area) (VIOLATED)
      Cumulative area ratio:  191.31
      Required ratio:    0.00 (Cumulative area) 
      Cumulative area ratio: 1018.00
      Required ratio:    0.00 (Cumulative side area) 

    Layer: met2
      Partial area ratio:   20.13
      Required ratio:    0.00 (Gate area) 
      Partial area ratio:  101.87
      Required ratio:  400.00 (Side area) 
      Cumulative area ratio:   21.49
      Required ratio:    0.00 (Cumulative area) 
      Cumulative area ratio:  109.32
      Required ratio:    0.00 (Cumulative side area) 

    Layer: met1
      Partial area ratio:    1.37
      Required ratio:    0.00 (Gate area) 
      Partial area ratio:    7.45
      Required ratio:  400.00 (Side area) 
      Cumulative area ratio:    1.37
      Required ratio:    0.00 (Cumulative area) 
      Cumulative area ratio:    7.45
      Required ratio:    0.00 (Cumulative side area) 

    Layer: li1
      Partial area ratio:    0.00
      Required ratio:    0.00 (Gate area) 
      Partial area ratio:    0.00
      Required ratio:   75.00 (Side area) 
      Cumulative area ratio:    0.00
      Required ratio:    0.00 (Cumulative area) 
      Cumulative area ratio:    0.00
      Required ratio:    0.00 (Cumulative side area) 

    Via: M3M4_PR
      Partial area ratio:    0.25
      Required ratio:    6.00 (Gate area) 
      Cumulative area ratio:    0.83
      Required ratio:    0.00 (Cumulative area) 

    Via: M2M3_PR
      Partial area ratio:    0.25
      Required ratio:    6.00 (Gate area) 
      Cumulative area ratio:    0.57
      Required ratio:    0.00 (Cumulative area) 

    Via: M1M2_PR
      Partial area ratio:    0.14
      Required ratio:    6.00 (Gate area) 
      Cumulative area ratio:    0.32
      Required ratio:    0.00 (Cumulative area) 

    Via: L1M1_PR
      Partial area ratio:    0.18
      Required ratio:    3.00 (Gate area) 
      Cumulative area ratio:    0.18
      Required ratio:    0.00 (Cumulative area) 


Net: net76
  Pin: output76/A (sky130_fd_sc_hd__buf_2)
    Layer: met4
      Partial area ratio:   13.58
      Required ratio:    0.00 (Gate area) 
      Partial area ratio:   75.47
      Required ratio: 2771.60 (Side area) 
      Cumulative area ratio:  198.58
      Required ratio:    0.00 (Cumulative area) 
      Cumulative area ratio: 1061.93
      Required ratio:    0.00 (Cumulative side area) 

    Layer: met3
      Partial area ratio:  169.81
      Required ratio:    0.00 (Gate area) 
      Partial area ratio:  908.68
      Required ratio:  400.00 (Side area) (VIOLATED)
      Cumulative area ratio:  185.00
      Required ratio:    0.00 (Cumulative area) 
      Cumulative area ratio:  986.46
      Required ratio:    0.00 (Cumulative side area) 

    Layer: met2
      Partial area ratio:   13.47
      Required ratio:    0.00 (Gate area) 
      Partial area ratio:   68.59
      Required ratio:  400.00 (Side area) 
      Cumulative area ratio:   15.19
      Required ratio:    0.00 (Cumulative area) 
      Cumulative area ratio:   77.78
      Required ratio:    0.00 (Cumulative side area) 

    Layer: met1
      Partial area ratio:    1.72
      Required ratio:    0.00 (Gate area) 
      Partial area ratio:    9.19
      Required ratio:  400.00 (Side area) 
      Cumulative area ratio:    1.72
      Required ratio:    0.00 (Cumulative area) 
      Cumulative area ratio:    9.19
      Required ratio:    0.00 (Cumulative side area) 

    Layer: li1
      Partial area ratio:    0.00
      Required ratio:    0.00 (Gate area) 
      Partial area ratio:    0.00
      Required ratio:   75.00 (Side area) 
      Cumulative area ratio:    0.00
      Required ratio:    0.00 (Cumulative area) 
      Cumulative area ratio:    0.00
      Required ratio:    0.00 (Cumulative side area) 

    Via: M3M4_PR
      Partial area ratio:    0.25
      Required ratio:    6.00 (Gate area) 
      Cumulative area ratio:    0.83
      Required ratio:    0.00 (Cumulative area) 

    Via: M2M3_PR
      Partial area ratio:    0.25
      Required ratio:    6.00 (Gate area) 
      Cumulative area ratio:    0.57
      Required ratio:    0.00 (Cumulative area) 

    Via: M1M2_PR
      Partial area ratio:    0.14
      Required ratio:    6.00 (Gate area) 
      Cumulative area ratio:    0.32
      Required ratio:    0.00 (Cumulative area) 

    Via: L1M1_PR
      Partial area ratio:    0.18
      Required ratio:    3.00 (Gate area) 
      Cumulative area ratio:    0.18
      Required ratio:    0.00 (Cumulative area) 


[INFO ANT-0002] Found 6 net violations.
[INFO ANT-0001] Found 6 pin violations.
%OL_END_REPORT
[INFO] Setting RC values…
Setting global connections for newly added cells…
[INFO] Setting global connections...
Writing OpenROAD database to '/Users/ricardonunes/Desktop/SAR_ADC_12b/SAR_ADC_12bit/state_machine/openlane/runs/RUN_2024-04-14_20-24-43/36-openroad-globalrouting/state_machine.odb'…
Writing layout to '/Users/ricardonunes/Desktop/SAR_ADC_12b/SAR_ADC_12bit/state_machine/openlane/runs/RUN_2024-04-14_20-24-43/36-openroad-globalrouting/state_machine.def'…
