
Circuit 1 cell sky130_fd_pr__nfet_01v8 and Circuit 2 cell sky130_fd_pr__nfet_01v8 are black boxes.
Warning: Equate pins:  cell sky130_fd_pr__nfet_01v8 is a placeholder, treated as a black box.
Warning: Equate pins:  cell sky130_fd_pr__nfet_01v8 is a placeholder, treated as a black box.

Subcircuit pins:
Circuit 1: sky130_fd_pr__nfet_01v8         |Circuit 2: sky130_fd_pr__nfet_01v8         
-------------------------------------------|-------------------------------------------
1                                          |1                                          
2                                          |2                                          
3                                          |3                                          
4                                          |4                                          
---------------------------------------------------------------------------------------
Cell pin lists are equivalent.
Device classes sky130_fd_pr__nfet_01v8 and sky130_fd_pr__nfet_01v8 are equivalent.

Circuit 1 cell sky130_fd_pr__pfet_01v8_hvt and Circuit 2 cell sky130_fd_pr__pfet_01v8_hvt are black boxes.
Warning: Equate pins:  cell sky130_fd_pr__pfet_01v8_hvt is a placeholder, treated as a black box.
Warning: Equate pins:  cell sky130_fd_pr__pfet_01v8_hvt is a placeholder, treated as a black box.

Subcircuit pins:
Circuit 1: sky130_fd_pr__pfet_01v8_hvt     |Circuit 2: sky130_fd_pr__pfet_01v8_hvt     
-------------------------------------------|-------------------------------------------
1                                          |1                                          
2                                          |2                                          
3                                          |3                                          
4                                          |4                                          
---------------------------------------------------------------------------------------
Cell pin lists are equivalent.
Device classes sky130_fd_pr__pfet_01v8_hvt and sky130_fd_pr__pfet_01v8_hvt are equivalent.

Circuit 1 cell sky130_fd_pr__pfet_01v8_lvt and Circuit 2 cell sky130_fd_pr__pfet_01v8_lvt are black boxes.
Warning: Equate pins:  cell sky130_fd_pr__pfet_01v8_lvt is a placeholder, treated as a black box.
Warning: Equate pins:  cell sky130_fd_pr__pfet_01v8_lvt is a placeholder, treated as a black box.

Subcircuit pins:
Circuit 1: sky130_fd_pr__pfet_01v8_lvt     |Circuit 2: sky130_fd_pr__pfet_01v8_lvt     
-------------------------------------------|-------------------------------------------
1                                          |1                                          
2                                          |2                                          
3                                          |3                                          
4                                          |4                                          
---------------------------------------------------------------------------------------
Cell pin lists are equivalent.
Device classes sky130_fd_pr__pfet_01v8_lvt and sky130_fd_pr__pfet_01v8_lvt are equivalent.

Circuit 1 cell sky130_fd_pr__pfet_01v8 and Circuit 2 cell sky130_fd_pr__pfet_01v8 are black boxes.
Warning: Equate pins:  cell sky130_fd_pr__pfet_01v8 is a placeholder, treated as a black box.
Warning: Equate pins:  cell sky130_fd_pr__pfet_01v8 is a placeholder, treated as a black box.

Subcircuit pins:
Circuit 1: sky130_fd_pr__pfet_01v8         |Circuit 2: sky130_fd_pr__pfet_01v8         
-------------------------------------------|-------------------------------------------
1                                          |1                                          
2                                          |2                                          
3                                          |3                                          
4                                          |4                                          
---------------------------------------------------------------------------------------
Cell pin lists are equivalent.
Device classes sky130_fd_pr__pfet_01v8 and sky130_fd_pr__pfet_01v8 are equivalent.

Circuit 1 cell sky130_fd_pr__nfet_03v3_nvt and Circuit 2 cell sky130_fd_pr__nfet_03v3_nvt are black boxes.
Warning: Equate pins:  cell sky130_fd_pr__nfet_03v3_nvt is a placeholder, treated as a black box.
Warning: Equate pins:  cell sky130_fd_pr__nfet_03v3_nvt is a placeholder, treated as a black box.

Subcircuit pins:
Circuit 1: sky130_fd_pr__nfet_03v3_nvt     |Circuit 2: sky130_fd_pr__nfet_03v3_nvt     
-------------------------------------------|-------------------------------------------
1                                          |1                                          
2                                          |2                                          
3                                          |3                                          
4                                          |4                                          
---------------------------------------------------------------------------------------
Cell pin lists are equivalent.
Device classes sky130_fd_pr__nfet_03v3_nvt and sky130_fd_pr__nfet_03v3_nvt are equivalent.

Circuit 1 cell sky130_fd_pr__res_high_po_0p35 and Circuit 2 cell sky130_fd_pr__res_high_po_0p35 are black boxes.
Warning: Equate pins:  cell sky130_fd_pr__res_high_po_0p35 is a placeholder, treated as a black box.
Warning: Equate pins:  cell sky130_fd_pr__res_high_po_0p35 is a placeholder, treated as a black box.

Subcircuit pins:
Circuit 1: sky130_fd_pr__res_high_po_0p35  |Circuit 2: sky130_fd_pr__res_high_po_0p35  
-------------------------------------------|-------------------------------------------
1                                          |1                                          
2                                          |2                                          
3                                          |3                                          
---------------------------------------------------------------------------------------
Cell pin lists are equivalent.
Device classes sky130_fd_pr__res_high_po_0p35 and sky130_fd_pr__res_high_po_0p35 are equivalent.

Circuit 1 cell sky130_fd_pr__nfet_01v8_lvt and Circuit 2 cell sky130_fd_pr__nfet_01v8_lvt are black boxes.
Warning: Equate pins:  cell sky130_fd_pr__nfet_01v8_lvt is a placeholder, treated as a black box.
Warning: Equate pins:  cell sky130_fd_pr__nfet_01v8_lvt is a placeholder, treated as a black box.

Subcircuit pins:
Circuit 1: sky130_fd_pr__nfet_01v8_lvt     |Circuit 2: sky130_fd_pr__nfet_01v8_lvt     
-------------------------------------------|-------------------------------------------
1                                          |1                                          
2                                          |2                                          
3                                          |3                                          
4                                          |4                                          
---------------------------------------------------------------------------------------
Cell pin lists are equivalent.
Device classes sky130_fd_pr__nfet_01v8_lvt and sky130_fd_pr__nfet_01v8_lvt are equivalent.

Subcircuit summary:
Circuit 1: sky130_fd_sc_hd__inv_1          |Circuit 2: sky130_fd_sc_hd__inv_1          
-------------------------------------------|-------------------------------------------
sky130_fd_pr__nfet_01v8 (1)                |sky130_fd_pr__nfet_01v8 (1)                
sky130_fd_pr__pfet_01v8_hvt (1)            |sky130_fd_pr__pfet_01v8_hvt (1)            
Number of devices: 2                       |Number of devices: 2                       
Number of nets: 6                          |Number of nets: 6                          
---------------------------------------------------------------------------------------
Netlists match uniquely.

Subcircuit pins:
Circuit 1: sky130_fd_sc_hd__inv_1          |Circuit 2: sky130_fd_sc_hd__inv_1          
-------------------------------------------|-------------------------------------------
VGND                                       |VGND                                       
VNB                                        |VNB                                        
VPWR                                       |VPWR                                       
VPB                                        |VPB                                        
A                                          |A                                          
Y                                          |Y                                          
---------------------------------------------------------------------------------------
Cell pin lists are equivalent.
Device classes sky130_fd_sc_hd__inv_1 and sky130_fd_sc_hd__inv_1 are equivalent.
Flattening unmatched subcell sky130_fd_pr__nfet_01v8_F5PS5H in circuit preamplifier (0)(2 instances)
Flattening unmatched subcell sky130_fd_pr__pfet_01v8_hvt_U47ZGH in circuit preamplifier (0)(2 instances)
Flattening unmatched subcell sky130_fd_pr__pfet_01v8_lvt_6VC8VM in circuit preamplifier (0)(1 instance)
Flattening unmatched subcell sky130_fd_pr__pfet_01v8_XPKDX6 in circuit preamplifier (0)(1 instance)
Flattening unmatched subcell sky130_fd_pr__nfet_01v8_VGBCTM in circuit preamplifier (0)(1 instance)
Flattening unmatched subcell sky130_fd_pr__nfet_01v8_64Z3AY in circuit preamplifier (0)(1 instance)
Flattening unmatched subcell sky130_fd_pr__nfet_03v3_nvt_Y5TA2C in circuit preamplifier (0)(1 instance)
Flattening unmatched subcell sky130_fd_pr__res_high_po_0p35_699HP9 in circuit preamplifier (0)(1 instance)
Flattening unmatched subcell sky130_fd_pr__pfet_01v8_3QWEX8 in circuit preamplifier (0)(1 instance)
Flattening unmatched subcell sky130_fd_pr__nfet_01v8_7CP4KT in circuit preamplifier (0)(1 instance)
Flattening unmatched subcell sky130_fd_pr__nfet_01v8_lvt_56HSEP in circuit preamplifier (0)(1 instance)
Flattening unmatched subcell sky130_fd_pr__pfet_01v8_LGS3BL in circuit preamplifier (0)(1 instance)
Flattening unmatched subcell sky130_fd_pr__pfet_01v8_GCK2T6 in circuit preamplifier (0)(1 instance)

Class preamplifier (0):  Merged 52 parallel devices.
Class preamplifier (0):  Merged 8 series devices.
Class preamplifier (1):  Merged 8 series devices.
Subcircuit summary:
Circuit 1: preamplifier                    |Circuit 2: preamplifier                    
-------------------------------------------|-------------------------------------------
sky130_fd_pr__nfet_01v8 (15->7)            |sky130_fd_pr__nfet_01v8 (15->7)            
sky130_fd_sc_hd__inv_1 (1)                 |sky130_fd_sc_hd__inv_1 (1)                 
sky130_fd_pr__pfet_01v8_hvt (8->2)         |sky130_fd_pr__pfet_01v8_hvt (2)            
sky130_fd_pr__pfet_01v8_lvt (2)            |sky130_fd_pr__pfet_01v8_lvt (2)            
sky130_fd_pr__pfet_01v8 (46->8)            |sky130_fd_pr__pfet_01v8 (22->8)            
sky130_fd_pr__nfet_03v3_nvt (2)            |sky130_fd_pr__nfet_03v3_nvt (2)            
sky130_fd_pr__res_high_po_0p35 (11->3)     |sky130_fd_pr__res_high_po_0p35 (11->3)     
sky130_fd_pr__nfet_01v8_lvt (4)            |sky130_fd_pr__nfet_01v8_lvt (4)            
Number of devices: 29                      |Number of devices: 29                      
Number of nets: 21                         |Number of nets: 21                         
---------------------------------------------------------------------------------------
Resolving symmetries by property value.
Resolving symmetries by pin name.
Netlists match uniquely.

Subcircuit pins:
Circuit 1: preamplifier                    |Circuit 2: preamplifier                    
-------------------------------------------|-------------------------------------------
IN_P                                       |IN_P                                       
IN_N                                       |IN_N                                       
CAL_P                                      |CAL_P                                      
CAL_N                                      |CAL_N                                      
VDD                                        |VDD                                        
EN                                         |EN                                         
VSS                                        |VSS                                        
OUT_N                                      |OUT_N                                      
OUT_P                                      |OUT_P                                      
---------------------------------------------------------------------------------------
Cell pin lists are equivalent.
Device classes preamplifier and preamplifier are equivalent.

Final result: Circuits match uniquely.
.
