
===========================================================================
report_checks -unconstrained
===========================================================================
======================= nom_tt_025C_1v80 Corner ===================================

Startpoint: vin_n_sw_on (input port clocked by __VIRTUAL_CLK__)
Endpoint: vss_n_o[4] (output port clocked by __VIRTUAL_CLK__)
Path Group: __VIRTUAL_CLK__
Path Type: max

Fanout         Cap        Slew       Delay        Time   Description
---------------------------------------------------------------------------------------------
                      0.000000    0.000000    0.000000   clock __VIRTUAL_CLK__ (rise edge)
                                  0.000000    0.000000   clock network delay (ideal)
                                  2.000000    2.000000 v input external delay
     1    0.003073    0.009268    0.004894    2.004894 v vin_n_sw_on (in)
                                                         vin_n_sw_on (net)
                      0.009268    0.000000    2.004894 v input24/A (sky130_fd_sc_hd__buf_1)
     1    0.008806    0.057882    0.099998    2.104892 v input24/X (sky130_fd_sc_hd__buf_1)
                                                         net24 (net)
                      0.057888    0.000493    2.105386 v _214_/A (sky130_fd_sc_hd__or3_2)
     4    0.010992    0.106914    0.517352    2.622738 v _214_/X (sky130_fd_sc_hd__or3_2)
                                                         _059_ (net)
                      0.106914    0.000000    2.622738 v _215_/A (sky130_fd_sc_hd__inv_2)
     4    0.015067    0.080031    0.107339    2.730077 ^ _215_/Y (sky130_fd_sc_hd__inv_2)
                                                         net39 (net)
                      0.080031    0.000000    2.730077 ^ _217_/B (sky130_fd_sc_hd__nand2_1)
     2    0.005018    0.063251    0.069336    2.799413 v _217_/Y (sky130_fd_sc_hd__nand2_1)
                                                         _061_ (net)
                      0.063251    0.000136    2.799548 v fanout95/A (sky130_fd_sc_hd__buf_2)
    10    0.035096    0.091336    0.188752    2.988300 v fanout95/X (sky130_fd_sc_hd__buf_2)
                                                         net95 (net)
                      0.091358    0.001191    2.989491 v _226_/B1 (sky130_fd_sc_hd__o32a_1)
     3    0.006001    0.068626    0.203033    3.192524 v _226_/X (sky130_fd_sc_hd__o32a_1)
                                                         _066_ (net)
                      0.068626    0.000000    3.192524 v _227_/A2 (sky130_fd_sc_hd__o21ai_1)
     1    0.010426    0.228373    0.219543    3.412068 ^ _227_/Y (sky130_fd_sc_hd__o21ai_1)
                                                         net78 (net)
                      0.228374    0.000413    3.412481 ^ output78/A (sky130_fd_sc_hd__buf_2)
     1    0.038345    0.189630    0.268247    3.680728 ^ output78/X (sky130_fd_sc_hd__buf_2)
                                                         vss_n_o[4] (net)
                      0.189645    0.001384    3.682112 ^ vss_n_o[4] (out)
                                              3.682112   data arrival time

                      0.000000   10.000000   10.000000   clock __VIRTUAL_CLK__ (rise edge)
                                  0.000000   10.000000   clock network delay (ideal)
                                 -0.250000    9.750000   clock uncertainty
                                  0.000000    9.750000   clock reconvergence pessimism
                                 -2.000000    7.750000   output external delay
                                              7.750000   data required time
---------------------------------------------------------------------------------------------
                                              7.750000   data required time
                                             -3.682112   data arrival time
---------------------------------------------------------------------------------------------
                                              4.067888   slack (MET)




===========================================================================
report_checks --slack_max -0.01
============================================================================
======================= nom_tt_025C_1v80 Corner ===================================

No paths found.


===========================================================================
 report_check_types -max_slew -max_cap -max_fanout -violators
============================================================================
======================= nom_tt_025C_1v80 Corner ===================================



===========================================================================
report_parasitic_annotation -report_unannotated
============================================================================
Found 414 unannotated drivers.
 clk
 comp_n
 comp_p
 debug_mux[0]
 debug_mux[1]
 debug_mux[2]
 debug_mux[3]
 en_offset_cal
 en_vcm_sw_o_i
 rst_z
 single_ended
 start
 vcm_o_i[0]
 vcm_o_i[10]
 vcm_o_i[1]
 vcm_o_i[2]
 vcm_o_i[3]
 vcm_o_i[4]
 vcm_o_i[5]
 vcm_o_i[6]
 vcm_o_i[7]
 vcm_o_i[8]
 vcm_o_i[9]
 vin_n_sw_on
 vin_p_sw_on
 _175_/Y
 _176_/Y
 _177_/Y
 _178_/Y
 _179_/Y
 _180_/Y
 _181_/Y
 _182_/Y
 _183_/Y
 _184_/Y
 _185_/Y
 _186_/Y
 _187_/Y
 _188_/Y
 _189_/Y
 _190_/Y
 _191_/Y
 _192_/Y
 _193_/Y
 _194_/Y
 _195_/Y
 _196_/Y
 _197_/Y
 _198_/Y
 _199_/Y
 _200_/X
 _201_/Y
 _202_/X
 _203_/Y
 _204_/X
 _205_/Y
 _206_/X
 _207_/Y
 _208_/X
 _209_/Y
 _210_/X
 _211_/X
 _212_/X
 _213_/Y
 _214_/X
 _215_/Y
 _216_/X
 _217_/Y
 _218_/X
 _219_/Y
 _220_/X
 _221_/X
 _222_/Y
 _223_/X
 _224_/X
 _225_/Y
 _226_/X
 _227_/Y
 _228_/X
 _229_/X
 _230_/X
 _231_/X
 _232_/Y
 _233_/X
 _234_/Y
 _235_/Y
 _236_/X
 _237_/Y
 _238_/Y
 _239_/X
 _240_/Y
 _241_/Y
 _242_/X
 _243_/Y
 _244_/X
 _245_/Y
 _246_/Y
 _247_/Y
 _248_/Y
 _249_/Y
 _250_/Y
 _251_/Y
 _252_/Y
 _253_/Y
 _254_/Y
 _255_/X
 _256_/Y
 _257_/X
 _258_/Y
 _259_/Y
 _260_/X
 _261_/Y
 _262_/Y
 _263_/Y
 _264_/Y
 _265_/Y
 _266_/Y
 _267_/Y
 _268_/Y
 _269_/Y
 _270_/Y
 _271_/Y
 _272_/Y
 _273_/Y
 _274_/Y
 _275_/Y
 _276_/Y
 _277_/Y
 _278_/Y
 _279_/Y
 _280_/Y
 _281_/Y
 _282_/Y
 _283_/X
 _284_/Y
 _285_/X
 _286_/X
 _287_/X
 _288_/X
 _289_/X
 _290_/X
 _291_/X
 _292_/X
 _293_/X
 _294_/X
 _295_/X
 _296_/X
 _297_/X
 _298_/X
 _299_/X
 _300_/X
 _301_/X
 _302_/X
 _303_/X
 _304_/X
 _305_/Y
 _306_/Y
 _307_/Y
 _308_/Y
 _309_/Y
 _310_/Y
 _311_/Y
 _312_/Y
 _313_/Y
 _314_/Y
 _315_/Y
 _316_/Y
 _317_/Y
 _318_/X
 _319_/Y
 _320_/Y
 _321_/X
 _322_/X
 _323_/X
 _324_/Y
 _325_/X
 _326_/X
 _327_/X
 _328_/X
 _329_/X
 _330_/X
 _331_/X
 _332_/X
 _333_/Y
 _334_/Y
 _335_/X
 _336_/X
 _337_/X
 _338_/Y
 _339_/X
 _340_/Y
 _341_/X
 _342_/Y
 _343_/X
 _344_/X
 _345_/X
 _346_/X
 _347_/X
 _348_/X
 _349_/X
 _350_/X
 _351_/Y
 _352_/Y
 _353_/X
 _354_/X
 _355_/Y
 _356_/X
 _357_/X
 _358_/Y
 _359_/X
 _360_/X
 _361_/Y
 _362_/X
 _363_/X
 _364_/X
 _365_/X
 _366_/X
 _367_/Y
 _368_/X
 _369_/Y
 _370_/X
 _371_/Y
 _372_/X
 _373_/Y
 _374_/X
 _375_/X
 _376_/X
 _377_/X
 _378_/X
 _379_/X
 _380_/X
 _381_/X
 _382_/X
 _383_/X
 _384_/X
 _385_/X
 _386_/X
 _387_/X
 _388_/X
 _389_/X
 _390_/X
 _391_/X
 _392_/Y
 _393_/X
 _394_/X
 _395_/X
 _396_/X
 _397_/X
 _398_/Y
 _399_/X
 _400_/Y
 _401_/X
 _402_/X
 _403_/X
 _404_/X
 _405_/X
 _406_/X
 _407_/X
 _408_/X
 _409_/Y
 _410_/X
 _411_/X
 _412_/X
 _413_/X
 _414_/X
 _415_/X
 _416_/X
 _417_/Y
 _418_/X
 _419_/Q
 _420_/Q
 _421_/Q
 _422_/Q
 _423_/Q
 _424_/Q
 _425_/Q
 _426_/Q
 _427_/Q
 _428_/Q
 _429_/Q
 _430_/Q
 _431_/Q
 _432_/Q
 _433_/Q
 _434_/Q
 _435_/Q
 _436_/Q
 _437_/Q
 _438_/Q
 _439_/Q
 _440_/Q
 _441_/Q
 _442_/Q
 _443_/Q
 _444_/Q
 _445_/Q
 _446_/Q
 fanout100/X
 fanout101/X
 fanout102/X
 fanout103/X
 fanout104/X
 fanout105/X
 fanout106/X
 fanout107/X
 fanout108/X
 fanout109/X
 fanout110/X
 fanout111/X
 fanout112/X
 fanout113/X
 fanout114/X
 fanout115/X
 fanout116/X
 fanout117/X
 fanout95/X
 fanout96/X
 fanout97/X
 fanout98/X
 fanout99/X
 input1/X
 input10/X
 input11/X
 input12/X
 input13/X
 input14/X
 input15/X
 input16/X
 input17/X
 input18/X
 input19/X
 input2/X
 input20/X
 input21/X
 input22/X
 input23/X
 input24/X
 input25/X
 input3/X
 input4/X
 input5/X
 input6/X
 input7/X
 input8/X
 input9/X
 output26/X
 output27/X
 output28/X
 output29/X
 output30/X
 output31/X
 output32/X
 output33/X
 output34/X
 output35/X
 output36/X
 output37/X
 output38/X
 output39/X
 output40/X
 output41/X
 output42/X
 output43/X
 output44/X
 output45/X
 output46/X
 output47/X
 output48/X
 output49/X
 output50/X
 output51/X
 output52/X
 output53/X
 output54/X
 output55/X
 output56/X
 output57/X
 output58/X
 output59/X
 output60/X
 output61/X
 output62/X
 output63/X
 output64/X
 output65/X
 output66/X
 output67/X
 output68/X
 output69/X
 output70/X
 output71/X
 output72/X
 output73/X
 output74/X
 output75/X
 output76/X
 output77/X
 output78/X
 output79/X
 output80/X
 output81/X
 output82/X
 output83/X
 output84/X
 output85/X
 output86/X
 output87/X
 output88/X
 output89/X
 output90/X
 output91/X
 output92/X
 output93/X
 output94/X
Found 0 partially unannotated drivers.

===========================================================================
max slew violation count 0
Writing metric design__max_slew_violation__count__corner:nom_tt_025C_1v80: 0
max fanout violation count 0
Writing metric design__max_fanout_violation__count__corner:nom_tt_025C_1v80: 0
max cap violation count 0
Writing metric design__max_cap_violation__count__corner:nom_tt_025C_1v80: 0
============================================================================

===========================================================================
check_setup -verbose -unconstrained_endpoints -multiple_clock -no_clock -no_input_delay -loops -generated_clocks
===========================================================================
Warning: There are 28 unclocked register/latch pins.
  _419_/CLK
  _420_/CLK
  _421_/CLK
  _422_/CLK
  _423_/CLK
  _424_/CLK
  _425_/CLK
  _426_/CLK
  _427_/CLK
  _428_/CLK
  _429_/CLK
  _430_/CLK
  _431_/CLK
  _432_/CLK
  _433_/CLK
  _434_/CLK
  _435_/CLK
  _436_/CLK
  _437_/CLK
  _438_/CLK
  _439_/CLK
  _440_/CLK
  _441_/CLK
  _442_/CLK
  _443_/CLK
  _444_/CLK
  _445_/CLK
  _446_/CLK
Warning: There are 36 unconstrained endpoints.
  clk_data
  data[0]
  data[1]
  data[2]
  data[3]
  data[4]
  data[5]
  en_vcm_sw_o
  _419_/D
  _420_/D
  _421_/D
  _422_/D
  _423_/D
  _424_/D
  _425_/D
  _426_/D
  _427_/D
  _428_/D
  _429_/D
  _430_/D
  _431_/D
  _432_/D
  _433_/D
  _434_/D
  _435_/D
  _436_/D
  _437_/D
  _438_/D
  _439_/D
  _440_/D
  _441_/D
  _442_/D
  _443_/D
  _444_/D
  _445_/D
  _446_/D
