
===========================================================================
report_checks -unconstrained
===========================================================================
======================= max_ss_100C_1v60 Corner ===================================

Startpoint: vin_n_sw_on (input port clocked by __VIRTUAL_CLK__)
Endpoint: vss_n_o[4] (output port clocked by __VIRTUAL_CLK__)
Path Group: __VIRTUAL_CLK__
Path Type: max

Fanout         Cap        Slew       Delay        Time   Description
---------------------------------------------------------------------------------------------
                      0.000000    0.000000    0.000000   clock __VIRTUAL_CLK__ (rise edge)
                                  0.000000    0.000000   clock network delay (ideal)
                                  2.000000    2.000000 v input external delay
     1    0.003602    0.021573    0.011805    2.011805 v vin_n_sw_on (in)
                                                         vin_n_sw_on (net)
                      0.021574    0.000000    2.011805 v input24/A (sky130_fd_sc_hd__buf_1)
     1    0.018032    0.210942    0.262719    2.274523 v input24/X (sky130_fd_sc_hd__buf_1)
                                                         net24 (net)
                      0.210976    0.002242    2.276766 v _214_/A (sky130_fd_sc_hd__or3_2)
     4    0.019484    0.259299    1.321038    3.597804 v _214_/X (sky130_fd_sc_hd__or3_2)
                                                         _059_ (net)
                      0.259303    0.001780    3.599584 v _215_/A (sky130_fd_sc_hd__inv_2)
     4    0.031159    0.240320    0.296034    3.895618 ^ _215_/Y (sky130_fd_sc_hd__inv_2)
                                                         net39 (net)
                      0.240339    0.001756    3.897374 ^ _217_/B (sky130_fd_sc_hd__nand2_1)
     2    0.006269    0.145210    0.210657    4.108030 v _217_/Y (sky130_fd_sc_hd__nand2_1)
                                                         _061_ (net)
                      0.145213    0.000448    4.108479 v fanout95/A (sky130_fd_sc_hd__buf_2)
    10    0.044226    0.205703    0.409688    4.518167 v fanout95/X (sky130_fd_sc_hd__buf_2)
                                                         net95 (net)
                      0.205729    0.001967    4.520133 v _226_/B1 (sky130_fd_sc_hd__o32a_1)
     3    0.018032    0.251852    0.534378    5.054512 v _226_/X (sky130_fd_sc_hd__o32a_1)
                                                         _066_ (net)
                      0.251856    0.000809    5.055321 v _227_/A2 (sky130_fd_sc_hd__o21ai_1)
     1    0.024535    0.796941    0.743324    5.798645 ^ _227_/Y (sky130_fd_sc_hd__o21ai_1)
                                                         net78 (net)
                      0.796949    0.002096    5.800741 ^ output78/A (sky130_fd_sc_hd__buf_2)
     1    0.037626    0.300903    0.632243    6.432983 ^ output78/X (sky130_fd_sc_hd__buf_2)
                                                         vss_n_o[4] (net)
                      0.300929    0.002330    6.435313 ^ vss_n_o[4] (out)
                                              6.435313   data arrival time

                      0.000000   10.000000   10.000000   clock __VIRTUAL_CLK__ (rise edge)
                                  0.000000   10.000000   clock network delay (ideal)
                                 -0.250000    9.750000   clock uncertainty
                                  0.000000    9.750000   clock reconvergence pessimism
                                 -2.000000    7.750000   output external delay
                                              7.750000   data required time
---------------------------------------------------------------------------------------------
                                              7.750000   data required time
                                             -6.435313   data arrival time
---------------------------------------------------------------------------------------------
                                              1.314687   slack (MET)




===========================================================================
report_checks --slack_max -0.01
============================================================================
======================= max_ss_100C_1v60 Corner ===================================

No paths found.


===========================================================================
 report_check_types -max_slew -max_cap -max_fanout -violators
============================================================================
======================= max_ss_100C_1v60 Corner ===================================

max slew

Pin                                        Limit        Slew       Slack
------------------------------------------------------------------------
output38/A                              0.750000    0.873582   -0.123582 (VIOLATED)
_352_/Y                                 0.750000    0.873572   -0.123572 (VIOLATED)
_298_/A                                 0.750000    0.804162   -0.054162 (VIOLATED)
_269_/B                                 0.750000    0.804162   -0.054162 (VIOLATED)
_268_/Y                                 0.750000    0.804145   -0.054145 (VIOLATED)
output78/A                              0.750000    0.796949   -0.046949 (VIOLATED)
_227_/Y                                 0.750000    0.796941   -0.046941 (VIOLATED)
_333_/Y                                 0.750000    0.790523   -0.040523 (VIOLATED)
_335_/C                                 0.750000    0.790523   -0.040523 (VIOLATED)
output34/A                              0.750000    0.790523   -0.040523 (VIOLATED)



===========================================================================
report_parasitic_annotation -report_unannotated
============================================================================
Found 0 unannotated drivers.
Found 0 partially unannotated drivers.

===========================================================================
max slew violation count 10
max fanout violation count 0
max cap violation count 0
============================================================================

===========================================================================
check_setup -verbose -unconstrained_endpoints -multiple_clock -no_clock -no_input_delay -loops -generated_clocks
===========================================================================
Warning: There are 28 unclocked register/latch pins.
  _419_/CLK
  _420_/CLK
  _421_/CLK
  _422_/CLK
  _423_/CLK
  _424_/CLK
  _425_/CLK
  _426_/CLK
  _427_/CLK
  _428_/CLK
  _429_/CLK
  _430_/CLK
  _431_/CLK
  _432_/CLK
  _433_/CLK
  _434_/CLK
  _435_/CLK
  _436_/CLK
  _437_/CLK
  _438_/CLK
  _439_/CLK
  _440_/CLK
  _441_/CLK
  _442_/CLK
  _443_/CLK
  _444_/CLK
  _445_/CLK
  _446_/CLK
Warning: There are 36 unconstrained endpoints.
  clk_data
  data[0]
  data[1]
  data[2]
  data[3]
  data[4]
  data[5]
  en_vcm_sw_o
  _419_/D
  _420_/D
  _421_/D
  _422_/D
  _423_/D
  _424_/D
  _425_/D
  _426_/D
  _427_/D
  _428_/D
  _429_/D
  _430_/D
  _431_/D
  _432_/D
  _433_/D
  _434_/D
  _435_/D
  _436_/D
  _437_/D
  _438_/D
  _439_/D
  _440_/D
  _441_/D
  _442_/D
  _443_/D
  _444_/D
  _445_/D
  _446_/D
