Reading OpenROAD database at '/Users/ricardonunes/Desktop/SAR_ADC_12b/SAR_ADC_12bit/state_machine/openlane/runs/RUN_2024-04-14_20-24-43/19-openroad-generatepdn/state_machine.odb'…
Reading library file at '/Users/ricardonunes/.volare/volare/sky130/versions/bdc9412b3e468c102d01b7cf6337be06ec6e9c9a/sky130A/libs.ref/sky130_fd_sc_hd/lib/sky130_fd_sc_hd__tt_025C_1v80.lib'…
Reading design constraints file at '/nix/store/xhwkk1nyrhfgxgb87jl3m1gz0fbr8vi4-python3-3.11.6-env/lib/python3.11/site-packages/openlane/scripts/base.sdc'…
[WARNING STA-0337] port '__VIRTUAL_CLK__' not found.
[INFO] Using clock __VIRTUAL_CLK__…
[INFO] Setting output delay to: 2
[INFO] Setting input delay to: 2
[WARNING STA-0337] port '__VIRTUAL_CLK__' not found.
[INFO] Setting load to: 0.033442
[INFO] Setting clock uncertainty to: 0.25
[INFO] Setting clock transition to: 0.1499999999999999944488848768742172978818416595458984375
[WARNING STA-0559] transition time can not be specified for virtual clocks.
[INFO] Setting timing derate to: 5%
[INFO] Setting RC values…
[INFO] Setting signal min routing layer to: met1 and clock min routing layer to met1. 
[INFO] Setting signal max routing layer to: met4 and clock max routing layer to met4. 
{*}-density 0.857732 -timing_driven -routability_driven -skip_io -pad_right 0 -pad_left 0 -init_wirelength_coef 0.25
[WARNING GPL-0150] -skip_io will disable timing driven mode.
[WARNING GPL-0151] -skip_io will disable routability driven mode.
[INFO GPL-0002] DBU: 1000
[INFO GPL-0003] SiteSize: 460 2720
[INFO GPL-0004] CoreAreaLxLy: 5520 10880
[INFO GPL-0005] CoreAreaUxUy: 139380 38080
[INFO GPL-0006] NumInstances: 352
[INFO GPL-0007] NumPlaceInstances: 272
[INFO GPL-0008] NumFixedInstances: 80
[INFO GPL-0009] NumDummyInstances: 0
[INFO GPL-0010] NumNets: 297
[INFO GPL-0011] NumPins: 1000
[INFO GPL-0012] DieAreaLxLy: 0 0
[INFO GPL-0013] DieAreaUxUy: 145000 50000
[INFO GPL-0014] CoreAreaLxLy: 5520 10880
[INFO GPL-0015] CoreAreaUxUy: 139380 38080
[INFO GPL-0016] CoreArea: 3640992000
[INFO GPL-0017] NonPlaceInstsArea: 150144000
[INFO GPL-0018] PlaceInstsArea: 2683824000
[INFO GPL-0019] Util(%): 76.88
[INFO GPL-0020] StdInstsArea: 2683824000
[INFO GPL-0021] MacroInstsArea: 0
[INFO GPL-0031] FillerInit: NumGCells: 305
[INFO GPL-0032] FillerInit: NumGNets: 297
[INFO GPL-0033] FillerInit: NumGPins: 1000
[INFO GPL-0023] TargetDensity: 0.86
[INFO GPL-0024] AveragePlaceInstArea: 9867000
[INFO GPL-0025] IdealBinArea: 11503593
[INFO GPL-0026] IdealBinCnt: 316
[INFO GPL-0027] TotalBinArea: 3640992000
[INFO GPL-0028] BinCnt: 32 8
[INFO GPL-0029] BinSize: 4184 3400
[INFO GPL-0030] NumBins: 256
[NesterovSolve] Iter: 1 overflow: 0.963931 HPWL: 516237
[NesterovSolve] Iter: 10 overflow: 0.963921 HPWL: 392331
[NesterovSolve] Iter: 20 overflow: 0.96393 HPWL: 391993
[NesterovSolve] Iter: 30 overflow: 0.96393 HPWL: 391826
[NesterovSolve] Iter: 40 overflow: 0.96393 HPWL: 391913
[NesterovSolve] Iter: 50 overflow: 0.96393 HPWL: 391935
[NesterovSolve] Iter: 60 overflow: 0.96393 HPWL: 392004
[NesterovSolve] Iter: 70 overflow: 0.96393 HPWL: 392116
[NesterovSolve] Iter: 80 overflow: 0.963931 HPWL: 392371
[NesterovSolve] Iter: 90 overflow: 0.96393 HPWL: 392750
[NesterovSolve] Iter: 100 overflow: 0.96393 HPWL: 393632
[NesterovSolve] Iter: 110 overflow: 0.96393 HPWL: 395460
[NesterovSolve] Iter: 120 overflow: 0.963926 HPWL: 399804
[NesterovSolve] Iter: 130 overflow: 0.964544 HPWL: 407425
[NesterovSolve] Iter: 140 overflow: 0.96814 HPWL: 417572
[NesterovSolve] Iter: 150 overflow: 0.957569 HPWL: 453840
[NesterovSolve] Iter: 160 overflow: 0.920631 HPWL: 663812
[NesterovSolve] Iter: 170 overflow: 0.902735 HPWL: 755554
[NesterovSolve] Iter: 180 overflow: 0.872583 HPWL: 888510
[NesterovSolve] Iter: 190 overflow: 0.844359 HPWL: 1039084
[NesterovSolve] Iter: 200 overflow: 0.81017 HPWL: 1238477
[NesterovSolve] Iter: 210 overflow: 0.770929 HPWL: 1493068
[NesterovSolve] Iter: 220 overflow: 0.729717 HPWL: 1767703
[NesterovSolve] Iter: 230 overflow: 0.684778 HPWL: 1902727
[NesterovSolve] Iter: 240 overflow: 0.635744 HPWL: 2092201
[NesterovSolve] Iter: 250 overflow: 0.582651 HPWL: 2309697
[NesterovSolve] Iter: 260 overflow: 0.526972 HPWL: 2526308
[NesterovSolve] Iter: 270 overflow: 0.469788 HPWL: 2710569
[NesterovSolve] Iter: 280 overflow: 0.403629 HPWL: 2859739
[NesterovSolve] Iter: 290 overflow: 0.349651 HPWL: 2956580
[NesterovSolve] Iter: 300 overflow: 0.315592 HPWL: 3054180
[NesterovSolve] Iter: 310 overflow: 0.279156 HPWL: 3117774
[NesterovSolve] Iter: 320 overflow: 0.245432 HPWL: 3173416
[NesterovSolve] Iter: 330 overflow: 0.215003 HPWL: 3231375
[NesterovSolve] Iter: 340 overflow: 0.189448 HPWL: 3255990
[NesterovSolve] Iter: 350 overflow: 0.157411 HPWL: 3278870
[NesterovSolve] Iter: 360 overflow: 0.135516 HPWL: 3303654
[NesterovSolve] Iter: 370 overflow: 0.113871 HPWL: 3330199
[NesterovSolve] Finished with Overflow: 0.099592
[INFO] Setting RC values…
Setting global connections for newly added cells…
[INFO] Setting global connections...
Writing OpenROAD database to '/Users/ricardonunes/Desktop/SAR_ADC_12b/SAR_ADC_12bit/state_machine/openlane/runs/RUN_2024-04-14_20-24-43/22-openroad-globalplacementskipio/state_machine.odb'…
Writing netlist to '/Users/ricardonunes/Desktop/SAR_ADC_12b/SAR_ADC_12bit/state_machine/openlane/runs/RUN_2024-04-14_20-24-43/22-openroad-globalplacementskipio/state_machine.nl.v'…
Writing powered netlist to '/Users/ricardonunes/Desktop/SAR_ADC_12b/SAR_ADC_12bit/state_machine/openlane/runs/RUN_2024-04-14_20-24-43/22-openroad-globalplacementskipio/state_machine.pnl.v'…
Writing layout to '/Users/ricardonunes/Desktop/SAR_ADC_12b/SAR_ADC_12bit/state_machine/openlane/runs/RUN_2024-04-14_20-24-43/22-openroad-globalplacementskipio/state_machine.def'…
Writing timing constraints to '/Users/ricardonunes/Desktop/SAR_ADC_12b/SAR_ADC_12bit/state_machine/openlane/runs/RUN_2024-04-14_20-24-43/22-openroad-globalplacementskipio/state_machine.sdc'…
