10. Printing statistics.

=== state_machine ===

   Number of wires:                266
   Number of wire bits:            324
   Number of public wires:         266
   Number of public wire bits:     324
   Number of memories:               0
   Number of memory bits:            0
   Number of processes:              0
   Number of cells:                310
     sky130_fd_sc_hd__and2_0         2
     sky130_fd_sc_hd__and2_1         1
     sky130_fd_sc_hd__and2b_1       13
     sky130_fd_sc_hd__and3_1         1
     sky130_fd_sc_hd__and3b_1        1
     sky130_fd_sc_hd__conb_1         1
     sky130_fd_sc_hd__dfrtp_1       25
     sky130_fd_sc_hd__dlymetal6s6s_1      2
     sky130_fd_sc_hd__inv_1         39
     sky130_fd_sc_hd__inv_16         8
     sky130_fd_sc_hd__inv_2         22
     sky130_fd_sc_hd__inv_4         72
     sky130_fd_sc_hd__inv_8          7
     sky130_fd_sc_hd__mux2_1        18
     sky130_fd_sc_hd__mux4_1         4
     sky130_fd_sc_hd__mux4_4         1
     sky130_fd_sc_hd__nand2_1       23
     sky130_fd_sc_hd__nand2_2       23
     sky130_fd_sc_hd__nand2_4        1
     sky130_fd_sc_hd__nand2b_1       2
     sky130_fd_sc_hd__nand3b_2       1
     sky130_fd_sc_hd__nor2_1         4
     sky130_fd_sc_hd__nor2_2         2
     sky130_fd_sc_hd__nor2b_1       13
     sky130_fd_sc_hd__nor2b_2       22
     sky130_fd_sc_hd__or2_1          2

   Area for cell type \sky130_fd_sc_hd__and2_0 is unknown!
   Area for cell type \sky130_fd_sc_hd__and2_1 is unknown!
   Area for cell type \sky130_fd_sc_hd__and2b_1 is unknown!
   Area for cell type \sky130_fd_sc_hd__and3_1 is unknown!
   Area for cell type \sky130_fd_sc_hd__and3b_1 is unknown!
   Area for cell type \sky130_fd_sc_hd__dfrtp_1 is unknown!
   Area for cell type \sky130_fd_sc_hd__dlymetal6s6s_1 is unknown!
   Area for cell type \sky130_fd_sc_hd__inv_1 is unknown!
   Area for cell type \sky130_fd_sc_hd__mux4_4 is unknown!
   Area for cell type \sky130_fd_sc_hd__nand2_1 is unknown!
   Area for cell type \sky130_fd_sc_hd__nand2b_1 is unknown!
   Area for cell type \sky130_fd_sc_hd__nor2_1 is unknown!
   Area for cell type \sky130_fd_sc_hd__nor2b_1 is unknown!
   Area for cell type \sky130_fd_sc_hd__or2_1 is unknown!

   Chip area for module '\state_machine': 1455.145600

