Using 8 threads…
Using a tile size of (500 µm)²…
Reading /Users/ricardonunes/Desktop/SAR_ADC_12b/SAR_ADC_12bit/state_machine/openlane_backup/runs/RUN_2024-04-06_20-30-09/50-magic-streamout/state_machine.magic.gds ..
Reading /Users/ricardonunes/Desktop/SAR_ADC_12b/SAR_ADC_12bit/state_machine/openlane_backup/runs/RUN_2024-04-06_20-30-09/51-klayout-streamout/state_machine.klayout.gds ..
--- Running XOR for layer 122/16 ---
"input" in: xor.drc:109
    Polygons (raw): 577 (flat)  35 (hierarchical)
    Elapsed: 0.000s
"input" in: xor.drc:109
    Polygons (raw): 577 (flat)  35 (hierarchical)
    Elapsed: 0.000s
"^" in: xor.drc:109
    Polygons (raw): 0 (flat)  0 (hierarchical)
    Elapsed: 0.000s
XOR differences: 0
"output" in: xor.drc:86
    Polygons (raw): 0 (flat)  0 (hierarchical)
    Elapsed: 0.000s
--- Running XOR for layer 235/4 ---
"input" in: xor.drc:109
    Polygons (raw): 1 (flat)  1 (hierarchical)
    Elapsed: 0.000s
"input" in: xor.drc:109
    Polygons (raw): 1 (flat)  1 (hierarchical)
    Elapsed: 0.000s
"^" in: xor.drc:109
    Polygons (raw): 0 (flat)  0 (hierarchical)
    Elapsed: 0.010s
XOR differences: 0
"output" in: xor.drc:86
    Polygons (raw): 0 (flat)  0 (hierarchical)
    Elapsed: 0.000s
--- Running XOR for layer 236/0 ---
"input" in: xor.drc:109
    Polygons (raw): 423 (flat)  32 (hierarchical)
    Elapsed: 0.000s
"input" in: xor.drc:109
    Polygons (raw): 423 (flat)  32 (hierarchical)
    Elapsed: 0.000s
"^" in: xor.drc:109
    Polygons (raw): 0 (flat)  0 (hierarchical)
    Elapsed: 0.000s
XOR differences: 0
"output" in: xor.drc:86
    Polygons (raw): 0 (flat)  0 (hierarchical)
    Elapsed: 0.000s
--- Running XOR for layer 64/16 ---
"input" in: xor.drc:109
    Polygons (raw): 577 (flat)  35 (hierarchical)
    Elapsed: 0.000s
"input" in: xor.drc:109
    Polygons (raw): 577 (flat)  35 (hierarchical)
    Elapsed: 0.000s
"^" in: xor.drc:109
    Polygons (raw): 0 (flat)  0 (hierarchical)
    Elapsed: 0.010s
XOR differences: 0
"output" in: xor.drc:86
    Polygons (raw): 0 (flat)  0 (hierarchical)
    Elapsed: 0.000s
--- Running XOR for layer 64/20 ---
"input" in: xor.drc:109
    Polygons (raw): 598 (flat)  35 (hierarchical)
    Elapsed: 0.000s
"input" in: xor.drc:109
    Polygons (raw): 598 (flat)  35 (hierarchical)
    Elapsed: 0.000s
"^" in: xor.drc:109
    Polygons (raw): 0 (flat)  0 (hierarchical)
    Elapsed: 0.010s
XOR differences: 0
"output" in: xor.drc:86
    Polygons (raw): 0 (flat)  0 (hierarchical)
    Elapsed: 0.000s
--- Running XOR for layer 64/5 ---
"input" in: xor.drc:109
    Polygons (raw): 0 (flat)  0 (hierarchical)
    Elapsed: 0.000s
"input" in: xor.drc:109
    Polygons (raw): 0 (flat)  0 (hierarchical)
    Elapsed: 0.000s
"^" in: xor.drc:109
    Polygons (raw): 0 (flat)  0 (hierarchical)
    Elapsed: 0.000s
XOR differences: 0
"output" in: xor.drc:86
    Polygons (raw): 0 (flat)  0 (hierarchical)
    Elapsed: 0.000s
--- Running XOR for layer 64/59 ---
"input" in: xor.drc:109
    Polygons (raw): 0 (flat)  0 (hierarchical)
    Elapsed: 0.000s
"input" in: xor.drc:109
    Polygons (raw): 0 (flat)  0 (hierarchical)
    Elapsed: 0.000s
"^" in: xor.drc:109
    Polygons (raw): 0 (flat)  0 (hierarchical)
    Elapsed: 0.010s
XOR differences: 0
"output" in: xor.drc:86
    Polygons (raw): 0 (flat)  0 (hierarchical)
    Elapsed: 0.000s
--- Running XOR for layer 65/20 ---
"input" in: xor.drc:109
    Polygons (raw): 1118 (flat)  98 (hierarchical)
    Elapsed: 0.000s
"input" in: xor.drc:109
    Polygons (raw): 1118 (flat)  98 (hierarchical)
    Elapsed: 0.000s
"^" in: xor.drc:109
    Polygons (raw): 0 (flat)  0 (hierarchical)
    Elapsed: 0.010s
XOR differences: 0
"output" in: xor.drc:86
    Polygons (raw): 0 (flat)  0 (hierarchical)
    Elapsed: 0.000s
--- Running XOR for layer 65/44 ---
"input" in: xor.drc:109
    Polygons (raw): 120 (flat)  2 (hierarchical)
    Elapsed: 0.000s
"input" in: xor.drc:109
    Polygons (raw): 120 (flat)  2 (hierarchical)
    Elapsed: 0.000s
"^" in: xor.drc:109
    Polygons (raw): 0 (flat)  0 (hierarchical)
    Elapsed: 0.000s
XOR differences: 0
"output" in: xor.drc:86
    Polygons (raw): 0 (flat)  0 (hierarchical)
    Elapsed: 0.000s
--- Running XOR for layer 66/15 ---
"input" in: xor.drc:109
    Polygons (raw): 2 (flat)  2 (hierarchical)
    Elapsed: 0.000s
"input" in: xor.drc:109
    Polygons (raw): 2 (flat)  2 (hierarchical)
    Elapsed: 0.000s
"^" in: xor.drc:109
    Polygons (raw): 0 (flat)  0 (hierarchical)
    Elapsed: 0.000s
XOR differences: 0
"output" in: xor.drc:86
    Polygons (raw): 0 (flat)  0 (hierarchical)
    Elapsed: 0.000s
--- Running XOR for layer 66/20 ---
"input" in: xor.drc:109
    Polygons (raw): 1389 (flat)  142 (hierarchical)
    Elapsed: 0.000s
"input" in: xor.drc:109
    Polygons (raw): 1389 (flat)  142 (hierarchical)
    Elapsed: 0.000s
"^" in: xor.drc:109
    Polygons (raw): 0 (flat)  0 (hierarchical)
    Elapsed: 0.030s
XOR differences: 0
"output" in: xor.drc:86
    Polygons (raw): 0 (flat)  0 (hierarchical)
    Elapsed: 0.000s
--- Running XOR for layer 66/44 ---
"input" in: xor.drc:109
    Polygons (raw): 8471 (flat)  716 (hierarchical)
    Elapsed: 0.000s
"input" in: xor.drc:109
    Polygons (raw): 8471 (flat)  716 (hierarchical)
    Elapsed: 0.000s
"^" in: xor.drc:109
    Polygons (raw): 0 (flat)  0 (hierarchical)
    Elapsed: 0.060s
XOR differences: 0
"output" in: xor.drc:86
    Polygons (raw): 0 (flat)  0 (hierarchical)
    Elapsed: 0.000s
--- Running XOR for layer 67/16 ---
"input" in: xor.drc:109
    Polygons (raw): 1938 (flat)  194 (hierarchical)
    Elapsed: 0.000s
"input" in: xor.drc:109
    Polygons (raw): 1938 (flat)  194 (hierarchical)
    Elapsed: 0.000s
"^" in: xor.drc:109
    Polygons (raw): 0 (flat)  0 (hierarchical)
    Elapsed: 0.010s
XOR differences: 0
"output" in: xor.drc:86
    Polygons (raw): 0 (flat)  0 (hierarchical)
    Elapsed: 0.000s
--- Running XOR for layer 67/20 ---
"input" in: xor.drc:109
    Polygons (raw): 4030 (flat)  1078 (hierarchical)
    Elapsed: 0.000s
"input" in: xor.drc:109
    Polygons (raw): 4030 (flat)  259 (hierarchical)
    Elapsed: 0.000s
"^" in: xor.drc:109
    Polygons (raw): 0 (flat)  0 (hierarchical)
    Elapsed: 0.070s
XOR differences: 0
"output" in: xor.drc:86
    Polygons (raw): 0 (flat)  0 (hierarchical)
    Elapsed: 0.000s
--- Running XOR for layer 67/44 ---
"input" in: xor.drc:109
    Polygons (raw): 6935 (flat)  1332 (hierarchical)
    Elapsed: 0.000s
"input" in: xor.drc:109
    Polygons (raw): 6935 (flat)  513 (hierarchical)
    Elapsed: 0.000s
"^" in: xor.drc:109
    Polygons (raw): 0 (flat)  0 (hierarchical)
    Elapsed: 0.050s
XOR differences: 0
"output" in: xor.drc:86
    Polygons (raw): 0 (flat)  0 (hierarchical)
    Elapsed: 0.000s
--- Running XOR for layer 67/5 ---
"input" in: xor.drc:109
    Polygons (raw): 0 (flat)  0 (hierarchical)
    Elapsed: 0.000s
"input" in: xor.drc:109
    Polygons (raw): 0 (flat)  0 (hierarchical)
    Elapsed: 0.000s
"^" in: xor.drc:109
    Polygons (raw): 0 (flat)  0 (hierarchical)
    Elapsed: 0.000s
XOR differences: 0
"output" in: xor.drc:86
    Polygons (raw): 0 (flat)  0 (hierarchical)
    Elapsed: 0.000s
--- Running XOR for layer 68/16 ---
"input" in: xor.drc:109
    Polygons (raw): 1274 (flat)  72 (hierarchical)
    Elapsed: 0.000s
"input" in: xor.drc:109
    Polygons (raw): 1274 (flat)  72 (hierarchical)
    Elapsed: 0.000s
"^" in: xor.drc:109
    Polygons (raw): 0 (flat)  0 (hierarchical)
    Elapsed: 0.030s
XOR differences: 0
"output" in: xor.drc:86
    Polygons (raw): 0 (flat)  0 (hierarchical)
    Elapsed: 0.000s
--- Running XOR for layer 68/20 ---
"input" in: xor.drc:109
    Polygons (raw): 4731 (flat)  3401 (hierarchical)
    Elapsed: 0.000s
"input" in: xor.drc:109
    Polygons (raw): 4213 (flat)  1196 (hierarchical)
    Elapsed: 0.000s
"^" in: xor.drc:109
    Polygons (raw): 0 (flat)  0 (hierarchical)
    Elapsed: 0.050s
XOR differences: 0
"output" in: xor.drc:86
    Polygons (raw): 0 (flat)  0 (hierarchical)
    Elapsed: 0.000s
--- Running XOR for layer 68/44 ---
"input" in: xor.drc:109
    Polygons (raw): 914 (flat)  914 (hierarchical)
    Elapsed: 0.000s
"input" in: xor.drc:109
    Polygons (raw): 914 (flat)  6 (hierarchical)
    Elapsed: 0.000s
"^" in: xor.drc:109
    Polygons (raw): 0 (flat)  0 (hierarchical)
    Elapsed: 0.010s
XOR differences: 0
"output" in: xor.drc:86
    Polygons (raw): 0 (flat)  0 (hierarchical)
    Elapsed: 0.000s
--- Running XOR for layer 68/5 ---
"input" in: xor.drc:109
    Polygons (raw): 0 (flat)  0 (hierarchical)
    Elapsed: 0.000s
"input" in: xor.drc:109
    Polygons (raw): 0 (flat)  0 (hierarchical)
    Elapsed: 0.000s
"^" in: xor.drc:109
    Polygons (raw): 0 (flat)  0 (hierarchical)
    Elapsed: 0.000s
XOR differences: 0
"output" in: xor.drc:86
    Polygons (raw): 0 (flat)  0 (hierarchical)
    Elapsed: 0.000s
--- Running XOR for layer 69/16 ---
"input" in: xor.drc:109
    Polygons (raw): 39 (flat)  39 (hierarchical)
    Elapsed: 0.000s
"input" in: xor.drc:109
    Polygons (raw): 39 (flat)  39 (hierarchical)
    Elapsed: 0.000s
"^" in: xor.drc:109
    Polygons (raw): 0 (flat)  0 (hierarchical)
    Elapsed: 0.000s
XOR differences: 0
"output" in: xor.drc:86
    Polygons (raw): 0 (flat)  0 (hierarchical)
    Elapsed: 0.000s
--- Running XOR for layer 69/20 ---
"input" in: xor.drc:109
    Polygons (raw): 1753 (flat)  1753 (hierarchical)
    Elapsed: 0.000s
"input" in: xor.drc:109
    Polygons (raw): 1736 (flat)  723 (hierarchical)
    Elapsed: 0.000s
"^" in: xor.drc:109
    Polygons (raw): 0 (flat)  0 (hierarchical)
    Elapsed: 0.020s
XOR differences: 0
"output" in: xor.drc:86
    Polygons (raw): 0 (flat)  0 (hierarchical)
    Elapsed: 0.000s
--- Running XOR for layer 69/44 ---
"input" in: xor.drc:109
    Polygons (raw): 180 (flat)  180 (hierarchical)
    Elapsed: 0.000s
"input" in: xor.drc:109
    Polygons (raw): 180 (flat)  5 (hierarchical)
    Elapsed: 0.000s
"^" in: xor.drc:109
    Polygons (raw): 0 (flat)  0 (hierarchical)
    Elapsed: 0.000s
XOR differences: 0
"output" in: xor.drc:86
    Polygons (raw): 0 (flat)  0 (hierarchical)
    Elapsed: 0.000s
--- Running XOR for layer 69/5 ---
"input" in: xor.drc:109
    Polygons (raw): 0 (flat)  0 (hierarchical)
    Elapsed: 0.000s
"input" in: xor.drc:109
    Polygons (raw): 0 (flat)  0 (hierarchical)
    Elapsed: 0.000s
"^" in: xor.drc:109
    Polygons (raw): 0 (flat)  0 (hierarchical)
    Elapsed: 0.000s
XOR differences: 0
"output" in: xor.drc:86
    Polygons (raw): 0 (flat)  0 (hierarchical)
    Elapsed: 0.000s
--- Running XOR for layer 70/16 ---
"input" in: xor.drc:109
    Polygons (raw): 46 (flat)  46 (hierarchical)
    Elapsed: 0.000s
"input" in: xor.drc:109
    Polygons (raw): 46 (flat)  46 (hierarchical)
    Elapsed: 0.000s
"^" in: xor.drc:109
    Polygons (raw): 0 (flat)  0 (hierarchical)
    Elapsed: 0.000s
XOR differences: 0
"output" in: xor.drc:86
    Polygons (raw): 0 (flat)  0 (hierarchical)
    Elapsed: 0.000s
--- Running XOR for layer 70/20 ---
"input" in: xor.drc:109
    Polygons (raw): 482 (flat)  482 (hierarchical)
    Elapsed: 0.000s
"input" in: xor.drc:109
    Polygons (raw): 333 (flat)  177 (hierarchical)
    Elapsed: 0.000s
"^" in: xor.drc:109
    Polygons (raw): 0 (flat)  0 (hierarchical)
    Elapsed: 0.010s
XOR differences: 0
"output" in: xor.drc:86
    Polygons (raw): 0 (flat)  0 (hierarchical)
    Elapsed: 0.000s
--- Running XOR for layer 70/44 ---
"input" in: xor.drc:109
    Polygons (raw): 46 (flat)  46 (hierarchical)
    Elapsed: 0.000s
"input" in: xor.drc:109
    Polygons (raw): 46 (flat)  5 (hierarchical)
    Elapsed: 0.000s
"^" in: xor.drc:109
    Polygons (raw): 0 (flat)  0 (hierarchical)
    Elapsed: 0.000s
XOR differences: 0
"output" in: xor.drc:86
    Polygons (raw): 0 (flat)  0 (hierarchical)
    Elapsed: 0.000s
--- Running XOR for layer 70/5 ---
"input" in: xor.drc:109
    Polygons (raw): 0 (flat)  0 (hierarchical)
    Elapsed: 0.000s
"input" in: xor.drc:109
    Polygons (raw): 0 (flat)  0 (hierarchical)
    Elapsed: 0.000s
"^" in: xor.drc:109
    Polygons (raw): 0 (flat)  0 (hierarchical)
    Elapsed: 0.010s
XOR differences: 0
"output" in: xor.drc:86
    Polygons (raw): 0 (flat)  0 (hierarchical)
    Elapsed: 0.000s
--- Running XOR for layer 71/16 ---
"input" in: xor.drc:109
    Polygons (raw): 2 (flat)  2 (hierarchical)
    Elapsed: 0.000s
"input" in: xor.drc:109
    Polygons (raw): 2 (flat)  2 (hierarchical)
    Elapsed: 0.000s
"^" in: xor.drc:109
    Polygons (raw): 0 (flat)  0 (hierarchical)
    Elapsed: 0.000s
XOR differences: 0
"output" in: xor.drc:86
    Polygons (raw): 0 (flat)  0 (hierarchical)
    Elapsed: 0.000s
--- Running XOR for layer 71/20 ---
"input" in: xor.drc:109
    Polygons (raw): 5 (flat)  5 (hierarchical)
    Elapsed: 0.000s
"input" in: xor.drc:109
    Polygons (raw): 18 (flat)  7 (hierarchical)
    Elapsed: 0.000s
"^" in: xor.drc:109
    Polygons (raw): 0 (flat)  0 (hierarchical)
    Elapsed: 0.000s
XOR differences: 0
"output" in: xor.drc:86
    Polygons (raw): 0 (flat)  0 (hierarchical)
    Elapsed: 0.000s
--- Running XOR for layer 71/5 ---
"input" in: xor.drc:109
    Polygons (raw): 0 (flat)  0 (hierarchical)
    Elapsed: 0.000s
"input" in: xor.drc:109
    Polygons (raw): 0 (flat)  0 (hierarchical)
    Elapsed: 0.000s
"^" in: xor.drc:109
    Polygons (raw): 0 (flat)  0 (hierarchical)
    Elapsed: 0.000s
XOR differences: 0
"output" in: xor.drc:86
    Polygons (raw): 0 (flat)  0 (hierarchical)
    Elapsed: 0.000s
--- Running XOR for layer 78/44 ---
"input" in: xor.drc:109
    Polygons (raw): 598 (flat)  35 (hierarchical)
    Elapsed: 0.000s
"input" in: xor.drc:109
    Polygons (raw): 598 (flat)  35 (hierarchical)
    Elapsed: 0.000s
"^" in: xor.drc:109
    Polygons (raw): 0 (flat)  0 (hierarchical)
    Elapsed: 0.000s
XOR differences: 0
"output" in: xor.drc:86
    Polygons (raw): 0 (flat)  0 (hierarchical)
    Elapsed: 0.000s
--- Running XOR for layer 81/23 ---
"input" in: xor.drc:109
    Polygons (raw): 1 (flat)  1 (hierarchical)
    Elapsed: 0.000s
"input" in: xor.drc:109
    Polygons (raw): 1 (flat)  1 (hierarchical)
    Elapsed: 0.000s
"^" in: xor.drc:109
    Polygons (raw): 0 (flat)  0 (hierarchical)
    Elapsed: 0.000s
XOR differences: 0
"output" in: xor.drc:86
    Polygons (raw): 0 (flat)  0 (hierarchical)
    Elapsed: 0.000s
--- Running XOR for layer 81/4 ---
"input" in: xor.drc:109
    Polygons (raw): 598 (flat)  35 (hierarchical)
    Elapsed: 0.000s
"input" in: xor.drc:109
    Polygons (raw): 598 (flat)  35 (hierarchical)
    Elapsed: 0.000s
"^" in: xor.drc:109
    Polygons (raw): 0 (flat)  0 (hierarchical)
    Elapsed: 0.010s
XOR differences: 0
"output" in: xor.drc:86
    Polygons (raw): 0 (flat)  0 (hierarchical)
    Elapsed: 0.000s
--- Running XOR for layer 83/44 ---
"input" in: xor.drc:109
    Polygons (raw): 0 (flat)  0 (hierarchical)
    Elapsed: 0.000s
"input" in: xor.drc:109
    Polygons (raw): 0 (flat)  0 (hierarchical)
    Elapsed: 0.000s
"^" in: xor.drc:109
    Polygons (raw): 0 (flat)  0 (hierarchical)
    Elapsed: 0.010s
XOR differences: 0
"output" in: xor.drc:86
    Polygons (raw): 0 (flat)  0 (hierarchical)
    Elapsed: 0.000s
--- Running XOR for layer 93/44 ---
"input" in: xor.drc:109
    Polygons (raw): 658 (flat)  36 (hierarchical)
    Elapsed: 0.000s
"input" in: xor.drc:109
    Polygons (raw): 658 (flat)  36 (hierarchical)
    Elapsed: 0.000s
"^" in: xor.drc:109
    Polygons (raw): 0 (flat)  0 (hierarchical)
    Elapsed: 0.010s
XOR differences: 0
"output" in: xor.drc:86
    Polygons (raw): 0 (flat)  0 (hierarchical)
    Elapsed: 0.000s
--- Running XOR for layer 94/20 ---
"input" in: xor.drc:109
    Polygons (raw): 658 (flat)  36 (hierarchical)
    Elapsed: 0.000s
"input" in: xor.drc:109
    Polygons (raw): 658 (flat)  36 (hierarchical)
    Elapsed: 0.000s
"^" in: xor.drc:109
    Polygons (raw): 0 (flat)  0 (hierarchical)
    Elapsed: 0.020s
XOR differences: 0
"output" in: xor.drc:86
    Polygons (raw): 0 (flat)  0 (hierarchical)
    Elapsed: 0.000s
--- Running XOR for layer 95/20 ---
"input" in: xor.drc:109
    Polygons (raw): 452 (flat)  37 (hierarchical)
    Elapsed: 0.000s
"input" in: xor.drc:109
    Polygons (raw): 452 (flat)  37 (hierarchical)
    Elapsed: 0.000s
"^" in: xor.drc:109
    Polygons (raw): 0 (flat)  0 (hierarchical)
    Elapsed: 0.000s
XOR differences: 0
"output" in: xor.drc:86
    Polygons (raw): 0 (flat)  0 (hierarchical)
    Elapsed: 0.000s
---
Total XOR differences: 0
Writing report database: /Users/ricardonunes/Desktop/SAR_ADC_12b/SAR_ADC_12bit/state_machine/openlane_backup/runs/RUN_2024-04-06_20-30-09/54-klayout-xor/xor.xml ..
Total elapsed: 0.540s
/Users/ricardonunes/Desktop/SAR_ADC_12b/SAR_ADC_12bit/state_machine/openlane_backup/runs/RUN_2024-04-06_20-30-09/50-magic-streamout/state_machine.magic.gds
/Users/ricardonunes/Desktop/SAR_ADC_12b/SAR_ADC_12bit/state_machine/openlane_backup/runs/RUN_2024-04-06_20-30-09/51-klayout-streamout/state_machine.klayout.gds
%OL_METRIC_I design__xor_difference__count 0
