
===========================================================================
report_checks -unconstrained
===========================================================================
======================= nom_ff_n40C_1v95 Corner ===================================

Startpoint: vin_n_sw_on (input port clocked by __VIRTUAL_CLK__)
Endpoint: vss_n_o[4] (output port clocked by __VIRTUAL_CLK__)
Path Group: __VIRTUAL_CLK__
Path Type: max

Fanout         Cap        Slew       Delay        Time   Description
---------------------------------------------------------------------------------------------
                      0.000000    0.000000    0.000000   clock __VIRTUAL_CLK__ (rise edge)
                                  0.000000    0.000000   clock network delay (ideal)
                                  2.000000    2.000000 v input external delay
     1    0.003575    0.005856    0.002964    2.002964 v vin_n_sw_on (in)
                                                         vin_n_sw_on (net)
                      0.005857    0.000000    2.002964 v input24/A (sky130_fd_sc_hd__buf_1)
     1    0.017648    0.072492    0.090946    2.093910 v input24/X (sky130_fd_sc_hd__buf_1)
                                                         net24 (net)
                      0.072529    0.001363    2.095273 v _214_/A (sky130_fd_sc_hd__or3_2)
     4    0.018523    0.083139    0.325244    2.420517 v _214_/X (sky130_fd_sc_hd__or3_2)
                                                         _059_ (net)
                      0.083154    0.000852    2.421369 v _215_/A (sky130_fd_sc_hd__inv_2)
     4    0.030693    0.109816    0.114379    2.535748 ^ _215_/Y (sky130_fd_sc_hd__inv_2)
                                                         net39 (net)
                      0.109821    0.000633    2.536381 ^ _217_/B (sky130_fd_sc_hd__nand2_1)
     2    0.006201    0.054112    0.051858    2.588238 v _217_/Y (sky130_fd_sc_hd__nand2_1)
                                                         _061_ (net)
                      0.054113    0.000207    2.588445 v fanout95/A (sky130_fd_sc_hd__buf_2)
    10    0.042170    0.075116    0.135677    2.724123 v fanout95/X (sky130_fd_sc_hd__buf_2)
                                                         net95 (net)
                      0.075127    0.000780    2.724903 v _226_/B1 (sky130_fd_sc_hd__o32a_1)
     3    0.017414    0.081819    0.157746    2.882649 v _226_/X (sky130_fd_sc_hd__o32a_1)
                                                         _066_ (net)
                      0.081821    0.000305    2.882954 v _227_/A2 (sky130_fd_sc_hd__o21ai_1)
     1    0.023712    0.327540    0.283485    3.166439 ^ _227_/Y (sky130_fd_sc_hd__o21ai_1)
                                                         net78 (net)
                      0.327544    0.000873    3.167312 ^ output78/A (sky130_fd_sc_hd__buf_2)
     1    0.037267    0.139681    0.184348    3.351660 ^ output78/X (sky130_fd_sc_hd__buf_2)
                                                         vss_n_o[4] (net)
                      0.139695    0.001157    3.352818 ^ vss_n_o[4] (out)
                                              3.352818   data arrival time

                      0.000000   10.000000   10.000000   clock __VIRTUAL_CLK__ (rise edge)
                                  0.000000   10.000000   clock network delay (ideal)
                                 -0.250000    9.750000   clock uncertainty
                                  0.000000    9.750000   clock reconvergence pessimism
                                 -2.000000    7.750000   output external delay
                                              7.750000   data required time
---------------------------------------------------------------------------------------------
                                              7.750000   data required time
                                             -3.352818   data arrival time
---------------------------------------------------------------------------------------------
                                              4.397182   slack (MET)




===========================================================================
report_checks --slack_max -0.01
============================================================================
======================= nom_ff_n40C_1v95 Corner ===================================

No paths found.


===========================================================================
 report_check_types -max_slew -max_cap -max_fanout -violators
============================================================================
======================= nom_ff_n40C_1v95 Corner ===================================



===========================================================================
report_parasitic_annotation -report_unannotated
============================================================================
Found 0 unannotated drivers.
Found 0 partially unannotated drivers.

===========================================================================
max slew violation count 0
max fanout violation count 0
max cap violation count 0
============================================================================

===========================================================================
check_setup -verbose -unconstrained_endpoints -multiple_clock -no_clock -no_input_delay -loops -generated_clocks
===========================================================================
Warning: There are 28 unclocked register/latch pins.
  _419_/CLK
  _420_/CLK
  _421_/CLK
  _422_/CLK
  _423_/CLK
  _424_/CLK
  _425_/CLK
  _426_/CLK
  _427_/CLK
  _428_/CLK
  _429_/CLK
  _430_/CLK
  _431_/CLK
  _432_/CLK
  _433_/CLK
  _434_/CLK
  _435_/CLK
  _436_/CLK
  _437_/CLK
  _438_/CLK
  _439_/CLK
  _440_/CLK
  _441_/CLK
  _442_/CLK
  _443_/CLK
  _444_/CLK
  _445_/CLK
  _446_/CLK
Warning: There are 36 unconstrained endpoints.
  clk_data
  data[0]
  data[1]
  data[2]
  data[3]
  data[4]
  data[5]
  en_vcm_sw_o
  _419_/D
  _420_/D
  _421_/D
  _422_/D
  _423_/D
  _424_/D
  _425_/D
  _426_/D
  _427_/D
  _428_/D
  _429_/D
  _430_/D
  _431_/D
  _432_/D
  _433_/D
  _434_/D
  _435_/D
  _436_/D
  _437_/D
  _438_/D
  _439_/D
  _440_/D
  _441_/D
  _442_/D
  _443_/D
  _444_/D
  _445_/D
  _446_/D
