Reading OpenROAD database at '/Users/ricardonunes/Desktop/SAR_ADC_12b/SAR_ADC_12bit/state_machine/openlane/runs/RUN_2024-04-01_23-13-24/24-odb-customioplacement/state_machine.odb'…
Reading library file at '/Users/ricardonunes/.volare/volare/sky130/versions/bdc9412b3e468c102d01b7cf6337be06ec6e9c9a/sky130A/libs.ref/sky130_fd_sc_hd/lib/sky130_fd_sc_hd__tt_025C_1v80.lib'…
Reading design constraints file at '/nix/store/xhwkk1nyrhfgxgb87jl3m1gz0fbr8vi4-python3-3.11.6-env/lib/python3.11/site-packages/openlane/scripts/base.sdc'…
[WARNING STA-0337] port '__VIRTUAL_CLK__' not found.
[INFO] Using clock __VIRTUAL_CLK__…
[INFO] Setting output delay to: 2
[INFO] Setting input delay to: 2
[WARNING STA-0337] port '__VIRTUAL_CLK__' not found.
[INFO] Setting load to: 0.1
[INFO] Setting clock uncertainty to: 0.25
[INFO] Setting clock transition to: 0.1499999999999999944488848768742172978818416595458984375
[WARNING STA-0559] transition time can not be specified for virtual clocks.
[INFO] Setting timing derate to: 5%
[INFO] Setting RC values…
[INFO] Setting signal min routing layer to: met1 and clock min routing layer to met1. 
[INFO] Setting signal max routing layer to: met4 and clock max routing layer to met4. 
{*}-density 0.839175 -timing_driven -routability_driven -pad_right 0 -pad_left 0 -init_wirelength_coef 0.25
[INFO GPL-0002] DBU: 1000
[INFO GPL-0003] SiteSize: 460 2720
[INFO GPL-0004] CoreAreaLxLy: 5520 10880
[INFO GPL-0005] CoreAreaUxUy: 139380 38080
[INFO GPL-0006] NumInstances: 390
[INFO GPL-0007] NumPlaceInstances: 310
[INFO GPL-0008] NumFixedInstances: 80
[INFO GPL-0009] NumDummyInstances: 0
[INFO GPL-0010] NumNets: 324
[INFO GPL-0011] NumPins: 930
[INFO GPL-0012] DieAreaLxLy: 0 0
[INFO GPL-0013] DieAreaUxUy: 145000 50000
[INFO GPL-0014] CoreAreaLxLy: 5520 10880
[INFO GPL-0015] CoreAreaUxUy: 139380 38080
[INFO GPL-0016] CoreArea: 3640992000
[INFO GPL-0017] NonPlaceInstsArea: 150144000
[INFO GPL-0018] PlaceInstsArea: 2616259200
[INFO GPL-0019] Util(%): 74.95
[INFO GPL-0020] StdInstsArea: 2616259200
[INFO GPL-0021] MacroInstsArea: 0
[InitialPlace]  Iter: 1 CG residual: 0.00000010 HPWL: 10286788
[InitialPlace]  Iter: 2 CG residual: 0.00000010 HPWL: 8045529
[InitialPlace]  Iter: 3 CG residual: 0.00000011 HPWL: 8024809
[InitialPlace]  Iter: 4 CG residual: 0.00000011 HPWL: 8009959
[InitialPlace]  Iter: 5 CG residual: 0.00000008 HPWL: 7984895
[INFO GPL-0031] FillerInit: NumGCells: 350
[INFO GPL-0032] FillerInit: NumGNets: 324
[INFO GPL-0033] FillerInit: NumGPins: 930
[INFO GPL-0023] TargetDensity: 0.84
[INFO GPL-0024] AveragePlaceInstArea: 8439545
[INFO GPL-0025] IdealBinArea: 10056955
[INFO GPL-0026] IdealBinCnt: 362
[INFO GPL-0027] TotalBinArea: 3640992000
[INFO GPL-0028] BinCnt: 32 8
[INFO GPL-0029] BinSize: 4184 3400
[INFO GPL-0030] NumBins: 256
[NesterovSolve] Iter: 1 overflow: 0.679147 HPWL: 6482055
[INFO GPL-0100] worst slack 3.31e-09
[INFO GPL-0103] Weighted 30 nets.
[INFO GPL-0100] worst slack 3.41e-09
[INFO GPL-0103] Weighted 31 nets.
[NesterovSolve] Snapshot saved at iter = 2
[NesterovSolve] Iter: 10 overflow: 0.516177 HPWL: 6602344
[NesterovSolve] Iter: 20 overflow: 0.501148 HPWL: 6584076
[NesterovSolve] Iter: 30 overflow: 0.503182 HPWL: 6576006
[NesterovSolve] Iter: 40 overflow: 0.506312 HPWL: 6582342
[NesterovSolve] Iter: 50 overflow: 0.508185 HPWL: 6584776
[NesterovSolve] Iter: 60 overflow: 0.505842 HPWL: 6579539
[NesterovSolve] Iter: 70 overflow: 0.50423 HPWL: 6577326
[NesterovSolve] Iter: 80 overflow: 0.504683 HPWL: 6578946
[NesterovSolve] Iter: 90 overflow: 0.507877 HPWL: 6584199
[NesterovSolve] Iter: 100 overflow: 0.507594 HPWL: 6584365
[NesterovSolve] Iter: 110 overflow: 0.505384 HPWL: 6580327
[NesterovSolve] Iter: 120 overflow: 0.503362 HPWL: 6580422
[NesterovSolve] Iter: 130 overflow: 0.504635 HPWL: 6584460
[NesterovSolve] Iter: 140 overflow: 0.505851 HPWL: 6591862
[NesterovSolve] Iter: 150 overflow: 0.503676 HPWL: 6595690
[NesterovSolve] Iter: 160 overflow: 0.497962 HPWL: 6599820
[NesterovSolve] Iter: 170 overflow: 0.495485 HPWL: 6615977
[INFO GPL-0100] worst slack 3.31e-09
[INFO GPL-0103] Weighted 29 nets.
[NesterovSolve] Iter: 180 overflow: 0.475771 HPWL: 6593236
[NesterovSolve] Iter: 190 overflow: 0.452622 HPWL: 6570058
[NesterovSolve] Iter: 200 overflow: 0.44151 HPWL: 6553033
[NesterovSolve] Iter: 210 overflow: 0.417914 HPWL: 6581938
[NesterovSolve] Iter: 220 overflow: 0.393852 HPWL: 6596500
[NesterovSolve] Iter: 230 overflow: 0.361567 HPWL: 6649542
[NesterovSolve] Iter: 240 overflow: 0.322171 HPWL: 6704779
[NesterovSolve] Iter: 250 overflow: 0.303097 HPWL: 6710644
[INFO GPL-0100] worst slack 3.25e-09
[INFO GPL-0103] Weighted 31 nets.
[NesterovSolve] Iter: 260 overflow: 0.265455 HPWL: 6738896
[NesterovSolve] Iter: 270 overflow: 0.232812 HPWL: 6764952
[INFO GPL-0100] worst slack 3.12e-09
[INFO GPL-0103] Weighted 26 nets.
[INFO GPL-0075] Routability numCall: 1 inflationIterCnt: 1 bloatIterCnt: 0
[INFO GPL-0036] TileLxLy: 0 0
[INFO GPL-0037] TileSize: 6900 6900
[INFO GPL-0038] TileCnt: 21 7
[INFO GPL-0039] numRoutingLayers: 6
[INFO GPL-0040] NumTiles: 147
[INFO GPL-0063] TotalRouteOverflowH2: 0.10000002384185791
[INFO GPL-0064] TotalRouteOverflowV2: 0
[INFO GPL-0065] OverflowTileCnt2: 1
[INFO GPL-0066] 0.5%RC: 1.050000011920929
[INFO GPL-0067] 1.0%RC: 1.0333333412806194
[INFO GPL-0068] 2.0%RC: 1.0166666706403096
[INFO GPL-0069] 5.0%RC: 1.007142858845847
[INFO GPL-0070] 0.5rcK: 1
[INFO GPL-0071] 1.0rcK: 1
[INFO GPL-0072] 2.0rcK: 0
[INFO GPL-0073] 5.0rcK: 0
[INFO GPL-0074] FinalRC: 1.0416666
[NesterovSolve] Iter: 280 overflow: 0.194336 HPWL: 6765190
[NesterovSolve] Iter: 290 overflow: 0.173811 HPWL: 6780699
[NesterovSolve] Iter: 300 overflow: 0.155081 HPWL: 6810682
[INFO GPL-0100] worst slack 3.14e-09
[INFO GPL-0103] Weighted 26 nets.
[NesterovSolve] Iter: 310 overflow: 0.124433 HPWL: 6830952
[NesterovSolve] Iter: 320 overflow: 0.101369 HPWL: 6836394
[NesterovSolve] Finished with Overflow: 0.099076
[INFO] Setting RC values…
Setting global connections for newly added cells…
[INFO] Setting global connections...
Writing OpenROAD database to '/Users/ricardonunes/Desktop/SAR_ADC_12b/SAR_ADC_12bit/state_machine/openlane/runs/RUN_2024-04-01_23-13-24/26-openroad-globalplacement/state_machine.odb'…
Writing netlist to '/Users/ricardonunes/Desktop/SAR_ADC_12b/SAR_ADC_12bit/state_machine/openlane/runs/RUN_2024-04-01_23-13-24/26-openroad-globalplacement/state_machine.nl.v'…
Writing powered netlist to '/Users/ricardonunes/Desktop/SAR_ADC_12b/SAR_ADC_12bit/state_machine/openlane/runs/RUN_2024-04-01_23-13-24/26-openroad-globalplacement/state_machine.pnl.v'…
Writing layout to '/Users/ricardonunes/Desktop/SAR_ADC_12b/SAR_ADC_12bit/state_machine/openlane/runs/RUN_2024-04-01_23-13-24/26-openroad-globalplacement/state_machine.def'…
Writing timing constraints to '/Users/ricardonunes/Desktop/SAR_ADC_12b/SAR_ADC_12bit/state_machine/openlane/runs/RUN_2024-04-01_23-13-24/26-openroad-globalplacement/state_machine.sdc'…
