
===========================================================================
report_checks -unconstrained
===========================================================================
======================= max_ss_100C_1v60 Corner ===================================

Startpoint: clk (input port clocked by __VIRTUAL_CLK__)
Endpoint: debug_out (output port clocked by __VIRTUAL_CLK__)
Path Group: __VIRTUAL_CLK__
Path Type: max

Fanout         Cap        Slew       Delay        Time   Description
---------------------------------------------------------------------------------------------
                      0.000000    0.000000    0.000000   clock __VIRTUAL_CLK__ (rise edge)
                                  0.000000    0.000000   clock network delay (ideal)
                                  2.000000    2.000000 v input external delay
     1    0.003491    0.021138    0.011457    2.011457 v clk (in)
                                                         clk (net)
                      0.021140    0.000000    2.011457 v input1/A (sky130_fd_sc_hd__clkbuf_1)
     1    0.005865    0.081486    0.165161    2.176618 v input1/X (sky130_fd_sc_hd__clkbuf_1)
                                                         net1 (net)
                      0.081488    0.000356    2.176974 v fanout108/A (sky130_fd_sc_hd__clkbuf_2)
     8    0.034408    0.242208    0.342036    2.519010 v fanout108/X (sky130_fd_sc_hd__clkbuf_2)
                                                         net108 (net)
                      0.242220    0.001445    2.520455 v fanout106/A (sky130_fd_sc_hd__clkbuf_2)
    10    0.033273    0.235246    0.410749    2.931204 v fanout106/X (sky130_fd_sc_hd__clkbuf_2)
                                                         net106 (net)
                      0.235319    0.003451    2.934655 v _108_/A (sky130_fd_sc_hd__or4_1)
     1    0.003315    0.183774    1.271620    4.206275 v _108_/X (sky130_fd_sc_hd__or4_1)
                                                         _044_ (net)
                      0.183774    0.000223    4.206499 v _109_/A2 (sky130_fd_sc_hd__a211oi_1)
     1    0.003897    0.353015    0.472990    4.679489 ^ _109_/Y (sky130_fd_sc_hd__a211oi_1)
                                                         _045_ (net)
                      0.353015    0.000169    4.679657 ^ _114_/A2 (sky130_fd_sc_hd__o32a_1)
     1    0.006979    0.145723    0.436776    5.116433 ^ _114_/X (sky130_fd_sc_hd__o32a_1)
                                                         net32 (net)
                      0.145725    0.000411    5.116844 ^ output32/A (sky130_fd_sc_hd__clkbuf_4)
     1    0.035155    0.183623    0.365617    5.482461 ^ output32/X (sky130_fd_sc_hd__clkbuf_4)
                                                         debug_out (net)
                      0.183650    0.001842    5.484303 ^ debug_out (out)
                                              5.484303   data arrival time

                      0.000000   10.000000   10.000000   clock __VIRTUAL_CLK__ (rise edge)
                                  0.000000   10.000000   clock network delay (ideal)
                                 -0.250000    9.750000   clock uncertainty
                                  0.000000    9.750000   clock reconvergence pessimism
                                 -2.000000    7.750000   output external delay
                                              7.750000   data required time
---------------------------------------------------------------------------------------------
                                              7.750000   data required time
                                             -5.484303   data arrival time
---------------------------------------------------------------------------------------------
                                              2.265697   slack (MET)




===========================================================================
report_checks --slack_max -0.01
============================================================================
======================= max_ss_100C_1v60 Corner ===================================

No paths found.


===========================================================================
 report_check_types -max_slew -max_cap -max_fanout -violators
============================================================================
======================= max_ss_100C_1v60 Corner ===================================

max slew

Pin                                        Limit        Slew       Slack
------------------------------------------------------------------------
output33/A                              0.750000    1.203501   -0.453501 (VIOLATED)
_107_/Y                                 0.750000    1.203496   -0.453496 (VIOLATED)

max fanout

Pin                                   Limit Fanout  Slack
---------------------------------------------------------
_134_/X                                  10     12     -2 (VIOLATED)



===========================================================================
report_parasitic_annotation -report_unannotated
============================================================================
Found 0 unannotated drivers.
Found 0 partially unannotated drivers.

===========================================================================
max slew violation count 2
max fanout violation count 1
max cap violation count 0
============================================================================

===========================================================================
check_setup -verbose -unconstrained_endpoints -multiple_clock -no_clock -no_input_delay -loops -generated_clocks
===========================================================================
Warning: There are 27 unclocked register/latch pins.
  _243_/CLK
  _244_/CLK
  _245_/CLK
  _246_/CLK
  _247_/CLK
  _248_/CLK
  _249_/CLK
  _250_/CLK
  _251_/CLK
  _252_/CLK
  _253_/CLK
  _254_/CLK
  _255_/CLK
  _256_/CLK
  _257_/CLK
  _258_/CLK
  _259_/CLK
  _260_/CLK
  _261_/CLK
  _262_/CLK
  _263_/CLK
  _264_/CLK
  _265_/CLK
  _266_/CLK
  _267_/CLK
  _268_/CLK
  _269_/CLK
Warning: There are 35 unconstrained endpoints.
  clk_data
  data[0]
  data[1]
  data[2]
  data[3]
  data[4]
  data[5]
  en_vcm_sw_o
  _243_/D
  _244_/D
  _245_/D
  _246_/D
  _247_/D
  _248_/D
  _249_/D
  _250_/D
  _251_/D
  _252_/D
  _253_/D
  _254_/D
  _255_/D
  _256_/D
  _257_/D
  _258_/D
  _259_/D
  _260_/D
  _261_/D
  _262_/D
  _263_/D
  _264_/D
  _265_/D
  _266_/D
  _267_/D
  _268_/D
  _269_/D
