
===========================================================================
report_checks -unconstrained
===========================================================================
======================= min_ff_n40C_1v95 Corner ===================================

Startpoint: vin_p_sw_on (input port clocked by __VIRTUAL_CLK__)
Endpoint: vref_z_p_o[4] (output port clocked by __VIRTUAL_CLK__)
Path Group: __VIRTUAL_CLK__
Path Type: max

Fanout         Cap        Slew       Delay        Time   Description
---------------------------------------------------------------------------------------------
                      0.000000    0.000000    0.000000   clock __VIRTUAL_CLK__ (rise edge)
                                  0.000000    0.000000   clock network delay (ideal)
                                  2.000000    2.000000 v input external delay
     1    0.004540    0.007421    0.003791    2.003791 v vin_p_sw_on (in)
                                                         vin_p_sw_on (net)
                      0.007422    0.000000    2.003791 v input25/A (sky130_fd_sc_hd__buf_1)
     1    0.023851    0.095496    0.109964    2.113756 v input25/X (sky130_fd_sc_hd__buf_1)
                                                         net25 (net)
                      0.095499    0.000466    2.114222 v _210_/B (sky130_fd_sc_hd__nor3_1)
     2    0.008329    0.198379    0.204199    2.318421 ^ _210_/Y (sky130_fd_sc_hd__nor3_1)
                                                         net39 (net)
                      0.198379    0.000195    2.318616 ^ fanout98/A (sky130_fd_sc_hd__clkbuf_4)
    10    0.057709    0.135324    0.200260    2.518877 ^ fanout98/X (sky130_fd_sc_hd__clkbuf_4)
                                                         net98 (net)
                      0.135349    0.001523    2.520400 ^ _211_/B (sky130_fd_sc_hd__and2_1)
     2    0.014482    0.112403    0.148267    2.668666 ^ _211_/X (sky130_fd_sc_hd__and2_1)
                                                         _058_ (net)
                      0.112403    0.000048    2.668715 ^ fanout95/A (sky130_fd_sc_hd__buf_2)
    10    0.038442    0.142828    0.167863    2.836578 ^ fanout95/X (sky130_fd_sc_hd__buf_2)
                                                         net95 (net)
                      0.142833    0.000663    2.837241 ^ _223_/A (sky130_fd_sc_hd__nor2_1)
     2    0.006252    0.048724    0.048711    2.885953 v _223_/Y (sky130_fd_sc_hd__nor2_1)
                                                         _066_ (net)
                      0.048724    0.000062    2.886014 v _290_/A (sky130_fd_sc_hd__or3_1)
     1    0.009379    0.068509    0.245936    3.131950 v _290_/X (sky130_fd_sc_hd__or3_1)
                                                         net67 (net)
                      0.068510    0.000205    3.132155 v output67/A (sky130_fd_sc_hd__buf_2)
     1    0.034529    0.063084    0.133330    3.265485 v output67/X (sky130_fd_sc_hd__buf_2)
                                                         vref_z_p_o[4] (net)
                      0.063086    0.000306    3.265791 v vref_z_p_o[4] (out)
                                              3.265791   data arrival time

                      0.000000   10.000000   10.000000   clock __VIRTUAL_CLK__ (rise edge)
                                  0.000000   10.000000   clock network delay (ideal)
                                 -0.250000    9.750000   clock uncertainty
                                  0.000000    9.750000   clock reconvergence pessimism
                                 -2.000000    7.750000   output external delay
                                              7.750000   data required time
---------------------------------------------------------------------------------------------
                                              7.750000   data required time
                                             -3.265791   data arrival time
---------------------------------------------------------------------------------------------
                                              4.484209   slack (MET)




===========================================================================
report_checks --slack_max -0.01
============================================================================
======================= min_ff_n40C_1v95 Corner ===================================

No paths found.


===========================================================================
 report_check_types -max_slew -max_cap -max_fanout -violators
============================================================================
======================= min_ff_n40C_1v95 Corner ===================================

max fanout

Pin                                   Limit Fanout  Slack
---------------------------------------------------------
_302_/Y                                  10     11        (VIOLATED)



===========================================================================
report_parasitic_annotation -report_unannotated
============================================================================
Found 0 unannotated drivers.
Found 0 partially unannotated drivers.

===========================================================================
max slew violation count 0
max fanout violation count 1
max cap violation count 0
============================================================================

===========================================================================
check_setup -verbose -unconstrained_endpoints -multiple_clock -no_clock -no_input_delay -loops -generated_clocks
===========================================================================
Warning: There are 28 unclocked register/latch pins.
  _413_/CLK
  _414_/CLK
  _415_/CLK
  _416_/CLK
  _417_/CLK
  _418_/CLK
  _419_/CLK
  _420_/CLK
  _421_/CLK
  _422_/CLK
  _423_/CLK
  _424_/CLK
  _425_/CLK
  _426_/CLK
  _427_/CLK
  _428_/CLK
  _429_/CLK
  _430_/CLK
  _431_/CLK
  _432_/CLK
  _433_/CLK
  _434_/CLK
  _435_/CLK
  _436_/CLK
  _437_/CLK
  _438_/CLK
  _439_/CLK
  _440_/CLK
Warning: There are 36 unconstrained endpoints.
  clk_data
  data[0]
  data[1]
  data[2]
  data[3]
  data[4]
  data[5]
  en_vcm_sw_o
  _413_/D
  _414_/D
  _415_/D
  _416_/D
  _417_/D
  _418_/D
  _419_/D
  _420_/D
  _421_/D
  _422_/D
  _423_/D
  _424_/D
  _425_/D
  _426_/D
  _427_/D
  _428_/D
  _429_/D
  _430_/D
  _431_/D
  _432_/D
  _433_/D
  _434_/D
  _435_/D
  _436_/D
  _437_/D
  _438_/D
  _439_/D
  _440_/D
