Reading OpenROAD database at '/Users/ricardonunes/Desktop/SAR_ADC_12b/SAR_ADC_12bit/state_machine/openlane/runs/RUN_2024-04-07_18-29-36/24-odb-customioplacement/state_machine.odb'…
Reading library file at '/Users/ricardonunes/.volare/volare/sky130/versions/bdc9412b3e468c102d01b7cf6337be06ec6e9c9a/sky130A/libs.ref/sky130_fd_sc_hd/lib/sky130_fd_sc_hd__tt_025C_1v80.lib'…
Reading design constraints file at '/nix/store/xhwkk1nyrhfgxgb87jl3m1gz0fbr8vi4-python3-3.11.6-env/lib/python3.11/site-packages/openlane/scripts/base.sdc'…
[WARNING STA-0337] port '__VIRTUAL_CLK__' not found.
[INFO] Using clock __VIRTUAL_CLK__…
[INFO] Setting output delay to: 2
[INFO] Setting input delay to: 2
[WARNING STA-0337] port '__VIRTUAL_CLK__' not found.
[INFO] Setting load to: 0.033442
[INFO] Setting clock uncertainty to: 0.25
[INFO] Setting clock transition to: 0.1499999999999999944488848768742172978818416595458984375
[WARNING STA-0559] transition time can not be specified for virtual clocks.
[INFO] Setting timing derate to: 5%
[INFO] Setting RC values…
[INFO] Setting signal min routing layer to: met1 and clock min routing layer to met1. 
[INFO] Setting signal max routing layer to: met4 and clock max routing layer to met4. 
{*}-density 0.66323 -timing_driven -routability_driven -pad_right 0 -pad_left 0 -init_wirelength_coef 0.25
[INFO GPL-0002] DBU: 1000
[INFO GPL-0003] SiteSize: 460 2720
[INFO GPL-0004] CoreAreaLxLy: 5520 10880
[INFO GPL-0005] CoreAreaUxUy: 139380 38080
[INFO GPL-0006] NumInstances: 263
[INFO GPL-0007] NumPlaceInstances: 183
[INFO GPL-0008] NumFixedInstances: 80
[INFO GPL-0009] NumDummyInstances: 0
[INFO GPL-0010] NumNets: 207
[INFO GPL-0011] NumPins: 758
[INFO GPL-0012] DieAreaLxLy: 0 0
[INFO GPL-0013] DieAreaUxUy: 145000 50000
[INFO GPL-0014] CoreAreaLxLy: 5520 10880
[INFO GPL-0015] CoreAreaUxUy: 139380 38080
[INFO GPL-0016] CoreArea: 3640992000
[INFO GPL-0017] NonPlaceInstsArea: 150144000
[INFO GPL-0018] PlaceInstsArea: 1975644800
[INFO GPL-0019] Util(%): 56.59
[INFO GPL-0020] StdInstsArea: 1975644800
[INFO GPL-0021] MacroInstsArea: 0
[InitialPlace]  Iter: 1 CG residual: 0.00000009 HPWL: 10135249
[InitialPlace]  Iter: 2 CG residual: 0.00000009 HPWL: 7897916
[InitialPlace]  Iter: 3 CG residual: 0.00000010 HPWL: 7881499
[InitialPlace]  Iter: 4 CG residual: 0.00000012 HPWL: 7868148
[InitialPlace]  Iter: 5 CG residual: 0.00000009 HPWL: 7867410
[INFO GPL-0031] FillerInit: NumGCells: 216
[INFO GPL-0032] FillerInit: NumGNets: 207
[INFO GPL-0033] FillerInit: NumGPins: 758
[INFO GPL-0023] TargetDensity: 0.66
[INFO GPL-0024] AveragePlaceInstArea: 10795873
[INFO GPL-0025] IdealBinArea: 16277721
[INFO GPL-0026] IdealBinCnt: 223
[INFO GPL-0027] TotalBinArea: 3640992000
[INFO GPL-0028] BinCnt: 16 4
[INFO GPL-0029] BinSize: 8367 6800
[INFO GPL-0030] NumBins: 64
[NesterovSolve] Iter: 1 overflow: 0.720527 HPWL: 7139044
[INFO GPL-0100] worst slack 4.34e-09
[INFO GPL-0103] Weighted 20 nets.
[NesterovSolve] Iter: 10 overflow: 0.632004 HPWL: 7216621
[INFO GPL-0100] worst slack 4.34e-09
[INFO GPL-0103] Weighted 20 nets.
[NesterovSolve] Iter: 20 overflow: 0.63699 HPWL: 7209625
[NesterovSolve] Iter: 30 overflow: 0.637463 HPWL: 7209086
[NesterovSolve] Iter: 40 overflow: 0.6364 HPWL: 7206980
[NesterovSolve] Iter: 50 overflow: 0.637109 HPWL: 7208169
[NesterovSolve] Iter: 60 overflow: 0.636862 HPWL: 7207945
[NesterovSolve] Iter: 70 overflow: 0.63671 HPWL: 7207796
[NesterovSolve] Iter: 80 overflow: 0.6366 HPWL: 7208003
[NesterovSolve] Iter: 90 overflow: 0.63634 HPWL: 7208094
[NesterovSolve] Iter: 100 overflow: 0.635885 HPWL: 7208128
[NesterovSolve] Iter: 110 overflow: 0.635337 HPWL: 7208457
[NesterovSolve] Iter: 120 overflow: 0.634268 HPWL: 7209070
[NesterovSolve] Iter: 130 overflow: 0.632216 HPWL: 7209417
[NesterovSolve] Iter: 140 overflow: 0.629438 HPWL: 7209437
[NesterovSolve] Iter: 150 overflow: 0.624973 HPWL: 7209491
[NesterovSolve] Iter: 160 overflow: 0.620701 HPWL: 7211066
[NesterovSolve] Iter: 170 overflow: 0.615793 HPWL: 7217039
[NesterovSolve] Iter: 180 overflow: 0.606488 HPWL: 7226786
[NesterovSolve] Snapshot saved at iter = 184
[NesterovSolve] Iter: 190 overflow: 0.589252 HPWL: 7236162
[NesterovSolve] Iter: 200 overflow: 0.548928 HPWL: 7223820
[NesterovSolve] Iter: 210 overflow: 0.51917 HPWL: 7235714
[INFO GPL-0100] worst slack 4.34e-09
[INFO GPL-0103] Weighted 20 nets.
[NesterovSolve] Iter: 220 overflow: 0.474867 HPWL: 7274786
[NesterovSolve] Iter: 230 overflow: 0.416379 HPWL: 7315708
[NesterovSolve] Iter: 240 overflow: 0.371347 HPWL: 7385959
[NesterovSolve] Iter: 250 overflow: 0.312247 HPWL: 7412534
[INFO GPL-0100] worst slack 4.35e-09
[INFO GPL-0103] Weighted 20 nets.
[NesterovSolve] Iter: 260 overflow: 0.271329 HPWL: 7438881
[NesterovSolve] Iter: 270 overflow: 0.22713 HPWL: 7462355
[INFO GPL-0100] worst slack 4.35e-09
[INFO GPL-0103] Weighted 20 nets.
[INFO GPL-0075] Routability numCall: 1 inflationIterCnt: 1 bloatIterCnt: 0
[INFO GPL-0036] TileLxLy: 0 0
[INFO GPL-0037] TileSize: 6900 6900
[INFO GPL-0038] TileCnt: 21 7
[INFO GPL-0039] numRoutingLayers: 6
[INFO GPL-0040] NumTiles: 147
[INFO GPL-0063] TotalRouteOverflowH2: 0.10000002384185791
[INFO GPL-0064] TotalRouteOverflowV2: 0
[INFO GPL-0065] OverflowTileCnt2: 1
[INFO GPL-0066] 0.5%RC: 1.050000011920929
[INFO GPL-0067] 1.0%RC: 1.0333333412806194
[INFO GPL-0068] 2.0%RC: 1.0166666706403096
[INFO GPL-0069] 5.0%RC: 1.007142858845847
[INFO GPL-0070] 0.5rcK: 1
[INFO GPL-0071] 1.0rcK: 1
[INFO GPL-0072] 2.0rcK: 0
[INFO GPL-0073] 5.0rcK: 0
[INFO GPL-0074] FinalRC: 1.0416666
[NesterovSolve] Iter: 280 overflow: 0.177634 HPWL: 7478527
[INFO GPL-0100] worst slack 4.34e-09
[INFO GPL-0103] Weighted 20 nets.
[NesterovSolve] Iter: 290 overflow: 0.140276 HPWL: 7486101
[NesterovSolve] Iter: 300 overflow: 0.109492 HPWL: 7502049
[NesterovSolve] Finished with Overflow: 0.098121
[INFO] Setting RC values…
Setting global connections for newly added cells…
[INFO] Setting global connections...
Writing OpenROAD database to '/Users/ricardonunes/Desktop/SAR_ADC_12b/SAR_ADC_12bit/state_machine/openlane/runs/RUN_2024-04-07_18-29-36/26-openroad-globalplacement/state_machine.odb'…
Writing netlist to '/Users/ricardonunes/Desktop/SAR_ADC_12b/SAR_ADC_12bit/state_machine/openlane/runs/RUN_2024-04-07_18-29-36/26-openroad-globalplacement/state_machine.nl.v'…
Writing powered netlist to '/Users/ricardonunes/Desktop/SAR_ADC_12b/SAR_ADC_12bit/state_machine/openlane/runs/RUN_2024-04-07_18-29-36/26-openroad-globalplacement/state_machine.pnl.v'…
Writing layout to '/Users/ricardonunes/Desktop/SAR_ADC_12b/SAR_ADC_12bit/state_machine/openlane/runs/RUN_2024-04-07_18-29-36/26-openroad-globalplacement/state_machine.def'…
Writing timing constraints to '/Users/ricardonunes/Desktop/SAR_ADC_12b/SAR_ADC_12bit/state_machine/openlane/runs/RUN_2024-04-07_18-29-36/26-openroad-globalplacement/state_machine.sdc'…
