
Circuit 1 cell sky130_fd_pr__pfet_01v8_hvt and Circuit 2 cell sky130_fd_pr__pfet_01v8_hvt are black boxes.
Warning: Equate pins:  cell sky130_fd_pr__pfet_01v8_hvt is a placeholder, treated as a black box.
Warning: Equate pins:  cell sky130_fd_pr__pfet_01v8_hvt is a placeholder, treated as a black box.

Subcircuit pins:
Circuit 1: sky130_fd_pr__pfet_01v8_hvt     |Circuit 2: sky130_fd_pr__pfet_01v8_hvt     
-------------------------------------------|-------------------------------------------
1                                          |1                                          
2                                          |2                                          
3                                          |3                                          
4                                          |4                                          
---------------------------------------------------------------------------------------
Cell pin lists are equivalent.
Device classes sky130_fd_pr__pfet_01v8_hvt and sky130_fd_pr__pfet_01v8_hvt are equivalent.

Circuit 1 cell sky130_fd_pr__nfet_01v8 and Circuit 2 cell sky130_fd_pr__nfet_01v8 are black boxes.
Warning: Equate pins:  cell sky130_fd_pr__nfet_01v8 is a placeholder, treated as a black box.
Warning: Equate pins:  cell sky130_fd_pr__nfet_01v8 is a placeholder, treated as a black box.

Subcircuit pins:
Circuit 1: sky130_fd_pr__nfet_01v8         |Circuit 2: sky130_fd_pr__nfet_01v8         
-------------------------------------------|-------------------------------------------
1                                          |1                                          
2                                          |2                                          
3                                          |3                                          
4                                          |4                                          
---------------------------------------------------------------------------------------
Cell pin lists are equivalent.
Device classes sky130_fd_pr__nfet_01v8 and sky130_fd_pr__nfet_01v8 are equivalent.

Circuit 1 cell sky130_fd_pr__nfet_01v8_lvt and Circuit 2 cell sky130_fd_pr__nfet_01v8_lvt are black boxes.
Warning: Equate pins:  cell sky130_fd_pr__nfet_01v8_lvt is a placeholder, treated as a black box.
Warning: Equate pins:  cell sky130_fd_pr__nfet_01v8_lvt is a placeholder, treated as a black box.

Subcircuit pins:
Circuit 1: sky130_fd_pr__nfet_01v8_lvt     |Circuit 2: sky130_fd_pr__nfet_01v8_lvt     
-------------------------------------------|-------------------------------------------
1                                          |1                                          
2                                          |2                                          
3                                          |3                                          
4                                          |4                                          
---------------------------------------------------------------------------------------
Cell pin lists are equivalent.
Device classes sky130_fd_pr__nfet_01v8_lvt and sky130_fd_pr__nfet_01v8_lvt are equivalent.

Circuit 1 cell sky130_fd_pr__pfet_01v8 and Circuit 2 cell sky130_fd_pr__pfet_01v8 are black boxes.
Warning: Equate pins:  cell sky130_fd_pr__pfet_01v8 is a placeholder, treated as a black box.
Warning: Equate pins:  cell sky130_fd_pr__pfet_01v8 is a placeholder, treated as a black box.

Subcircuit pins:
Circuit 1: sky130_fd_pr__pfet_01v8         |Circuit 2: sky130_fd_pr__pfet_01v8         
-------------------------------------------|-------------------------------------------
1                                          |1                                          
2                                          |2                                          
3                                          |3                                          
4                                          |4                                          
---------------------------------------------------------------------------------------
Cell pin lists are equivalent.
Device classes sky130_fd_pr__pfet_01v8 and sky130_fd_pr__pfet_01v8 are equivalent.

Circuit 1 cell sky130_fd_pr__nfet_05v0_nvt and Circuit 2 cell sky130_fd_pr__nfet_05v0_nvt are black boxes.
Warning: Equate pins:  cell sky130_fd_pr__nfet_05v0_nvt is a placeholder, treated as a black box.
Warning: Equate pins:  cell sky130_fd_pr__nfet_05v0_nvt is a placeholder, treated as a black box.

Subcircuit pins:
Circuit 1: sky130_fd_pr__nfet_05v0_nvt     |Circuit 2: sky130_fd_pr__nfet_05v0_nvt     
-------------------------------------------|-------------------------------------------
1                                          |1                                          
2                                          |2                                          
3                                          |3                                          
4                                          |4                                          
---------------------------------------------------------------------------------------
Cell pin lists are equivalent.
Device classes sky130_fd_pr__nfet_05v0_nvt and sky130_fd_pr__nfet_05v0_nvt are equivalent.

Class sky130_fd_sc_hd__inv_4 (0):  Merged 6 parallel devices.
Class sky130_fd_sc_hd__inv_4 (1):  Merged 6 parallel devices.
Subcircuit summary:
Circuit 1: sky130_fd_sc_hd__inv_4          |Circuit 2: sky130_fd_sc_hd__inv_4          
-------------------------------------------|-------------------------------------------
sky130_fd_pr__pfet_01v8_hvt (4->1)         |sky130_fd_pr__pfet_01v8_hvt (4->1)         
sky130_fd_pr__nfet_01v8 (4->1)             |sky130_fd_pr__nfet_01v8 (4->1)             
Number of devices: 2                       |Number of devices: 2                       
Number of nets: 6                          |Number of nets: 6                          
---------------------------------------------------------------------------------------
Netlists match uniquely.

Subcircuit pins:
Circuit 1: sky130_fd_sc_hd__inv_4          |Circuit 2: sky130_fd_sc_hd__inv_4          
-------------------------------------------|-------------------------------------------
Y                                          |Y                                          
A                                          |A                                          
VGND                                       |VGND                                       
VNB                                        |VNB                                        
VPWR                                       |VPWR                                       
VPB                                        |VPB                                        
---------------------------------------------------------------------------------------
Cell pin lists are equivalent.
Device classes sky130_fd_sc_hd__inv_4 and sky130_fd_sc_hd__inv_4 are equivalent.

Class sky130_fd_sc_hd__inv_2 (0):  Merged 2 parallel devices.
Class sky130_fd_sc_hd__inv_2 (1):  Merged 2 parallel devices.
Subcircuit summary:
Circuit 1: sky130_fd_sc_hd__inv_2          |Circuit 2: sky130_fd_sc_hd__inv_2          
-------------------------------------------|-------------------------------------------
sky130_fd_pr__pfet_01v8_hvt (2->1)         |sky130_fd_pr__pfet_01v8_hvt (2->1)         
sky130_fd_pr__nfet_01v8 (2->1)             |sky130_fd_pr__nfet_01v8 (2->1)             
Number of devices: 2                       |Number of devices: 2                       
Number of nets: 6                          |Number of nets: 6                          
---------------------------------------------------------------------------------------
Netlists match uniquely.

Subcircuit pins:
Circuit 1: sky130_fd_sc_hd__inv_2          |Circuit 2: sky130_fd_sc_hd__inv_2          
-------------------------------------------|-------------------------------------------
VGND                                       |VGND                                       
VNB                                        |VNB                                        
VPWR                                       |VPWR                                       
VPB                                        |VPB                                        
Y                                          |Y                                          
A                                          |A                                          
---------------------------------------------------------------------------------------
Cell pin lists are equivalent.
Device classes sky130_fd_sc_hd__inv_2 and sky130_fd_sc_hd__inv_2 are equivalent.
Flattening unmatched subcell sky130_fd_pr__nfet_01v8_lvt_6HJFYD in circuit bootstrap (0)(1 instance)
Flattening unmatched subcell sky130_fd_pr__pfet_01v8_MAQRRG in circuit bootstrap (0)(1 instance)
Flattening unmatched subcell sky130_fd_pr__pfet_01v8_XG6TDL in circuit bootstrap (0)(1 instance)
Flattening unmatched subcell sky130_fd_pr__pfet_01v8_XGS3BL in circuit bootstrap (0)(1 instance)
Flattening unmatched subcell sky130_fd_pr__nfet_05v0_nvt_F93ZEE in circuit bootstrap (0)(1 instance)
Flattening unmatched subcell sky130_fd_pr__nfet_01v8_6EHS5V in circuit bootstrap (0)(3 instances)
Flattening unmatched subcell sky130_fd_pr__nfet_05v0_nvt_JFFQEL in circuit bootstrap (0)(1 instance)
Flattening unmatched subcell sky130_fd_pr__nfet_01v8_B2JNY3 in circuit bootstrap (0)(1 instance)
Flattening unmatched subcell sky130_fd_pr__pfet_01v8_CMU2ES in circuit bootstrap (0)(1 instance)

Class bootstrap (0):  Merged 13 parallel devices.
Subcircuit summary:
Circuit 1: bootstrap                       |Circuit 2: bootstrap                       
-------------------------------------------|-------------------------------------------
sky130_fd_sc_hd__inv_4 (2)                 |sky130_fd_sc_hd__inv_4 (2)                 
sky130_fd_pr__nfet_01v8_lvt (1)            |sky130_fd_pr__nfet_01v8_lvt (1)            
sky130_fd_sc_hd__inv_2 (1)                 |sky130_fd_sc_hd__inv_2 (1)                 
sky130_fd_pr__pfet_01v8 (10->4)            |sky130_fd_pr__pfet_01v8 (4)                
sky130_fd_pr__nfet_05v0_nvt (3->2)         |sky130_fd_pr__nfet_05v0_nvt (2)            
sky130_fd_pr__nfet_01v8 (10->4)            |sky130_fd_pr__nfet_01v8 (4)                
Number of devices: 14                      |Number of devices: 14                      
Number of nets: 13                         |Number of nets: 13                         
---------------------------------------------------------------------------------------
Netlists match uniquely.

Subcircuit pins:
Circuit 1: bootstrap                       |Circuit 2: bootstrap                       
-------------------------------------------|-------------------------------------------
VGATE                                      |VGATE                                      
VIN                                        |VIN                                        
SW_ON                                      |SW_ON                                      
VDD                                        |VDD                                        
VSS                                        |VSS                                        
EN                                         |EN                                         
---------------------------------------------------------------------------------------
Cell pin lists are equivalent.
Device classes bootstrap and bootstrap are equivalent.

Final result: Circuits match uniquely.
.
