
===========================================================================
report_checks -unconstrained
===========================================================================
======================= min_tt_025C_1v80 Corner ===================================

Startpoint: vin_p_sw_on (input port clocked by __VIRTUAL_CLK__)
Endpoint: vss_n_o[4] (output port clocked by __VIRTUAL_CLK__)
Path Group: __VIRTUAL_CLK__
Path Type: max

Fanout         Cap        Slew       Delay        Time   Description
---------------------------------------------------------------------------------------------
                      0.000000    0.000000    0.000000   clock __VIRTUAL_CLK__ (rise edge)
                                  0.000000    0.000000   clock network delay (ideal)
                                  2.000000    2.000000 v input external delay
     1    0.004485    0.012516    0.007255    2.007255 v vin_p_sw_on (in)
                                                         vin_p_sw_on (net)
                      0.012516    0.000000    2.007255 v input25/A (sky130_fd_sc_hd__buf_1)
     1    0.023845    0.141171    0.164480    2.171735 v input25/X (sky130_fd_sc_hd__buf_1)
                                                         net25 (net)
                      0.141173    0.000466    2.172201 v _210_/B (sky130_fd_sc_hd__nor3_1)
     2    0.008227    0.284108    0.304084    2.476285 ^ _210_/Y (sky130_fd_sc_hd__nor3_1)
                                                         net39 (net)
                      0.284108    0.000193    2.476478 ^ fanout98/A (sky130_fd_sc_hd__clkbuf_4)
    10    0.057261    0.176466    0.315221    2.791698 ^ fanout98/X (sky130_fd_sc_hd__clkbuf_4)
                                                         net98 (net)
                      0.176485    0.001505    2.793204 ^ _211_/B (sky130_fd_sc_hd__and2_1)
     2    0.014374    0.149890    0.226911    3.020114 ^ _211_/X (sky130_fd_sc_hd__and2_1)
                                                         _058_ (net)
                      0.149890    0.000047    3.020162 ^ fanout95/A (sky130_fd_sc_hd__buf_2)
    10    0.037994    0.187647    0.246446    3.266607 ^ fanout95/X (sky130_fd_sc_hd__buf_2)
                                                         net95 (net)
                      0.187650    0.000658    3.267265 ^ _223_/A (sky130_fd_sc_hd__nor2_1)
     2    0.006089    0.061762    0.091313    3.358578 v _223_/Y (sky130_fd_sc_hd__nor2_1)
                                                         _066_ (net)
                      0.061762    0.000023    3.358601 v _224_/B1 (sky130_fd_sc_hd__a21oi_1)
     1    0.019635    0.422898    0.354816    3.713417 ^ _224_/Y (sky130_fd_sc_hd__a21oi_1)
                                                         net78 (net)
                      0.422899    0.000425    3.713842 ^ output78/A (sky130_fd_sc_hd__buf_2)
     1    0.034568    0.172998    0.293457    4.007299 ^ output78/X (sky130_fd_sc_hd__buf_2)
                                                         vss_n_o[4] (net)
                      0.172999    0.000214    4.007513 ^ vss_n_o[4] (out)
                                              4.007513   data arrival time

                      0.000000   10.000000   10.000000   clock __VIRTUAL_CLK__ (rise edge)
                                  0.000000   10.000000   clock network delay (ideal)
                                 -0.250000    9.750000   clock uncertainty
                                  0.000000    9.750000   clock reconvergence pessimism
                                 -2.000000    7.750000   output external delay
                                              7.750000   data required time
---------------------------------------------------------------------------------------------
                                              7.750000   data required time
                                             -4.007513   data arrival time
---------------------------------------------------------------------------------------------
                                              3.742487   slack (MET)




===========================================================================
report_checks --slack_max -0.01
============================================================================
======================= min_tt_025C_1v80 Corner ===================================

No paths found.


===========================================================================
 report_check_types -max_slew -max_cap -max_fanout -violators
============================================================================
======================= min_tt_025C_1v80 Corner ===================================

max fanout

Pin                                   Limit Fanout  Slack
---------------------------------------------------------
_302_/Y                                  10     11        (VIOLATED)



===========================================================================
report_parasitic_annotation -report_unannotated
============================================================================
Found 0 unannotated drivers.
Found 0 partially unannotated drivers.

===========================================================================
max slew violation count 0
max fanout violation count 1
max cap violation count 0
============================================================================

===========================================================================
check_setup -verbose -unconstrained_endpoints -multiple_clock -no_clock -no_input_delay -loops -generated_clocks
===========================================================================
Warning: There are 28 unclocked register/latch pins.
  _413_/CLK
  _414_/CLK
  _415_/CLK
  _416_/CLK
  _417_/CLK
  _418_/CLK
  _419_/CLK
  _420_/CLK
  _421_/CLK
  _422_/CLK
  _423_/CLK
  _424_/CLK
  _425_/CLK
  _426_/CLK
  _427_/CLK
  _428_/CLK
  _429_/CLK
  _430_/CLK
  _431_/CLK
  _432_/CLK
  _433_/CLK
  _434_/CLK
  _435_/CLK
  _436_/CLK
  _437_/CLK
  _438_/CLK
  _439_/CLK
  _440_/CLK
Warning: There are 36 unconstrained endpoints.
  clk_data
  data[0]
  data[1]
  data[2]
  data[3]
  data[4]
  data[5]
  en_vcm_sw_o
  _413_/D
  _414_/D
  _415_/D
  _416_/D
  _417_/D
  _418_/D
  _419_/D
  _420_/D
  _421_/D
  _422_/D
  _423_/D
  _424_/D
  _425_/D
  _426_/D
  _427_/D
  _428_/D
  _429_/D
  _430_/D
  _431_/D
  _432_/D
  _433_/D
  _434_/D
  _435_/D
  _436_/D
  _437_/D
  _438_/D
  _439_/D
  _440_/D
