
Circuit 1 cell sky130_fd_pr__nfet_01v8 and Circuit 2 cell sky130_fd_pr__nfet_01v8 are black boxes.
Warning: Equate pins:  cell sky130_fd_pr__nfet_01v8 is a placeholder, treated as a black box.
Warning: Equate pins:  cell sky130_fd_pr__nfet_01v8 is a placeholder, treated as a black box.

Subcircuit pins:
Circuit 1: sky130_fd_pr__nfet_01v8         |Circuit 2: sky130_fd_pr__nfet_01v8         
-------------------------------------------|-------------------------------------------
1                                          |1                                          
2                                          |2                                          
3                                          |3                                          
4                                          |4                                          
---------------------------------------------------------------------------------------
Cell pin lists are equivalent.
Device classes sky130_fd_pr__nfet_01v8 and sky130_fd_pr__nfet_01v8 are equivalent.

Circuit 1 cell sky130_fd_pr__nfet_01v8_lvt and Circuit 2 cell sky130_fd_pr__nfet_01v8_lvt are black boxes.
Warning: Equate pins:  cell sky130_fd_pr__nfet_01v8_lvt is a placeholder, treated as a black box.
Warning: Equate pins:  cell sky130_fd_pr__nfet_01v8_lvt is a placeholder, treated as a black box.

Subcircuit pins:
Circuit 1: sky130_fd_pr__nfet_01v8_lvt     |Circuit 2: sky130_fd_pr__nfet_01v8_lvt     
-------------------------------------------|-------------------------------------------
1                                          |1                                          
2                                          |2                                          
3                                          |3                                          
4                                          |4                                          
---------------------------------------------------------------------------------------
Cell pin lists are equivalent.
Device classes sky130_fd_pr__nfet_01v8_lvt and sky130_fd_pr__nfet_01v8_lvt are equivalent.

Circuit 1 cell sky130_fd_pr__pfet_01v8_lvt and Circuit 2 cell sky130_fd_pr__pfet_01v8_lvt are black boxes.
Warning: Equate pins:  cell sky130_fd_pr__pfet_01v8_lvt is a placeholder, treated as a black box.
Warning: Equate pins:  cell sky130_fd_pr__pfet_01v8_lvt is a placeholder, treated as a black box.

Subcircuit pins:
Circuit 1: sky130_fd_pr__pfet_01v8_lvt     |Circuit 2: sky130_fd_pr__pfet_01v8_lvt     
-------------------------------------------|-------------------------------------------
1                                          |1                                          
2                                          |2                                          
3                                          |3                                          
4                                          |4                                          
---------------------------------------------------------------------------------------
Cell pin lists are equivalent.
Device classes sky130_fd_pr__pfet_01v8_lvt and sky130_fd_pr__pfet_01v8_lvt are equivalent.
Flattening unmatched subcell sky130_fd_pr__nfet_01v8_D6PFL8 in circuit switches (0)(1 instance)
Flattening unmatched subcell sky130_fd_pr__nfet_01v8_CA2JC5 in circuit switches (0)(1 instance)
Flattening unmatched subcell sky130_fd_pr__nfet_01v8_BG2JC8 in circuit switches (0)(2 instances)
Flattening unmatched subcell sky130_fd_pr__nfet_01v8_lvt_HYT5PW in circuit switches (0)(1 instance)
Flattening unmatched subcell sky130_fd_pr__pfet_01v8_lvt_BA634A in circuit switches (0)(1 instance)
Flattening unmatched subcell sky130_fd_pr__nfet_01v8_lvt_KJGFCE in circuit switches (0)(1 instance)
Flattening unmatched subcell sky130_fd_pr__nfet_01v8_4AP47J in circuit switches (0)(1 instance)
Flattening unmatched subcell sky130_fd_pr__pfet_01v8_lvt_D3D366 in circuit switches (0)(1 instance)
Flattening unmatched subcell sky130_fd_pr__nfet_01v8_lvt_PPAFQT in circuit switches (0)(1 instance)
Flattening unmatched subcell sky130_fd_pr__nfet_01v8_KJP4PL in circuit switches (0)(1 instance)
Flattening unmatched subcell switch_VCM in circuit switches (1)(1 instance)
Flattening unmatched subcell switch_C10 in circuit switches (1)(1 instance)
Flattening unmatched subcell switch_C9 in circuit switches (1)(1 instance)
Flattening unmatched subcell switch_C8 in circuit switches (1)(1 instance)
Flattening unmatched subcell switch_C7 in circuit switches (1)(1 instance)
Flattening unmatched subcell switch_C6 in circuit switches (1)(1 instance)
Flattening unmatched subcell switch_C5 in circuit switches (1)(6 instances)
Flattening unmatched subcell switch_C0_dummy in circuit switches (1)(1 instance)

Class switches (0):  Merged 59 parallel devices.
Subcircuit summary:
Circuit 1: switches                        |Circuit 2: switches                        
-------------------------------------------|-------------------------------------------
sky130_fd_pr__nfet_01v8 (37->23)           |sky130_fd_pr__nfet_01v8 (23)               
sky130_fd_pr__nfet_01v8_lvt (32->13)       |sky130_fd_pr__nfet_01v8_lvt (13)           
sky130_fd_pr__pfet_01v8_lvt (37->11)       |sky130_fd_pr__pfet_01v8_lvt (11)           
Number of devices: 47                      |Number of devices: 47                      
Number of nets: 55                         |Number of nets: 55                         
---------------------------------------------------------------------------------------
Resolving symmetries by property value.
Resolving symmetries by pin name.
Netlists match uniquely.

Subcircuit pins:
Circuit 1: switches                        |Circuit 2: switches                        
-------------------------------------------|-------------------------------------------
Cbtm_0_dummy                               |Cbtm_0_dummy                               
VCM                                        |VCM                                        
VIN                                        |VIN                                        
EN_VIN                                     |EN_VIN                                     
VSS                                        |VSS                                        
EN_VCM_SW                                  |EN_VCM_SW                                  
VDAC                                       |VDAC                                       
EN_VCM[10]                                 |EN_VCM[10]                                 
EN_VCM[9]                                  |EN_VCM[9]                                  
EN_VCM[8]                                  |EN_VCM[8]                                  
EN_VCM[7]                                  |EN_VCM[7]                                  
EN_VCM[6]                                  |EN_VCM[6]                                  
EN_VCM[4]                                  |EN_VCM[4]                                  
EN_VCM[3]                                  |EN_VCM[3]                                  
EN_VCM[0]                                  |EN_VCM[0]                                  
EN_VCM[2]                                  |EN_VCM[2]                                  
EN_VCM[1]                                  |EN_VCM[1]                                  
EN_VCM[5]                                  |EN_VCM[5]                                  
EN_VREF_Z[10]                              |EN_VREF_Z[10]                              
EN_VREF_Z[9]                               |EN_VREF_Z[9]                               
EN_VREF_Z[8]                               |EN_VREF_Z[8]                               
EN_VREF_Z[7]                               |EN_VREF_Z[7]                               
EN_VREF_Z[6]                               |EN_VREF_Z[6]                               
EN_VREF_Z[4]                               |EN_VREF_Z[4]                               
EN_VREF_Z[0]                               |EN_VREF_Z[0]                               
EN_VREF_Z[2]                               |EN_VREF_Z[2]                               
EN_VREF_Z[1]                               |EN_VREF_Z[1]                               
EN_VREF_Z[5]                               |EN_VREF_Z[5]                               
EN_VREF_Z[3]                               |EN_VREF_Z[3]                               
EN_VSS[10]                                 |EN_VSS[10]                                 
EN_VSS[9]                                  |EN_VSS[9]                                  
EN_VSS[8]                                  |EN_VSS[8]                                  
EN_VSS[7]                                  |EN_VSS[7]                                  
EN_VSS[6]                                  |EN_VSS[6]                                  
EN_VSS[3]                                  |EN_VSS[3]                                  
EN_VSS[4]                                  |EN_VSS[4]                                  
EN_VSS[2]                                  |EN_VSS[2]                                  
EN_VSS[0]                                  |EN_VSS[0]                                  
EN_VSS[1]                                  |EN_VSS[1]                                  
EN_VSS[5]                                  |EN_VSS[5]                                  
EN_VCM_DUMMY                               |EN_VCM_DUMMY                               
Cbtm_10                                    |Cbtm_10                                    
Cbtm_9                                     |Cbtm_9                                     
Cbtm_8                                     |Cbtm_8                                     
Cbtm_7                                     |Cbtm_7                                     
Cbtm_6                                     |Cbtm_6                                     
Cbtm_0                                     |Cbtm_0                                     
Cbtm_3                                     |Cbtm_3                                     
Cbtm_2                                     |Cbtm_2                                     
Cbtm_4                                     |Cbtm_4                                     
Cbtm_1                                     |Cbtm_1                                     
Cbtm_5                                     |Cbtm_5                                     
VDD                                        |VDD                                        
VREF_GND                                   |VREF_GND                                   
VREF                                       |VREF                                       
---------------------------------------------------------------------------------------
Cell pin lists are equivalent.
Device classes switches and switches are equivalent.

Final result: Circuits match uniquely.
.
