Reading OpenROAD database at '/Users/ricardonunes/Desktop/SAR_ADC_12b/SAR_ADC_12bit/state_machine/openlane_backup/runs/RUN_2024-04-06_20-30-09/19-openroad-generatepdn/state_machine.odb'…
Reading library file at '/Users/ricardonunes/.volare/volare/sky130/versions/bdc9412b3e468c102d01b7cf6337be06ec6e9c9a/sky130A/libs.ref/sky130_fd_sc_hd/lib/sky130_fd_sc_hd__tt_025C_1v80.lib'…
Reading design constraints file at '/nix/store/xhwkk1nyrhfgxgb87jl3m1gz0fbr8vi4-python3-3.11.6-env/lib/python3.11/site-packages/openlane/scripts/base.sdc'…
[WARNING STA-0337] port '__VIRTUAL_CLK__' not found.
[INFO] Using clock __VIRTUAL_CLK__…
[INFO] Setting output delay to: 2
[INFO] Setting input delay to: 2
[WARNING STA-0337] port '__VIRTUAL_CLK__' not found.
[INFO] Setting load to: 0.1
[INFO] Setting clock uncertainty to: 0.25
[INFO] Setting clock transition to: 0.1499999999999999944488848768742172978818416595458984375
[WARNING STA-0559] transition time can not be specified for virtual clocks.
[INFO] Setting timing derate to: 5%
[INFO] Setting RC values…
[INFO] Setting signal min routing layer to: met1 and clock min routing layer to met1. 
[INFO] Setting signal max routing layer to: met4 and clock max routing layer to met4. 
{*}-density 0.839175 -timing_driven -routability_driven -skip_io -pad_right 0 -pad_left 0 -init_wirelength_coef 0.25
[WARNING GPL-0150] -skip_io will disable timing driven mode.
[WARNING GPL-0151] -skip_io will disable routability driven mode.
[INFO GPL-0002] DBU: 1000
[INFO GPL-0003] SiteSize: 460 2720
[INFO GPL-0004] CoreAreaLxLy: 5520 10880
[INFO GPL-0005] CoreAreaUxUy: 139380 38080
[INFO GPL-0006] NumInstances: 390
[INFO GPL-0007] NumPlaceInstances: 310
[INFO GPL-0008] NumFixedInstances: 80
[INFO GPL-0009] NumDummyInstances: 0
[INFO GPL-0010] NumNets: 324
[INFO GPL-0011] NumPins: 845
[INFO GPL-0012] DieAreaLxLy: 0 0
[INFO GPL-0013] DieAreaUxUy: 145000 50000
[INFO GPL-0014] CoreAreaLxLy: 5520 10880
[INFO GPL-0015] CoreAreaUxUy: 139380 38080
[INFO GPL-0016] CoreArea: 3640992000
[INFO GPL-0017] NonPlaceInstsArea: 150144000
[INFO GPL-0018] PlaceInstsArea: 2616259200
[INFO GPL-0019] Util(%): 74.95
[INFO GPL-0020] StdInstsArea: 2616259200
[INFO GPL-0021] MacroInstsArea: 0
[INFO GPL-0031] FillerInit: NumGCells: 350
[INFO GPL-0032] FillerInit: NumGNets: 324
[INFO GPL-0033] FillerInit: NumGPins: 845
[INFO GPL-0023] TargetDensity: 0.84
[INFO GPL-0024] AveragePlaceInstArea: 8439545
[INFO GPL-0025] IdealBinArea: 10056955
[INFO GPL-0026] IdealBinCnt: 362
[INFO GPL-0027] TotalBinArea: 3640992000
[INFO GPL-0028] BinCnt: 32 8
[INFO GPL-0029] BinSize: 4184 3400
[INFO GPL-0030] NumBins: 256
[NesterovSolve] Iter: 1 overflow: 0.963809 HPWL: 506472
[NesterovSolve] Iter: 10 overflow: 0.95299 HPWL: 328211
[NesterovSolve] Iter: 20 overflow: 0.953902 HPWL: 317709
[NesterovSolve] Iter: 30 overflow: 0.954223 HPWL: 316387
[NesterovSolve] Iter: 40 overflow: 0.954295 HPWL: 315914
[NesterovSolve] Iter: 50 overflow: 0.954195 HPWL: 315891
[NesterovSolve] Iter: 60 overflow: 0.954082 HPWL: 316102
[NesterovSolve] Iter: 70 overflow: 0.954082 HPWL: 316747
[NesterovSolve] Iter: 80 overflow: 0.954104 HPWL: 317981
[NesterovSolve] Iter: 90 overflow: 0.953945 HPWL: 320215
[NesterovSolve] Iter: 100 overflow: 0.952573 HPWL: 324484
[NesterovSolve] Iter: 110 overflow: 0.948147 HPWL: 332049
[NesterovSolve] Iter: 120 overflow: 0.942486 HPWL: 349371
[NesterovSolve] Iter: 130 overflow: 0.936433 HPWL: 385721
[NesterovSolve] Iter: 140 overflow: 0.916847 HPWL: 436459
[NesterovSolve] Iter: 150 overflow: 0.896932 HPWL: 495997
[NesterovSolve] Iter: 160 overflow: 0.863446 HPWL: 584499
[NesterovSolve] Iter: 170 overflow: 0.815263 HPWL: 656456
[NesterovSolve] Iter: 180 overflow: 0.782695 HPWL: 709810
[NesterovSolve] Iter: 190 overflow: 0.745534 HPWL: 802202
[NesterovSolve] Iter: 200 overflow: 0.699632 HPWL: 923000
[NesterovSolve] Iter: 210 overflow: 0.664517 HPWL: 1012332
[NesterovSolve] Iter: 220 overflow: 0.613012 HPWL: 1125895
[NesterovSolve] Iter: 230 overflow: 0.574675 HPWL: 1243817
[NesterovSolve] Iter: 240 overflow: 0.525636 HPWL: 1378410
[NesterovSolve] Iter: 250 overflow: 0.480804 HPWL: 1483256
[NesterovSolve] Iter: 260 overflow: 0.428931 HPWL: 1584834
[NesterovSolve] Iter: 270 overflow: 0.39414 HPWL: 1650477
[NesterovSolve] Iter: 280 overflow: 0.340468 HPWL: 1675223
[NesterovSolve] Iter: 290 overflow: 0.297126 HPWL: 1708938
[NesterovSolve] Iter: 300 overflow: 0.279181 HPWL: 1727324
[NesterovSolve] Iter: 310 overflow: 0.247402 HPWL: 1752835
[NesterovSolve] Iter: 320 overflow: 0.223928 HPWL: 1762971
[NesterovSolve] Iter: 330 overflow: 0.202895 HPWL: 1790660
[NesterovSolve] Iter: 340 overflow: 0.165464 HPWL: 1795392
[NesterovSolve] Iter: 350 overflow: 0.137656 HPWL: 1808672
[NesterovSolve] Iter: 360 overflow: 0.116929 HPWL: 1819758
[NesterovSolve] Iter: 370 overflow: 0.0993147 HPWL: 1834452
[NesterovSolve] Finished with Overflow: 0.099315
[INFO] Setting RC values…
Setting global connections for newly added cells…
[INFO] Setting global connections...
Writing OpenROAD database to '/Users/ricardonunes/Desktop/SAR_ADC_12b/SAR_ADC_12bit/state_machine/openlane_backup/runs/RUN_2024-04-06_20-30-09/22-openroad-globalplacementskipio/state_machine.odb'…
Writing netlist to '/Users/ricardonunes/Desktop/SAR_ADC_12b/SAR_ADC_12bit/state_machine/openlane_backup/runs/RUN_2024-04-06_20-30-09/22-openroad-globalplacementskipio/state_machine.nl.v'…
Writing powered netlist to '/Users/ricardonunes/Desktop/SAR_ADC_12b/SAR_ADC_12bit/state_machine/openlane_backup/runs/RUN_2024-04-06_20-30-09/22-openroad-globalplacementskipio/state_machine.pnl.v'…
Writing layout to '/Users/ricardonunes/Desktop/SAR_ADC_12b/SAR_ADC_12bit/state_machine/openlane_backup/runs/RUN_2024-04-06_20-30-09/22-openroad-globalplacementskipio/state_machine.def'…
Writing timing constraints to '/Users/ricardonunes/Desktop/SAR_ADC_12b/SAR_ADC_12bit/state_machine/openlane_backup/runs/RUN_2024-04-06_20-30-09/22-openroad-globalplacementskipio/state_machine.sdc'…
