
===========================================================================
report_checks -unconstrained
===========================================================================
======================= min_ss_100C_1v60 Corner ===================================

Startpoint: vin_n_sw_on (input port clocked by __VIRTUAL_CLK__)
Endpoint: vss_n_o[4] (output port clocked by __VIRTUAL_CLK__)
Path Group: __VIRTUAL_CLK__
Path Type: max

Fanout         Cap        Slew       Delay        Time   Description
---------------------------------------------------------------------------------------------
                      0.000000    0.000000    0.000000   clock __VIRTUAL_CLK__ (rise edge)
                                  0.000000    0.000000   clock network delay (ideal)
                                  2.000000    2.000000 v input external delay
     1    0.003361    0.020627    0.010977    2.010977 v vin_n_sw_on (in)
                                                         vin_n_sw_on (net)
                      0.020627    0.000000    2.010977 v input24/A (sky130_fd_sc_hd__buf_1)
     1    0.015666    0.185001    0.244404    2.255381 v input24/X (sky130_fd_sc_hd__buf_1)
                                                         net24 (net)
                      0.185006    0.000836    2.256217 v _214_/A (sky130_fd_sc_hd__or3_2)
     4    0.017740    0.249671    1.299666    3.555884 v _214_/X (sky130_fd_sc_hd__or3_2)
                                                         _059_ (net)
                      0.249672    0.000479    3.556363 v _215_/A (sky130_fd_sc_hd__inv_2)
     4    0.028490    0.220168    0.279886    3.836248 ^ _215_/Y (sky130_fd_sc_hd__inv_2)
                                                         net39 (net)
                      0.220168    0.000203    3.836451 ^ _217_/B (sky130_fd_sc_hd__nand2_1)
     2    0.005602    0.131014    0.196204    4.032655 v _217_/Y (sky130_fd_sc_hd__nand2_1)
                                                         _061_ (net)
                      0.131014    0.000082    4.032736 v fanout95/A (sky130_fd_sc_hd__buf_2)
    10    0.040269    0.189978    0.392558    4.425294 v fanout95/X (sky130_fd_sc_hd__buf_2)
                                                         net95 (net)
                      0.189979    0.000289    4.425583 v _226_/B1 (sky130_fd_sc_hd__o32a_1)
     3    0.015860    0.234761    0.511268    4.936851 v _226_/X (sky130_fd_sc_hd__o32a_1)
                                                         _066_ (net)
                      0.234761    0.000091    4.936942 v _227_/A2 (sky130_fd_sc_hd__o21ai_1)
     1    0.021277    0.700596    0.665695    5.602637 ^ _227_/Y (sky130_fd_sc_hd__o21ai_1)
                                                         net78 (net)
                      0.700596    0.000465    5.603101 ^ output78/A (sky130_fd_sc_hd__buf_2)
     1    0.036854    0.294004    0.604904    6.208005 ^ output78/X (sky130_fd_sc_hd__buf_2)
                                                         vss_n_o[4] (net)
                      0.294005    0.000588    6.208593 ^ vss_n_o[4] (out)
                                              6.208593   data arrival time

                      0.000000   10.000000   10.000000   clock __VIRTUAL_CLK__ (rise edge)
                                  0.000000   10.000000   clock network delay (ideal)
                                 -0.250000    9.750000   clock uncertainty
                                  0.000000    9.750000   clock reconvergence pessimism
                                 -2.000000    7.750000   output external delay
                                              7.750000   data required time
---------------------------------------------------------------------------------------------
                                              7.750000   data required time
                                             -6.208593   data arrival time
---------------------------------------------------------------------------------------------
                                              1.541407   slack (MET)




===========================================================================
report_checks --slack_max -0.01
============================================================================
======================= min_ss_100C_1v60 Corner ===================================

No paths found.


===========================================================================
 report_check_types -max_slew -max_cap -max_fanout -violators
============================================================================
======================= min_ss_100C_1v60 Corner ===================================

max slew

Pin                                        Limit        Slew       Slack
------------------------------------------------------------------------
_352_/Y                                 0.750000    0.777594   -0.027594 (VIOLATED)
output38/A                              0.750000    0.777594   -0.027594 (VIOLATED)



===========================================================================
report_parasitic_annotation -report_unannotated
============================================================================
Found 0 unannotated drivers.
Found 0 partially unannotated drivers.

===========================================================================
max slew violation count 2
max fanout violation count 0
max cap violation count 0
============================================================================

===========================================================================
check_setup -verbose -unconstrained_endpoints -multiple_clock -no_clock -no_input_delay -loops -generated_clocks
===========================================================================
Warning: There are 28 unclocked register/latch pins.
  _419_/CLK
  _420_/CLK
  _421_/CLK
  _422_/CLK
  _423_/CLK
  _424_/CLK
  _425_/CLK
  _426_/CLK
  _427_/CLK
  _428_/CLK
  _429_/CLK
  _430_/CLK
  _431_/CLK
  _432_/CLK
  _433_/CLK
  _434_/CLK
  _435_/CLK
  _436_/CLK
  _437_/CLK
  _438_/CLK
  _439_/CLK
  _440_/CLK
  _441_/CLK
  _442_/CLK
  _443_/CLK
  _444_/CLK
  _445_/CLK
  _446_/CLK
Warning: There are 36 unconstrained endpoints.
  clk_data
  data[0]
  data[1]
  data[2]
  data[3]
  data[4]
  data[5]
  en_vcm_sw_o
  _419_/D
  _420_/D
  _421_/D
  _422_/D
  _423_/D
  _424_/D
  _425_/D
  _426_/D
  _427_/D
  _428_/D
  _429_/D
  _430_/D
  _431_/D
  _432_/D
  _433_/D
  _434_/D
  _435_/D
  _436_/D
  _437_/D
  _438_/D
  _439_/D
  _440_/D
  _441_/D
  _442_/D
  _443_/D
  _444_/D
  _445_/D
  _446_/D
