
===========================================================================
report_checks -unconstrained
===========================================================================
======================= max_tt_025C_1v80 Corner ===================================

Startpoint: RST_Z (input port clocked by __VIRTUAL_CLK__)
Endpoint: DEBUG_OUT (output port clocked by __VIRTUAL_CLK__)
Path Group: __VIRTUAL_CLK__
Path Type: max

Fanout         Cap        Slew       Delay        Time   Description
---------------------------------------------------------------------------------------------
                      0.000000    0.000000    0.000000   clock __VIRTUAL_CLK__ (rise edge)
                                  0.000000    0.000000   clock network delay (ideal)
                                  2.000000    2.000000 ^ input external delay
     1    0.010782    0.054952    0.036693    2.036693 ^ RST_Z (in)
                                                         RST_Z (net)
                      0.054959    0.000000    2.036693 ^ x5/A (sky130_fd_sc_hd__inv_4)
     5    0.022802    0.033548    0.046973    2.083666 v x5/Y (sky130_fd_sc_hd__inv_4)
                                                         RSTi (net)
                      0.033700    0.001798    2.085464 v x3/B (sky130_fd_sc_hd__nor2_1)
     1    0.002677    0.074007    0.075889    2.161353 ^ x3/Y (sky130_fd_sc_hd__nor2_1)
                                                         S_IDLE_Z (net)
                      0.074007    0.000194    2.161547 ^ x1/A (sky130_fd_sc_hd__nand2_1)
     5    0.013198    0.100054    0.107292    2.268839 v x1/Y (sky130_fd_sc_hd__nand2_1)
                                                         IDLE (net)
                      0.100059    0.000552    2.269391 v x10/B (sky130_fd_sc_hd__nand2_1)
     1    0.002601    0.048985    0.083890    2.353281 ^ x10/Y (sky130_fd_sc_hd__nand2_1)
                                                         S_SAMPLE_Z (net)
                      0.048985    0.000120    2.353401 ^ x8/A (sky130_fd_sc_hd__nand2_1)
     1    0.002468    0.029247    0.043473    2.396874 v x8/Y (sky130_fd_sc_hd__nand2_1)
                                                         net4 (net)
                      0.029248    0.000114    2.396988 v x9/A (sky130_fd_sc_hd__nand2_1)
     2    0.008389    0.084949    0.082148    2.479136 ^ x9/Y (sky130_fd_sc_hd__nand2_1)
                                                         net3 (net)
                      0.084953    0.000506    2.479642 ^ x11/A (sky130_fd_sc_hd__inv_2)
     7    0.022003    0.057297    0.072931    2.552573 v x11/Y (sky130_fd_sc_hd__inv_2)
                                                         SAMPLE (net)
                      0.057322    0.000995    2.553568 v x18/A (sky130_fd_sc_hd__nand2_1)
     1    0.004960    0.061515    0.072331    2.625899 ^ x18/Y (sky130_fd_sc_hd__nand2_1)
                                                         S_CONVERT_Z (net)
                      0.061520    0.000403    2.626302 ^ x14/A (sky130_fd_sc_hd__nand2_1)
     1    0.005361    0.048134    0.062632    2.688935 v x14/Y (sky130_fd_sc_hd__nand2_1)
                                                         net7 (net)
                      0.048139    0.000396    2.689330 v x15/A (sky130_fd_sc_hd__nand2_1)
     2    0.010944    0.111777    0.105761    2.795091 ^ x15/Y (sky130_fd_sc_hd__nand2_1)
                                                         net6 (net)
                      0.111783    0.000717    2.795808 ^ x16/A (sky130_fd_sc_hd__inv_2)
    18    0.082016    0.183896    0.175954    2.971762 v x16/Y (sky130_fd_sc_hd__inv_2)
                                                         CONVERT (net)
                      0.184527    0.008968    2.980730 v x23/B (sky130_fd_sc_hd__and2b_1)
     2    0.124218    0.573547    0.628968    3.609699 v x23/X (sky130_fd_sc_hd__and2b_1)
                                                         DAC_SETTLE (net)
                      0.573604    0.004899    3.614597 v x34/A3 (sky130_fd_sc_hd__mux4_1)
     1    0.003367    0.088948    0.666138    4.280735 v x34/X (sky130_fd_sc_hd__mux4_1)
                                                         net18 (net)
                      0.088948    0.000200    4.280935 v x42/A1 (sky130_fd_sc_hd__mux4_4)
     1    0.018604    0.142796    0.653594    4.934528 v x42/X (sky130_fd_sc_hd__mux4_4)
                                                         net19 (net)
                      0.142798    0.001013    4.935542 v x63/A (sky130_fd_sc_hd__inv_8)
     1    0.035748    0.072523    0.113482    5.049024 ^ x63/Y (sky130_fd_sc_hd__inv_8)
                                                         net25 (net)
                      0.072712    0.002857    5.051881 ^ x64/A (sky130_fd_sc_hd__inv_16)
     1    0.106217    0.054639    0.056985    5.108865 v x64/Y (sky130_fd_sc_hd__inv_16)
                                                         DEBUG_OUT (net)
                      0.058330    0.010949    5.119815 v DEBUG_OUT (out)
                                              5.119815   data arrival time

                      0.000000   10.000000   10.000000   clock __VIRTUAL_CLK__ (rise edge)
                                  0.000000   10.000000   clock network delay (ideal)
                                 -0.250000    9.750000   clock uncertainty
                                  0.000000    9.750000   clock reconvergence pessimism
                                 -2.000000    7.750000   output external delay
                                              7.750000   data required time
---------------------------------------------------------------------------------------------
                                              7.750000   data required time
                                             -5.119815   data arrival time
---------------------------------------------------------------------------------------------
                                              2.630185   slack (MET)




===========================================================================
report_checks --slack_max -0.01
============================================================================
======================= max_tt_025C_1v80 Corner ===================================

No paths found.


===========================================================================
 report_check_types -max_slew -max_cap -max_fanout -violators
============================================================================
======================= max_tt_025C_1v80 Corner ===================================

max slew

Pin                                        Limit        Slew       Slack
------------------------------------------------------------------------
DAC_SETTLE                              0.750000    1.103216   -0.353216 (VIOLATED)
x34/A3                                  0.750000    1.103076   -0.353076 (VIOLATED)
x23/X                                   0.750000    1.103046   -0.353046 (VIOLATED)

max fanout

Pin                                   Limit Fanout  Slack
---------------------------------------------------------
x22/Y                                    10     26    -16 (VIOLATED)
x16/Y                                    10     18     -8 (VIOLATED)
COMP_P                                   10     14     -4 (VIOLATED)
x36/X                                    10     12     -2 (VIOLATED)
x62/Y                                    10     12     -2 (VIOLATED)



===========================================================================
report_parasitic_annotation -report_unannotated
============================================================================
Found 0 unannotated drivers.
Found 0 partially unannotated drivers.

===========================================================================
max slew violation count 3
max fanout violation count 5
max cap violation count 0
============================================================================

===========================================================================
check_setup -verbose -unconstrained_endpoints -multiple_clock -no_clock -no_input_delay -loops -generated_clocks
===========================================================================
Warning: There are 25 unclocked register/latch pins.
  x1_0/CLK
  x1_1/CLK
  x1_10/CLK
  x1_11/CLK
  x1_2/CLK
  x1_3/CLK
  x1_4/CLK
  x1_5/CLK
  x1_6/CLK
  x1_7/CLK
  x1_8/CLK
  x1_9/CLK
  x44/CLK
  x5_0/CLK
  x5_1/CLK
  x5_10/CLK
  x5_11/CLK
  x5_2/CLK
  x5_3/CLK
  x5_4/CLK
  x5_5/CLK
  x5_6/CLK
  x5_7/CLK
  x5_8/CLK
  x5_9/CLK
Warning: There are 34 unconstrained endpoints.
  CLK_DATA
  DATA[0]
  DATA[1]
  DATA[2]
  DATA[3]
  DATA[4]
  DATA[5]
  HI
  LO
  x1_0/D
  x1_1/D
  x1_10/D
  x1_11/D
  x1_2/D
  x1_3/D
  x1_4/D
  x1_5/D
  x1_6/D
  x1_7/D
  x1_8/D
  x1_9/D
  x44/D
  x5_0/D
  x5_1/D
  x5_10/D
  x5_11/D
  x5_2/D
  x5_3/D
  x5_4/D
  x5_5/D
  x5_6/D
  x5_7/D
  x5_8/D
  x5_9/D
Warning: There are 7 combinational loops in the design.
  x25/Y
  x24/B
  x24/Y
  x25/A
  | loop cut point
  x25/Y
  --------------------------------
  x14/Y
  x15/A
  x15/Y
  x14/B
  | loop cut point
  x14/Y
  --------------------------------
  x9/Y
  x11/A
  x11/Y
  x18/A
  x18/Y
  x14/A
  x14/Y
  x15/A
  x15/Y
  x16/A
  x16/Y
  x13/A
  x13/X
  x12/A
  x12/Y
  x9/B
  | loop cut point
  x9/Y
  --------------------------------
  x7/X
  x3/A
  x3/Y
  x1/A
  x1/Y
  x10/B
  x10/Y
  x8/A
  x8/Y
  x9/A
  x9/Y
  x11/A
  x11/Y
  x18/A
  x18/Y
  x14/A
  x14/Y
  x15/A
  x15/Y
  x16/A
  x16/Y
  x7/A
  | loop cut point
  x7/X
  --------------------------------
  x1/Y
  x10/B
  x10/Y
  x8/A
  x8/Y
  x9/A
  x9/Y
  x11/A
  x11/Y
  x4/A
  x4/Y
  x2/B
  x2/Y
  x1/B
  | loop cut point
  x1/Y
  --------------------------------
  x8/Y
  x9/A
  x9/Y
  x8/B
  | loop cut point
  x8/Y
  --------------------------------
  x29/X
  x28/A
  x28/Y
  x25/B
  x25/Y
  x26/A
  x26/Y
  x29/B
  | loop cut point
  x29/X
  --------------------------------
