54. Printing statistics.

=== state_machine ===

   Number of wires:                359
   Number of wire bits:            473
   Number of public wires:          31
   Number of public wire bits:     122
   Number of memories:               0
   Number of memory bits:            0
   Number of processes:              0
   Number of cells:                438
     $_ANDNOT_                     132
     $_AND_                         19
     $_MUX_                         79
     $_NAND_                        36
     $_NOR_                         10
     $_NOT_                         27
     $_ORNOT_                       34
     $_OR_                          73
     sky130_fd_sc_hd__dfrtp_2       28

   Area for cell type $_NOT_ is unknown!
   Area for cell type $_AND_ is unknown!
   Area for cell type $_NAND_ is unknown!
   Area for cell type $_OR_ is unknown!
   Area for cell type $_NOR_ is unknown!
   Area for cell type $_ANDNOT_ is unknown!
   Area for cell type $_ORNOT_ is unknown!
   Area for cell type $_MUX_ is unknown!

   Chip area for module '\state_machine': 735.705600

