62. Printing statistics.

=== state_machine ===

   Number of wires:                229
   Number of wire bits:            297
   Number of public wires:          54
   Number of public wire bits:     122
   Number of memories:               0
   Number of memory bits:            0
   Number of processes:              0
   Number of cells:                272
     sky130_fd_sc_hd__a211o_2        1
     sky130_fd_sc_hd__a211oi_2       2
     sky130_fd_sc_hd__a21o_2        11
     sky130_fd_sc_hd__a21oi_2        8
     sky130_fd_sc_hd__a221o_2        2
     sky130_fd_sc_hd__a22o_2        11
     sky130_fd_sc_hd__a2bb2o_2       2
     sky130_fd_sc_hd__a31o_2         8
     sky130_fd_sc_hd__a32o_2         1
     sky130_fd_sc_hd__a41o_2         3
     sky130_fd_sc_hd__and2_2         8
     sky130_fd_sc_hd__and2b_2        2
     sky130_fd_sc_hd__and3_2         6
     sky130_fd_sc_hd__and3b_2        2
     sky130_fd_sc_hd__and4_2         5
     sky130_fd_sc_hd__and4bb_2       2
     sky130_fd_sc_hd__dfrtp_2       28
     sky130_fd_sc_hd__inv_2         31
     sky130_fd_sc_hd__mux2_1        28
     sky130_fd_sc_hd__nand2_2       17
     sky130_fd_sc_hd__nand2b_2       5
     sky130_fd_sc_hd__nand3_2        1
     sky130_fd_sc_hd__nor2_2        34
     sky130_fd_sc_hd__nor3_2         2
     sky130_fd_sc_hd__o211a_2        2
     sky130_fd_sc_hd__o21a_2         2
     sky130_fd_sc_hd__o21ai_2       15
     sky130_fd_sc_hd__o31ai_2        1
     sky130_fd_sc_hd__o32a_2         4
     sky130_fd_sc_hd__or2_2         15
     sky130_fd_sc_hd__or3_2          7
     sky130_fd_sc_hd__or3b_2         3
     sky130_fd_sc_hd__or4_2          1
     sky130_fd_sc_hd__or4b_2         1
     sky130_fd_sc_hd__xor2_2         1

   Chip area for module '\state_machine': 2683.824000

