Reading OpenROAD database at '/Users/ricardonunes/Desktop/SAR_ADC_12b/SAR_ADC_12bit/state_machine/openlane/runs/RUN_2024-04-07_18-29-36/19-openroad-generatepdn/state_machine.odb'…
Reading library file at '/Users/ricardonunes/.volare/volare/sky130/versions/bdc9412b3e468c102d01b7cf6337be06ec6e9c9a/sky130A/libs.ref/sky130_fd_sc_hd/lib/sky130_fd_sc_hd__tt_025C_1v80.lib'…
Reading design constraints file at '/nix/store/xhwkk1nyrhfgxgb87jl3m1gz0fbr8vi4-python3-3.11.6-env/lib/python3.11/site-packages/openlane/scripts/base.sdc'…
[WARNING STA-0337] port '__VIRTUAL_CLK__' not found.
[INFO] Using clock __VIRTUAL_CLK__…
[INFO] Setting output delay to: 2
[INFO] Setting input delay to: 2
[WARNING STA-0337] port '__VIRTUAL_CLK__' not found.
[INFO] Setting load to: 0.033442
[INFO] Setting clock uncertainty to: 0.25
[INFO] Setting clock transition to: 0.1499999999999999944488848768742172978818416595458984375
[WARNING STA-0559] transition time can not be specified for virtual clocks.
[INFO] Setting timing derate to: 5%
[INFO] Setting RC values…
[INFO] Setting signal min routing layer to: met1 and clock min routing layer to met1. 
[INFO] Setting signal max routing layer to: met4 and clock max routing layer to met4. 
{*}-density 0.66323 -timing_driven -routability_driven -skip_io -pad_right 0 -pad_left 0 -init_wirelength_coef 0.25
[WARNING GPL-0150] -skip_io will disable timing driven mode.
[WARNING GPL-0151] -skip_io will disable routability driven mode.
[INFO GPL-0002] DBU: 1000
[INFO GPL-0003] SiteSize: 460 2720
[INFO GPL-0004] CoreAreaLxLy: 5520 10880
[INFO GPL-0005] CoreAreaUxUy: 139380 38080
[INFO GPL-0006] NumInstances: 263
[INFO GPL-0007] NumPlaceInstances: 183
[INFO GPL-0008] NumFixedInstances: 80
[INFO GPL-0009] NumDummyInstances: 0
[INFO GPL-0010] NumNets: 207
[INFO GPL-0011] NumPins: 665
[INFO GPL-0012] DieAreaLxLy: 0 0
[INFO GPL-0013] DieAreaUxUy: 145000 50000
[INFO GPL-0014] CoreAreaLxLy: 5520 10880
[INFO GPL-0015] CoreAreaUxUy: 139380 38080
[INFO GPL-0016] CoreArea: 3640992000
[INFO GPL-0017] NonPlaceInstsArea: 150144000
[INFO GPL-0018] PlaceInstsArea: 1975644800
[INFO GPL-0019] Util(%): 56.59
[INFO GPL-0020] StdInstsArea: 1975644800
[INFO GPL-0021] MacroInstsArea: 0
[INFO GPL-0031] FillerInit: NumGCells: 216
[INFO GPL-0032] FillerInit: NumGNets: 207
[INFO GPL-0033] FillerInit: NumGPins: 665
[INFO GPL-0023] TargetDensity: 0.66
[INFO GPL-0024] AveragePlaceInstArea: 10795873
[INFO GPL-0025] IdealBinArea: 16277721
[INFO GPL-0026] IdealBinCnt: 223
[INFO GPL-0027] TotalBinArea: 3640992000
[INFO GPL-0028] BinCnt: 16 4
[INFO GPL-0029] BinSize: 8367 6800
[INFO GPL-0030] NumBins: 64
[NesterovSolve] Iter: 1 overflow: 0.924521 HPWL: 476738
[NesterovSolve] Iter: 10 overflow: 0.924052 HPWL: 339181
[NesterovSolve] Iter: 20 overflow: 0.924113 HPWL: 337811
[NesterovSolve] Iter: 30 overflow: 0.924129 HPWL: 337648
[NesterovSolve] Iter: 40 overflow: 0.924119 HPWL: 337598
[NesterovSolve] Iter: 50 overflow: 0.924119 HPWL: 337675
[NesterovSolve] Iter: 60 overflow: 0.924116 HPWL: 338172
[NesterovSolve] Iter: 70 overflow: 0.924115 HPWL: 339445
[NesterovSolve] Iter: 80 overflow: 0.924097 HPWL: 342412
[NesterovSolve] Iter: 90 overflow: 0.924013 HPWL: 347319
[NesterovSolve] Iter: 100 overflow: 0.923557 HPWL: 354451
[NesterovSolve] Iter: 110 overflow: 0.922182 HPWL: 361620
[NesterovSolve] Iter: 120 overflow: 0.916209 HPWL: 360581
[NesterovSolve] Iter: 130 overflow: 0.901298 HPWL: 343674
[NesterovSolve] Iter: 140 overflow: 0.887371 HPWL: 349703
[NesterovSolve] Iter: 150 overflow: 0.887371 HPWL: 367230
[NesterovSolve] Iter: 160 overflow: 0.875002 HPWL: 475518
[NesterovSolve] Iter: 170 overflow: 0.817022 HPWL: 626724
[NesterovSolve] Iter: 180 overflow: 0.768203 HPWL: 761198
[NesterovSolve] Iter: 190 overflow: 0.721094 HPWL: 843909
[NesterovSolve] Iter: 200 overflow: 0.668094 HPWL: 981720
[NesterovSolve] Iter: 210 overflow: 0.616464 HPWL: 1084639
[NesterovSolve] Iter: 220 overflow: 0.57009 HPWL: 1226757
[NesterovSolve] Iter: 230 overflow: 0.516021 HPWL: 1345930
[NesterovSolve] Iter: 240 overflow: 0.462086 HPWL: 1459949
[NesterovSolve] Iter: 250 overflow: 0.410894 HPWL: 1631456
[NesterovSolve] Iter: 260 overflow: 0.352263 HPWL: 1749613
[NesterovSolve] Iter: 270 overflow: 0.30855 HPWL: 1809362
[NesterovSolve] Iter: 280 overflow: 0.276341 HPWL: 1873152
[NesterovSolve] Iter: 290 overflow: 0.225093 HPWL: 1919466
[NesterovSolve] Iter: 300 overflow: 0.176734 HPWL: 1940666
[NesterovSolve] Iter: 310 overflow: 0.144919 HPWL: 1946172
[NesterovSolve] Iter: 320 overflow: 0.111616 HPWL: 1970555
[NesterovSolve] Finished with Overflow: 0.098290
[INFO] Setting RC values…
Setting global connections for newly added cells…
[INFO] Setting global connections...
Writing OpenROAD database to '/Users/ricardonunes/Desktop/SAR_ADC_12b/SAR_ADC_12bit/state_machine/openlane/runs/RUN_2024-04-07_18-29-36/22-openroad-globalplacementskipio/state_machine.odb'…
Writing netlist to '/Users/ricardonunes/Desktop/SAR_ADC_12b/SAR_ADC_12bit/state_machine/openlane/runs/RUN_2024-04-07_18-29-36/22-openroad-globalplacementskipio/state_machine.nl.v'…
Writing powered netlist to '/Users/ricardonunes/Desktop/SAR_ADC_12b/SAR_ADC_12bit/state_machine/openlane/runs/RUN_2024-04-07_18-29-36/22-openroad-globalplacementskipio/state_machine.pnl.v'…
Writing layout to '/Users/ricardonunes/Desktop/SAR_ADC_12b/SAR_ADC_12bit/state_machine/openlane/runs/RUN_2024-04-07_18-29-36/22-openroad-globalplacementskipio/state_machine.def'…
Writing timing constraints to '/Users/ricardonunes/Desktop/SAR_ADC_12b/SAR_ADC_12bit/state_machine/openlane/runs/RUN_2024-04-07_18-29-36/22-openroad-globalplacementskipio/state_machine.sdc'…
