Using 8 threads…
Using a tile size of (500 µm)²…
Reading /Users/ricardonunes/Desktop/SAR_ADC_12b/SAR_ADC_12bit/state_machine/openlane/runs/RUN_2024-04-14_20-24-43/53-magic-streamout/state_machine.magic.gds ..
Reading /Users/ricardonunes/Desktop/SAR_ADC_12b/SAR_ADC_12bit/state_machine/openlane/runs/RUN_2024-04-14_20-24-43/54-klayout-streamout/state_machine.klayout.gds ..
--- Running XOR for layer 122/16 ---
"input" in: xor.drc:109
    Polygons (raw): 565 (flat)  58 (hierarchical)
    Elapsed: 0.000s
"input" in: xor.drc:109
    Polygons (raw): 565 (flat)  58 (hierarchical)
    Elapsed: 0.000s
"^" in: xor.drc:109
    Polygons (raw): 0 (flat)  0 (hierarchical)
    Elapsed: 0.010s
XOR differences: 0
"output" in: xor.drc:86
    Polygons (raw): 0 (flat)  0 (hierarchical)
    Elapsed: 0.000s
--- Running XOR for layer 235/4 ---
"input" in: xor.drc:109
    Polygons (raw): 1 (flat)  1 (hierarchical)
    Elapsed: 0.000s
"input" in: xor.drc:109
    Polygons (raw): 1 (flat)  1 (hierarchical)
    Elapsed: 0.000s
"^" in: xor.drc:109
    Polygons (raw): 0 (flat)  0 (hierarchical)
    Elapsed: 0.000s
XOR differences: 0
"output" in: xor.drc:86
    Polygons (raw): 0 (flat)  0 (hierarchical)
    Elapsed: 0.000s
--- Running XOR for layer 236/0 ---
"input" in: xor.drc:109
    Polygons (raw): 466 (flat)  56 (hierarchical)
    Elapsed: 0.000s
"input" in: xor.drc:109
    Polygons (raw): 466 (flat)  56 (hierarchical)
    Elapsed: 0.000s
"^" in: xor.drc:109
    Polygons (raw): 0 (flat)  0 (hierarchical)
    Elapsed: 0.010s
XOR differences: 0
"output" in: xor.drc:86
    Polygons (raw): 0 (flat)  0 (hierarchical)
    Elapsed: 0.000s
--- Running XOR for layer 64/16 ---
"input" in: xor.drc:109
    Polygons (raw): 565 (flat)  58 (hierarchical)
    Elapsed: 0.000s
"input" in: xor.drc:109
    Polygons (raw): 565 (flat)  58 (hierarchical)
    Elapsed: 0.000s
"^" in: xor.drc:109
    Polygons (raw): 0 (flat)  0 (hierarchical)
    Elapsed: 0.010s
XOR differences: 0
"output" in: xor.drc:86
    Polygons (raw): 0 (flat)  0 (hierarchical)
    Elapsed: 0.000s
--- Running XOR for layer 64/20 ---
"input" in: xor.drc:109
    Polygons (raw): 625 (flat)  59 (hierarchical)
    Elapsed: 0.000s
"input" in: xor.drc:109
    Polygons (raw): 625 (flat)  59 (hierarchical)
    Elapsed: 0.000s
"^" in: xor.drc:109
    Polygons (raw): 0 (flat)  0 (hierarchical)
    Elapsed: 0.010s
XOR differences: 0
"output" in: xor.drc:86
    Polygons (raw): 0 (flat)  0 (hierarchical)
    Elapsed: 0.000s
--- Running XOR for layer 64/5 ---
"input" in: xor.drc:109
    Polygons (raw): 0 (flat)  0 (hierarchical)
    Elapsed: 0.000s
"input" in: xor.drc:109
    Polygons (raw): 0 (flat)  0 (hierarchical)
    Elapsed: 0.000s
"^" in: xor.drc:109
    Polygons (raw): 0 (flat)  0 (hierarchical)
    Elapsed: 0.010s
XOR differences: 0
"output" in: xor.drc:86
    Polygons (raw): 0 (flat)  0 (hierarchical)
    Elapsed: 0.000s
--- Running XOR for layer 64/59 ---
"input" in: xor.drc:109
    Polygons (raw): 0 (flat)  0 (hierarchical)
    Elapsed: 0.000s
"input" in: xor.drc:109
    Polygons (raw): 0 (flat)  0 (hierarchical)
    Elapsed: 0.000s
"^" in: xor.drc:109
    Polygons (raw): 0 (flat)  0 (hierarchical)
    Elapsed: 0.010s
XOR differences: 0
"output" in: xor.drc:86
    Polygons (raw): 0 (flat)  0 (hierarchical)
    Elapsed: 0.000s
--- Running XOR for layer 65/20 ---
"input" in: xor.drc:109
    Polygons (raw): 1198 (flat)  165 (hierarchical)
    Elapsed: 0.000s
"input" in: xor.drc:109
    Polygons (raw): 1198 (flat)  165 (hierarchical)
    Elapsed: 0.000s
"^" in: xor.drc:109
    Polygons (raw): 0 (flat)  0 (hierarchical)
    Elapsed: 0.010s
XOR differences: 0
"output" in: xor.drc:86
    Polygons (raw): 0 (flat)  0 (hierarchical)
    Elapsed: 0.000s
--- Running XOR for layer 65/44 ---
"input" in: xor.drc:109
    Polygons (raw): 120 (flat)  2 (hierarchical)
    Elapsed: 0.000s
"input" in: xor.drc:109
    Polygons (raw): 120 (flat)  2 (hierarchical)
    Elapsed: 0.000s
"^" in: xor.drc:109
    Polygons (raw): 0 (flat)  0 (hierarchical)
    Elapsed: 0.000s
XOR differences: 0
"output" in: xor.drc:86
    Polygons (raw): 0 (flat)  0 (hierarchical)
    Elapsed: 0.000s
--- Running XOR for layer 66/20 ---
"input" in: xor.drc:109
    Polygons (raw): 1889 (flat)  277 (hierarchical)
    Elapsed: 0.000s
"input" in: xor.drc:109
    Polygons (raw): 1889 (flat)  277 (hierarchical)
    Elapsed: 0.000s
"^" in: xor.drc:109
    Polygons (raw): 0 (flat)  0 (hierarchical)
    Elapsed: 0.030s
XOR differences: 0
"output" in: xor.drc:86
    Polygons (raw): 0 (flat)  0 (hierarchical)
    Elapsed: 0.000s
--- Running XOR for layer 66/44 ---
"input" in: xor.drc:109
    Polygons (raw): 8710 (flat)  1231 (hierarchical)
    Elapsed: 0.000s
"input" in: xor.drc:109
    Polygons (raw): 8710 (flat)  1231 (hierarchical)
    Elapsed: 0.000s
"^" in: xor.drc:109
    Polygons (raw): 0 (flat)  0 (hierarchical)
    Elapsed: 0.060s
XOR differences: 0
"output" in: xor.drc:86
    Polygons (raw): 0 (flat)  0 (hierarchical)
    Elapsed: 0.000s
--- Running XOR for layer 67/16 ---
"input" in: xor.drc:109
    Polygons (raw): 2701 (flat)  435 (hierarchical)
    Elapsed: 0.000s
"input" in: xor.drc:109
    Polygons (raw): 2701 (flat)  435 (hierarchical)
    Elapsed: 0.000s
"^" in: xor.drc:109
    Polygons (raw): 0 (flat)  0 (hierarchical)
    Elapsed: 0.020s
XOR differences: 0
"output" in: xor.drc:86
    Polygons (raw): 0 (flat)  0 (hierarchical)
    Elapsed: 0.000s
--- Running XOR for layer 67/20 ---
"input" in: xor.drc:109
    Polygons (raw): 5203 (flat)  1715 (hierarchical)
    Elapsed: 0.000s
"input" in: xor.drc:109
    Polygons (raw): 5203 (flat)  504 (hierarchical)
    Elapsed: 0.000s
"^" in: xor.drc:109
    Polygons (raw): 0 (flat)  0 (hierarchical)
    Elapsed: 0.090s
XOR differences: 0
"output" in: xor.drc:86
    Polygons (raw): 0 (flat)  0 (hierarchical)
    Elapsed: 0.000s
--- Running XOR for layer 67/44 ---
"input" in: xor.drc:109
    Polygons (raw): 7312 (flat)  2050 (hierarchical)
    Elapsed: 0.000s
"input" in: xor.drc:109
    Polygons (raw): 7312 (flat)  839 (hierarchical)
    Elapsed: 0.000s
"^" in: xor.drc:109
    Polygons (raw): 0 (flat)  0 (hierarchical)
    Elapsed: 0.050s
XOR differences: 0
"output" in: xor.drc:86
    Polygons (raw): 0 (flat)  0 (hierarchical)
    Elapsed: 0.000s
--- Running XOR for layer 67/5 ---
"input" in: xor.drc:109
    Polygons (raw): 0 (flat)  0 (hierarchical)
    Elapsed: 0.000s
"input" in: xor.drc:109
    Polygons (raw): 0 (flat)  0 (hierarchical)
    Elapsed: 0.000s
"^" in: xor.drc:109
    Polygons (raw): 0 (flat)  0 (hierarchical)
    Elapsed: 0.000s
XOR differences: 0
"output" in: xor.drc:86
    Polygons (raw): 0 (flat)  0 (hierarchical)
    Elapsed: 0.000s
--- Running XOR for layer 68/16 ---
"input" in: xor.drc:109
    Polygons (raw): 1268 (flat)  120 (hierarchical)
    Elapsed: 0.000s
"input" in: xor.drc:109
    Polygons (raw): 1268 (flat)  120 (hierarchical)
    Elapsed: 0.000s
"^" in: xor.drc:109
    Polygons (raw): 0 (flat)  0 (hierarchical)
    Elapsed: 0.020s
XOR differences: 0
"output" in: xor.drc:86
    Polygons (raw): 0 (flat)  0 (hierarchical)
    Elapsed: 0.000s
--- Running XOR for layer 68/20 ---
"input" in: xor.drc:109
    Polygons (raw): 6936 (flat)  5520 (hierarchical)
    Elapsed: 0.000s
"input" in: xor.drc:109
    Polygons (raw): 5953 (flat)  1979 (hierarchical)
    Elapsed: 0.000s
"^" in: xor.drc:109
    Polygons (raw): 0 (flat)  0 (hierarchical)
    Elapsed: 0.070s
XOR differences: 0
"output" in: xor.drc:86
    Polygons (raw): 0 (flat)  0 (hierarchical)
    Elapsed: 0.000s
--- Running XOR for layer 68/44 ---
"input" in: xor.drc:109
    Polygons (raw): 1393 (flat)  1393 (hierarchical)
    Elapsed: 0.000s
"input" in: xor.drc:109
    Polygons (raw): 1393 (flat)  6 (hierarchical)
    Elapsed: 0.000s
"^" in: xor.drc:109
    Polygons (raw): 0 (flat)  0 (hierarchical)
    Elapsed: 0.010s
XOR differences: 0
"output" in: xor.drc:86
    Polygons (raw): 0 (flat)  0 (hierarchical)
    Elapsed: 0.000s
--- Running XOR for layer 68/5 ---
"input" in: xor.drc:109
    Polygons (raw): 0 (flat)  0 (hierarchical)
    Elapsed: 0.000s
"input" in: xor.drc:109
    Polygons (raw): 0 (flat)  0 (hierarchical)
    Elapsed: 0.000s
"^" in: xor.drc:109
    Polygons (raw): 0 (flat)  0 (hierarchical)
    Elapsed: 0.000s
XOR differences: 0
"output" in: xor.drc:86
    Polygons (raw): 0 (flat)  0 (hierarchical)
    Elapsed: 0.000s
--- Running XOR for layer 69/16 ---
"input" in: xor.drc:109
    Polygons (raw): 48 (flat)  48 (hierarchical)
    Elapsed: 0.000s
"input" in: xor.drc:109
    Polygons (raw): 48 (flat)  48 (hierarchical)
    Elapsed: 0.000s
"^" in: xor.drc:109
    Polygons (raw): 0 (flat)  0 (hierarchical)
    Elapsed: 0.000s
XOR differences: 0
"output" in: xor.drc:86
    Polygons (raw): 0 (flat)  0 (hierarchical)
    Elapsed: 0.000s
--- Running XOR for layer 69/20 ---
"input" in: xor.drc:109
    Polygons (raw): 2853 (flat)  2853 (hierarchical)
    Elapsed: 0.000s
"input" in: xor.drc:109
    Polygons (raw): 2787 (flat)  1182 (hierarchical)
    Elapsed: 0.000s
"^" in: xor.drc:109
    Polygons (raw): 0 (flat)  0 (hierarchical)
    Elapsed: 0.040s
XOR differences: 0
"output" in: xor.drc:86
    Polygons (raw): 0 (flat)  0 (hierarchical)
    Elapsed: 0.010s
--- Running XOR for layer 69/44 ---
"input" in: xor.drc:109
    Polygons (raw): 293 (flat)  293 (hierarchical)
    Elapsed: 0.000s
"input" in: xor.drc:109
    Polygons (raw): 293 (flat)  5 (hierarchical)
    Elapsed: 0.000s
"^" in: xor.drc:109
    Polygons (raw): 0 (flat)  0 (hierarchical)
    Elapsed: 0.000s
XOR differences: 0
"output" in: xor.drc:86
    Polygons (raw): 0 (flat)  0 (hierarchical)
    Elapsed: 0.000s
--- Running XOR for layer 69/5 ---
"input" in: xor.drc:109
    Polygons (raw): 0 (flat)  0 (hierarchical)
    Elapsed: 0.000s
"input" in: xor.drc:109
    Polygons (raw): 0 (flat)  0 (hierarchical)
    Elapsed: 0.000s
"^" in: xor.drc:109
    Polygons (raw): 0 (flat)  0 (hierarchical)
    Elapsed: 0.000s
XOR differences: 0
"output" in: xor.drc:86
    Polygons (raw): 0 (flat)  0 (hierarchical)
    Elapsed: 0.000s
--- Running XOR for layer 70/16 ---
"input" in: xor.drc:109
    Polygons (raw): 46 (flat)  46 (hierarchical)
    Elapsed: 0.000s
"input" in: xor.drc:109
    Polygons (raw): 46 (flat)  46 (hierarchical)
    Elapsed: 0.000s
"^" in: xor.drc:109
    Polygons (raw): 0 (flat)  0 (hierarchical)
    Elapsed: 0.010s
XOR differences: 0
"output" in: xor.drc:86
    Polygons (raw): 0 (flat)  0 (hierarchical)
    Elapsed: 0.000s
--- Running XOR for layer 70/20 ---
"input" in: xor.drc:109
    Polygons (raw): 764 (flat)  764 (hierarchical)
    Elapsed: 0.000s
"input" in: xor.drc:109
    Polygons (raw): 505 (flat)  234 (hierarchical)
    Elapsed: 0.000s
"^" in: xor.drc:109
    Polygons (raw): 0 (flat)  0 (hierarchical)
    Elapsed: 0.000s
XOR differences: 0
"output" in: xor.drc:86
    Polygons (raw): 0 (flat)  0 (hierarchical)
    Elapsed: 0.000s
--- Running XOR for layer 70/44 ---
"input" in: xor.drc:109
    Polygons (raw): 48 (flat)  48 (hierarchical)
    Elapsed: 0.000s
"input" in: xor.drc:109
    Polygons (raw): 48 (flat)  5 (hierarchical)
    Elapsed: 0.000s
"^" in: xor.drc:109
    Polygons (raw): 0 (flat)  0 (hierarchical)
    Elapsed: 0.000s
XOR differences: 0
"output" in: xor.drc:86
    Polygons (raw): 0 (flat)  0 (hierarchical)
    Elapsed: 0.000s
--- Running XOR for layer 70/5 ---
"input" in: xor.drc:109
    Polygons (raw): 0 (flat)  0 (hierarchical)
    Elapsed: 0.000s
"input" in: xor.drc:109
    Polygons (raw): 0 (flat)  0 (hierarchical)
    Elapsed: 0.000s
"^" in: xor.drc:109
    Polygons (raw): 0 (flat)  0 (hierarchical)
    Elapsed: 0.000s
XOR differences: 0
"output" in: xor.drc:86
    Polygons (raw): 0 (flat)  0 (hierarchical)
    Elapsed: 0.000s
--- Running XOR for layer 71/16 ---
"input" in: xor.drc:109
    Polygons (raw): 2 (flat)  2 (hierarchical)
    Elapsed: 0.000s
"input" in: xor.drc:109
    Polygons (raw): 2 (flat)  2 (hierarchical)
    Elapsed: 0.000s
"^" in: xor.drc:109
    Polygons (raw): 0 (flat)  0 (hierarchical)
    Elapsed: 0.000s
XOR differences: 0
"output" in: xor.drc:86
    Polygons (raw): 0 (flat)  0 (hierarchical)
    Elapsed: 0.000s
--- Running XOR for layer 71/20 ---
"input" in: xor.drc:109
    Polygons (raw): 8 (flat)  8 (hierarchical)
    Elapsed: 0.000s
"input" in: xor.drc:109
    Polygons (raw): 21 (flat)  8 (hierarchical)
    Elapsed: 0.000s
"^" in: xor.drc:109
    Polygons (raw): 0 (flat)  0 (hierarchical)
    Elapsed: 0.010s
XOR differences: 0
"output" in: xor.drc:86
    Polygons (raw): 0 (flat)  0 (hierarchical)
    Elapsed: 0.000s
--- Running XOR for layer 71/5 ---
"input" in: xor.drc:109
    Polygons (raw): 0 (flat)  0 (hierarchical)
    Elapsed: 0.000s
"input" in: xor.drc:109
    Polygons (raw): 0 (flat)  0 (hierarchical)
    Elapsed: 0.000s
"^" in: xor.drc:109
    Polygons (raw): 0 (flat)  0 (hierarchical)
    Elapsed: 0.000s
XOR differences: 0
"output" in: xor.drc:86
    Polygons (raw): 0 (flat)  0 (hierarchical)
    Elapsed: 0.000s
--- Running XOR for layer 78/44 ---
"input" in: xor.drc:109
    Polygons (raw): 689 (flat)  65 (hierarchical)
    Elapsed: 0.000s
"input" in: xor.drc:109
    Polygons (raw): 689 (flat)  65 (hierarchical)
    Elapsed: 0.000s
"^" in: xor.drc:109
    Polygons (raw): 0 (flat)  0 (hierarchical)
    Elapsed: 0.010s
XOR differences: 0
"output" in: xor.drc:86
    Polygons (raw): 0 (flat)  0 (hierarchical)
    Elapsed: 0.000s
--- Running XOR for layer 81/23 ---
"input" in: xor.drc:109
    Polygons (raw): 6 (flat)  1 (hierarchical)
    Elapsed: 0.000s
"input" in: xor.drc:109
    Polygons (raw): 6 (flat)  1 (hierarchical)
    Elapsed: 0.000s
"^" in: xor.drc:109
    Polygons (raw): 0 (flat)  0 (hierarchical)
    Elapsed: 0.010s
XOR differences: 0
"output" in: xor.drc:86
    Polygons (raw): 0 (flat)  0 (hierarchical)
    Elapsed: 0.000s
--- Running XOR for layer 81/4 ---
"input" in: xor.drc:109
    Polygons (raw): 625 (flat)  59 (hierarchical)
    Elapsed: 0.000s
"input" in: xor.drc:109
    Polygons (raw): 625 (flat)  59 (hierarchical)
    Elapsed: 0.000s
"^" in: xor.drc:109
    Polygons (raw): 0 (flat)  0 (hierarchical)
    Elapsed: 0.010s
XOR differences: 0
"output" in: xor.drc:86
    Polygons (raw): 0 (flat)  0 (hierarchical)
    Elapsed: 0.000s
--- Running XOR for layer 83/44 ---
"input" in: xor.drc:109
    Polygons (raw): 0 (flat)  0 (hierarchical)
    Elapsed: 0.000s
"input" in: xor.drc:109
    Polygons (raw): 0 (flat)  0 (hierarchical)
    Elapsed: 0.000s
"^" in: xor.drc:109
    Polygons (raw): 0 (flat)  0 (hierarchical)
    Elapsed: 0.000s
XOR differences: 0
"output" in: xor.drc:86
    Polygons (raw): 0 (flat)  0 (hierarchical)
    Elapsed: 0.000s
--- Running XOR for layer 93/44 ---
"input" in: xor.drc:109
    Polygons (raw): 685 (flat)  60 (hierarchical)
    Elapsed: 0.000s
"input" in: xor.drc:109
    Polygons (raw): 685 (flat)  60 (hierarchical)
    Elapsed: 0.000s
"^" in: xor.drc:109
    Polygons (raw): 0 (flat)  0 (hierarchical)
    Elapsed: 0.010s
XOR differences: 0
"output" in: xor.drc:86
    Polygons (raw): 0 (flat)  0 (hierarchical)
    Elapsed: 0.000s
--- Running XOR for layer 94/20 ---
"input" in: xor.drc:109
    Polygons (raw): 685 (flat)  60 (hierarchical)
    Elapsed: 0.000s
"input" in: xor.drc:109
    Polygons (raw): 685 (flat)  60 (hierarchical)
    Elapsed: 0.000s
"^" in: xor.drc:109
    Polygons (raw): 0 (flat)  0 (hierarchical)
    Elapsed: 0.020s
XOR differences: 0
"output" in: xor.drc:86
    Polygons (raw): 0 (flat)  0 (hierarchical)
    Elapsed: 0.000s
--- Running XOR for layer 95/20 ---
"input" in: xor.drc:109
    Polygons (raw): 520 (flat)  67 (hierarchical)
    Elapsed: 0.000s
"input" in: xor.drc:109
    Polygons (raw): 520 (flat)  67 (hierarchical)
    Elapsed: 0.000s
"^" in: xor.drc:109
    Polygons (raw): 0 (flat)  0 (hierarchical)
    Elapsed: 0.010s
XOR differences: 0
"output" in: xor.drc:86
    Polygons (raw): 0 (flat)  0 (hierarchical)
    Elapsed: 0.000s
---
Total XOR differences: 0
Writing report database: /Users/ricardonunes/Desktop/SAR_ADC_12b/SAR_ADC_12bit/state_machine/openlane/runs/RUN_2024-04-14_20-24-43/57-klayout-xor/xor.xml ..
Total elapsed: 0.620s
/Users/ricardonunes/Desktop/SAR_ADC_12b/SAR_ADC_12bit/state_machine/openlane/runs/RUN_2024-04-14_20-24-43/53-magic-streamout/state_machine.magic.gds
/Users/ricardonunes/Desktop/SAR_ADC_12b/SAR_ADC_12bit/state_machine/openlane/runs/RUN_2024-04-14_20-24-43/54-klayout-streamout/state_machine.klayout.gds
%OL_METRIC_I design__xor_difference__count 0
